{"/home/kagabo/banka1/Banka/server/tests/testAccount.js":{"path":"/home/kagabo/banka1/Banka/server/tests/testAccount.js","statementMap":{},"fnMap":{},"branchMap":{},"s":{},"f":{},"b":{},"_coverageSchema":"43e27e138ebf9cfc5966b082cf9a028302ed4184","hash":"e9d600b658ba14672a569beeb7658b42bed02f09","contentHash":"95273c0adc6fbbe8289bad08e47432b3ddef7d6e387cc46b129f1b7d08dc5b34"},"/home/kagabo/banka1/Banka/server/tests/testTransaction.js":{"path":"/home/kagabo/banka1/Banka/server/tests/testTransaction.js","statementMap":{},"fnMap":{},"branchMap":{},"s":{},"f":{},"b":{},"_coverageSchema":"43e27e138ebf9cfc5966b082cf9a028302ed4184","hash":"489177eade7d643056190394d1e5d6d2bcce6895","contentHash":"4beddff901654015d1f54637d9e819cbe38c891e67df1814e80df70e0c9ad279"},"/home/kagabo/banka1/Banka/server/tests/testUser.js":{"path":"/home/kagabo/banka1/Banka/server/tests/testUser.js","statementMap":{"0":{"start":{"line":3,"column":12},"end":{"line":3,"column":27}},"1":{"start":{"line":5,"column":13},"end":{"line":5,"column":42}},"2":{"start":{"line":7,"column":16},"end":{"line":7,"column":36}},"3":{"start":{"line":9,"column":17},"end":{"line":9,"column":50}},"4":{"start":{"line":11,"column":11},"end":{"line":11,"column":28}},"5":{"start":{"line":13,"column":12},"end":{"line":13,"column":40}},"6":{"start":{"line":15,"column":39},"end":{"line":15,"column":93}},"7":{"start":{"line":17,"column":0},"end":{"line":17,"column":39}},"8":{"start":{"line":18,"column":0},"end":{"line":18,"column":24}},"9":{"start":{"line":20,"column":12},"end":{"line":20,"column":14}},"10":{"start":{"line":21,"column":22},"end":{"line":21,"column":24}},"11":{"start":{"line":22,"column":17},"end":{"line":22,"column":19}},"12":{"start":{"line":23,"column":0},"end":{"line":179,"column":3}},"13":{"start":{"line":24,"column":4},"end":{"line":135,"column":7}},"14":{"start":{"line":25,"column":8},"end":{"line":38,"column":11}},"15":{"start":{"line":26,"column":23},"end":{"line":31,"column":13}},"16":{"start":{"line":32,"column":12},"end":{"line":37,"column":15}},"17":{"start":{"line":33,"column":16},"end":{"line":33,"column":44}},"18":{"start":{"line":34,"column":16},"end":{"line":34,"column":47}},"19":{"start":{"line":35,"column":16},"end":{"line":35,"column":39}},"20":{"start":{"line":36,"column":16},"end":{"line":36,"column":23}},"21":{"start":{"line":39,"column":8},"end":{"line":52,"column":11}},"22":{"start":{"line":40,"column":23},"end":{"line":45,"column":13}},"23":{"start":{"line":46,"column":12},"end":{"line":51,"column":15}},"24":{"start":{"line":47,"column":16},"end":{"line":47,"column":44}},"25":{"start":{"line":48,"column":16},"end":{"line":48,"column":47}},"26":{"start":{"line":49,"column":16},"end":{"line":49,"column":39}},"27":{"start":{"line":50,"column":16},"end":{"line":50,"column":23}},"28":{"start":{"line":53,"column":8},"end":{"line":64,"column":11}},"29":{"start":{"line":54,"column":23},"end":{"line":57,"column":13}},"30":{"start":{"line":58,"column":12},"end":{"line":63,"column":15}},"31":{"start":{"line":59,"column":16},"end":{"line":59,"column":44}},"32":{"start":{"line":60,"column":16},"end":{"line":60,"column":47}},"33":{"start":{"line":61,"column":16},"end":{"line":61,"column":49}},"34":{"start":{"line":62,"column":16},"end":{"line":62,"column":23}},"35":{"start":{"line":65,"column":8},"end":{"line":76,"column":11}},"36":{"start":{"line":66,"column":23},"end":{"line":69,"column":13}},"37":{"start":{"line":70,"column":12},"end":{"line":75,"column":15}},"38":{"start":{"line":71,"column":16},"end":{"line":71,"column":44}},"39":{"start":{"line":72,"column":16},"end":{"line":72,"column":47}},"40":{"start":{"line":73,"column":16},"end":{"line":73,"column":49}},"41":{"start":{"line":74,"column":16},"end":{"line":74,"column":23}},"42":{"start":{"line":77,"column":8},"end":{"line":89,"column":11}},"43":{"start":{"line":78,"column":23},"end":{"line":81,"column":13}},"44":{"start":{"line":82,"column":12},"end":{"line":88,"column":15}},"45":{"start":{"line":83,"column":16},"end":{"line":83,"column":44}},"46":{"start":{"line":84,"column":16},"end":{"line":84,"column":47}},"47":{"start":{"line":85,"column":16},"end":{"line":85,"column":38}},"48":{"start":{"line":86,"column":16},"end":{"line":86,"column":44}},"49":{"start":{"line":87,"column":16},"end":{"line":87,"column":23}},"50":{"start":{"line":91,"column":8},"end":{"line":104,"column":11}},"51":{"start":{"line":92,"column":23},"end":{"line":97,"column":13}},"52":{"start":{"line":98,"column":12},"end":{"line":103,"column":15}},"53":{"start":{"line":99,"column":16},"end":{"line":99,"column":44}},"54":{"start":{"line":100,"column":16},"end":{"line":100,"column":47}},"55":{"start":{"line":101,"column":16},"end":{"line":101,"column":39}},"56":{"start":{"line":102,"column":16},"end":{"line":102,"column":23}},"57":{"start":{"line":105,"column":8},"end":{"line":118,"column":11}},"58":{"start":{"line":106,"column":23},"end":{"line":111,"column":13}},"59":{"start":{"line":112,"column":12},"end":{"line":117,"column":15}},"60":{"start":{"line":113,"column":16},"end":{"line":113,"column":44}},"61":{"start":{"line":114,"column":16},"end":{"line":114,"column":47}},"62":{"start":{"line":115,"column":16},"end":{"line":115,"column":39}},"63":{"start":{"line":116,"column":16},"end":{"line":116,"column":23}},"64":{"start":{"line":119,"column":8},"end":{"line":134,"column":11}},"65":{"start":{"line":120,"column":23},"end":{"line":125,"column":13}},"66":{"start":{"line":126,"column":12},"end":{"line":133,"column":15}},"67":{"start":{"line":127,"column":16},"end":{"line":127,"column":44}},"68":{"start":{"line":128,"column":16},"end":{"line":128,"column":47}},"69":{"start":{"line":129,"column":16},"end":{"line":129,"column":39}},"70":{"start":{"line":130,"column":16},"end":{"line":130,"column":65}},"71":{"start":{"line":131,"column":16},"end":{"line":131,"column":116}},"72":{"start":{"line":132,"column":16},"end":{"line":132,"column":23}},"73":{"start":{"line":137,"column":4},"end":{"line":178,"column":7}},"74":{"start":{"line":138,"column":8},"end":{"line":147,"column":11}},"75":{"start":{"line":139,"column":23},"end":{"line":141,"column":13}},"76":{"start":{"line":142,"column":12},"end":{"line":146,"column":15}},"77":{"start":{"line":143,"column":16},"end":{"line":143,"column":44}},"78":{"start":{"line":144,"column":16},"end":{"line":144,"column":47}},"79":{"start":{"line":145,"column":16},"end":{"line":145,"column":23}},"80":{"start":{"line":148,"column":8},"end":{"line":157,"column":11}},"81":{"start":{"line":149,"column":23},"end":{"line":151,"column":13}},"82":{"start":{"line":152,"column":12},"end":{"line":156,"column":15}},"83":{"start":{"line":153,"column":16},"end":{"line":153,"column":44}},"84":{"start":{"line":154,"column":16},"end":{"line":154,"column":47}},"85":{"start":{"line":155,"column":16},"end":{"line":155,"column":23}},"86":{"start":{"line":158,"column":8},"end":{"line":167,"column":11}},"87":{"start":{"line":159,"column":23},"end":{"line":161,"column":13}},"88":{"start":{"line":162,"column":12},"end":{"line":166,"column":15}},"89":{"start":{"line":163,"column":16},"end":{"line":163,"column":44}},"90":{"start":{"line":164,"column":16},"end":{"line":164,"column":47}},"91":{"start":{"line":165,"column":16},"end":{"line":165,"column":23}},"92":{"start":{"line":168,"column":8},"end":{"line":177,"column":11}},"93":{"start":{"line":169,"column":23},"end":{"line":171,"column":13}},"94":{"start":{"line":172,"column":12},"end":{"line":176,"column":15}},"95":{"start":{"line":173,"column":16},"end":{"line":173,"column":44}},"96":{"start":{"line":174,"column":16},"end":{"line":174,"column":47}},"97":{"start":{"line":175,"column":16},"end":{"line":175,"column":23}}},"fnMap":{"0":{"name":"_interopRequireDefault","decl":{"start":{"line":15,"column":9},"end":{"line":15,"column":31}},"loc":{"start":{"line":15,"column":37},"end":{"line":15,"column":95}},"line":15},"1":{"name":"(anonymous_1)","decl":{"start":{"line":23,"column":18},"end":{"line":23,"column":19}},"loc":{"start":{"line":23,"column":30},"end":{"line":179,"column":1}},"line":23},"2":{"name":"(anonymous_2)","decl":{"start":{"line":24,"column":23},"end":{"line":24,"column":24}},"loc":{"start":{"line":24,"column":35},"end":{"line":135,"column":5}},"line":24},"3":{"name":"(anonymous_3)","decl":{"start":{"line":25,"column":47},"end":{"line":25,"column":48}},"loc":{"start":{"line":25,"column":63},"end":{"line":38,"column":9}},"line":25},"4":{"name":"(anonymous_4)","decl":{"start":{"line":32,"column":93},"end":{"line":32,"column":94}},"loc":{"start":{"line":32,"column":113},"end":{"line":37,"column":13}},"line":32},"5":{"name":"(anonymous_5)","decl":{"start":{"line":39,"column":89},"end":{"line":39,"column":90}},"loc":{"start":{"line":39,"column":105},"end":{"line":52,"column":9}},"line":39},"6":{"name":"(anonymous_6)","decl":{"start":{"line":46,"column":93},"end":{"line":46,"column":94}},"loc":{"start":{"line":46,"column":113},"end":{"line":51,"column":13}},"line":46},"7":{"name":"(anonymous_7)","decl":{"start":{"line":53,"column":44},"end":{"line":53,"column":45}},"loc":{"start":{"line":53,"column":60},"end":{"line":64,"column":9}},"line":53},"8":{"name":"(anonymous_8)","decl":{"start":{"line":58,"column":93},"end":{"line":58,"column":94}},"loc":{"start":{"line":58,"column":113},"end":{"line":63,"column":13}},"line":58},"9":{"name":"(anonymous_9)","decl":{"start":{"line":65,"column":48},"end":{"line":65,"column":49}},"loc":{"start":{"line":65,"column":64},"end":{"line":76,"column":9}},"line":65},"10":{"name":"(anonymous_10)","decl":{"start":{"line":70,"column":93},"end":{"line":70,"column":94}},"loc":{"start":{"line":70,"column":113},"end":{"line":75,"column":13}},"line":70},"11":{"name":"(anonymous_11)","decl":{"start":{"line":77,"column":37},"end":{"line":77,"column":38}},"loc":{"start":{"line":77,"column":53},"end":{"line":89,"column":9}},"line":77},"12":{"name":"(anonymous_12)","decl":{"start":{"line":82,"column":93},"end":{"line":82,"column":94}},"loc":{"start":{"line":82,"column":113},"end":{"line":88,"column":13}},"line":82},"13":{"name":"(anonymous_13)","decl":{"start":{"line":91,"column":47},"end":{"line":91,"column":48}},"loc":{"start":{"line":91,"column":63},"end":{"line":104,"column":9}},"line":91},"14":{"name":"(anonymous_14)","decl":{"start":{"line":98,"column":144},"end":{"line":98,"column":145}},"loc":{"start":{"line":98,"column":164},"end":{"line":103,"column":13}},"line":98},"15":{"name":"(anonymous_15)","decl":{"start":{"line":105,"column":46},"end":{"line":105,"column":47}},"loc":{"start":{"line":105,"column":62},"end":{"line":118,"column":9}},"line":105},"16":{"name":"(anonymous_16)","decl":{"start":{"line":112,"column":144},"end":{"line":112,"column":145}},"loc":{"start":{"line":112,"column":164},"end":{"line":117,"column":13}},"line":112},"17":{"name":"(anonymous_17)","decl":{"start":{"line":119,"column":58},"end":{"line":119,"column":59}},"loc":{"start":{"line":119,"column":74},"end":{"line":134,"column":9}},"line":119},"18":{"name":"(anonymous_18)","decl":{"start":{"line":126,"column":144},"end":{"line":126,"column":145}},"loc":{"start":{"line":126,"column":164},"end":{"line":133,"column":13}},"line":126},"19":{"name":"(anonymous_19)","decl":{"start":{"line":137,"column":25},"end":{"line":137,"column":26}},"loc":{"start":{"line":137,"column":37},"end":{"line":178,"column":5}},"line":137},"20":{"name":"(anonymous_20)","decl":{"start":{"line":138,"column":30},"end":{"line":138,"column":31}},"loc":{"start":{"line":138,"column":46},"end":{"line":147,"column":9}},"line":138},"21":{"name":"(anonymous_21)","decl":{"start":{"line":142,"column":157},"end":{"line":142,"column":158}},"loc":{"start":{"line":142,"column":177},"end":{"line":146,"column":13}},"line":142},"22":{"name":"(anonymous_22)","decl":{"start":{"line":148,"column":31},"end":{"line":148,"column":32}},"loc":{"start":{"line":148,"column":47},"end":{"line":157,"column":9}},"line":148},"23":{"name":"(anonymous_23)","decl":{"start":{"line":152,"column":159},"end":{"line":152,"column":160}},"loc":{"start":{"line":152,"column":179},"end":{"line":156,"column":13}},"line":152},"24":{"name":"(anonymous_24)","decl":{"start":{"line":158,"column":31},"end":{"line":158,"column":32}},"loc":{"start":{"line":158,"column":47},"end":{"line":167,"column":9}},"line":158},"25":{"name":"(anonymous_25)","decl":{"start":{"line":162,"column":159},"end":{"line":162,"column":160}},"loc":{"start":{"line":162,"column":179},"end":{"line":166,"column":13}},"line":162},"26":{"name":"(anonymous_26)","decl":{"start":{"line":168,"column":31},"end":{"line":168,"column":32}},"loc":{"start":{"line":168,"column":47},"end":{"line":177,"column":9}},"line":168},"27":{"name":"(anonymous_27)","decl":{"start":{"line":172,"column":159},"end":{"line":172,"column":160}},"loc":{"start":{"line":172,"column":179},"end":{"line":176,"column":13}},"line":172}},"branchMap":{"0":{"loc":{"start":{"line":15,"column":46},"end":{"line":15,"column":92}},"type":"cond-expr","locations":[{"start":{"line":15,"column":70},"end":{"line":15,"column":73}},{"start":{"line":15,"column":76},"end":{"line":15,"column":92}}],"line":15},"1":{"loc":{"start":{"line":15,"column":46},"end":{"line":15,"column":67}},"type":"binary-expr","locations":[{"start":{"line":15,"column":46},"end":{"line":15,"column":49}},{"start":{"line":15,"column":53},"end":{"line":15,"column":67}}],"line":15}},"s":{"0":1,"1":1,"2":1,"3":1,"4":1,"5":1,"6":3,"7":1,"8":1,"9":1,"10":1,"11":1,"12":1,"13":1,"14":1,"15":1,"16":1,"17":1,"18":1,"19":1,"20":1,"21":1,"22":1,"23":1,"24":1,"25":1,"26":1,"27":1,"28":1,"29":1,"30":1,"31":1,"32":1,"33":1,"34":1,"35":1,"36":1,"37":1,"38":1,"39":1,"40":1,"41":1,"42":1,"43":1,"44":1,"45":1,"46":1,"47":1,"48":1,"49":1,"50":1,"51":1,"52":1,"53":1,"54":1,"55":1,"56":1,"57":1,"58":1,"59":1,"60":1,"61":1,"62":1,"63":1,"64":1,"65":1,"66":1,"67":1,"68":1,"69":1,"70":1,"71":1,"72":1,"73":1,"74":1,"75":1,"76":1,"77":1,"78":1,"79":1,"80":1,"81":1,"82":1,"83":1,"84":1,"85":1,"86":1,"87":1,"88":1,"89":1,"90":1,"91":1,"92":1,"93":1,"94":1,"95":1,"96":1,"97":1},"f":{"0":3,"1":1,"2":1,"3":1,"4":1,"5":1,"6":1,"7":1,"8":1,"9":1,"10":1,"11":1,"12":1,"13":1,"14":1,"15":1,"16":1,"17":1,"18":1,"19":1,"20":1,"21":1,"22":1,"23":1,"24":1,"25":1,"26":1,"27":1},"b":{"0":[1,2],"1":[3,3]},"_coverageSchema":"43e27e138ebf9cfc5966b082cf9a028302ed4184","hash":"297966f1d6cd77f66abca4a488839dffd9e2473a","contentHash":"f97edfdd958d408e0af7a514c4e3e2da811a1fa389a68a529e994ce053af7b73"},"/home/kagabo/banka1/Banka/server/app.js":{"path":"/home/kagabo/banka1/Banka/server/app.js","statementMap":{"0":{"start":{"line":3,"column":0},"end":{"line":5,"column":3}},"1":{"start":{"line":7,"column":15},"end":{"line":7,"column":33}},"2":{"start":{"line":9,"column":16},"end":{"line":9,"column":48}},"3":{"start":{"line":11,"column":18},"end":{"line":11,"column":40}},"4":{"start":{"line":13,"column":19},"end":{"line":13,"column":54}},"5":{"start":{"line":15,"column":26},"end":{"line":15,"column":64}},"6":{"start":{"line":17,"column":27},"end":{"line":17,"column":70}},"7":{"start":{"line":19,"column":19},"end":{"line":19,"column":50}},"8":{"start":{"line":21,"column":20},"end":{"line":21,"column":56}},"9":{"start":{"line":23,"column":22},"end":{"line":23,"column":56}},"10":{"start":{"line":25,"column":23},"end":{"line":25,"column":62}},"11":{"start":{"line":27,"column":12},"end":{"line":27,"column":27}},"12":{"start":{"line":29,"column":13},"end":{"line":29,"column":42}},"13":{"start":{"line":31,"column":39},"end":{"line":31,"column":93}},"14":{"start":{"line":33,"column":10},"end":{"line":33,"column":34}},"15":{"start":{"line":35,"column":0},"end":{"line":35,"column":37}},"16":{"start":{"line":36,"column":0},"end":{"line":36,"column":62}},"17":{"start":{"line":37,"column":0},"end":{"line":37,"column":38}},"18":{"start":{"line":38,"column":0},"end":{"line":38,"column":31}},"19":{"start":{"line":39,"column":0},"end":{"line":39,"column":34}},"20":{"start":{"line":40,"column":0},"end":{"line":40,"column":75}},"21":{"start":{"line":42,"column":11},"end":{"line":42,"column":35}},"22":{"start":{"line":44,"column":0},"end":{"line":46,"column":3}},"23":{"start":{"line":45,"column":4},"end":{"line":45,"column":58}},"24":{"start":{"line":48,"column":0},"end":{"line":48,"column":22}}},"fnMap":{"0":{"name":"_interopRequireDefault","decl":{"start":{"line":31,"column":9},"end":{"line":31,"column":31}},"loc":{"start":{"line":31,"column":37},"end":{"line":31,"column":95}},"line":31},"1":{"name":"(anonymous_1)","decl":{"start":{"line":44,"column":17},"end":{"line":44,"column":18}},"loc":{"start":{"line":44,"column":29},"end":{"line":46,"column":1}},"line":44}},"branchMap":{"0":{"loc":{"start":{"line":31,"column":46},"end":{"line":31,"column":92}},"type":"cond-expr","locations":[{"start":{"line":31,"column":70},"end":{"line":31,"column":73}},{"start":{"line":31,"column":76},"end":{"line":31,"column":92}}],"line":31},"1":{"loc":{"start":{"line":31,"column":46},"end":{"line":31,"column":67}},"type":"binary-expr","locations":[{"start":{"line":31,"column":46},"end":{"line":31,"column":49}},{"start":{"line":31,"column":53},"end":{"line":31,"column":67}}],"line":31},"2":{"loc":{"start":{"line":42,"column":11},"end":{"line":42,"column":35}},"type":"binary-expr","locations":[{"start":{"line":42,"column":11},"end":{"line":42,"column":27}},{"start":{"line":42,"column":31},"end":{"line":42,"column":35}}],"line":42}},"s":{"0":1,"1":1,"2":1,"3":1,"4":1,"5":1,"6":1,"7":1,"8":1,"9":1,"10":1,"11":1,"12":1,"13":6,"14":1,"15":1,"16":1,"17":1,"18":1,"19":1,"20":1,"21":1,"22":1,"23":1,"24":1},"f":{"0":6,"1":1},"b":{"0":[3,3],"1":[6,6],"2":[1,1]},"_coverageSchema":"43e27e138ebf9cfc5966b082cf9a028302ed4184","hash":"76399b37925d5623669ef4166b5ef4abd8562b5b","contentHash":"5609b56e7ee91b90f56c084cb3e098b7296bc533041159e52450e1e89ef68d97"},"/home/kagabo/banka1/Banka/server/routes/transactionRouters.js":{"path":"/home/kagabo/banka1/Banka/server/routes/transactionRouters.js","statementMap":{"0":{"start":{"line":3,"column":0},"end":{"line":5,"column":3}},"1":{"start":{"line":7,"column":29},"end":{"line":7,"column":76}},"2":{"start":{"line":9,"column":30},"end":{"line":9,"column":76}},"3":{"start":{"line":11,"column":15},"end":{"line":11,"column":33}},"4":{"start":{"line":13,"column":16},"end":{"line":13,"column":48}},"5":{"start":{"line":15,"column":29},"end":{"line":15,"column":75}},"6":{"start":{"line":17,"column":30},"end":{"line":17,"column":76}},"7":{"start":{"line":19,"column":17},"end":{"line":19,"column":52}},"8":{"start":{"line":21,"column":18},"end":{"line":21,"column":52}},"9":{"start":{"line":23,"column":39},"end":{"line":23,"column":93}},"10":{"start":{"line":25,"column":13},"end":{"line":25,"column":39}},"11":{"start":{"line":29,"column":0},"end":{"line":29,"column":93}},"12":{"start":{"line":33,"column":0},"end":{"line":33,"column":203}},"13":{"start":{"line":34,"column":0},"end":{"line":34,"column":204}},"14":{"start":{"line":35,"column":0},"end":{"line":35,"column":210}},"15":{"start":{"line":36,"column":0},"end":{"line":36,"column":260}},"16":{"start":{"line":37,"column":0},"end":{"line":37,"column":25}}},"fnMap":{"0":{"name":"_interopRequireDefault","decl":{"start":{"line":23,"column":9},"end":{"line":23,"column":31}},"loc":{"start":{"line":23,"column":37},"end":{"line":23,"column":95}},"line":23}},"branchMap":{"0":{"loc":{"start":{"line":23,"column":46},"end":{"line":23,"column":92}},"type":"cond-expr","locations":[{"start":{"line":23,"column":70},"end":{"line":23,"column":73}},{"start":{"line":23,"column":76},"end":{"line":23,"column":92}}],"line":23},"1":{"loc":{"start":{"line":23,"column":46},"end":{"line":23,"column":67}},"type":"binary-expr","locations":[{"start":{"line":23,"column":46},"end":{"line":23,"column":49}},{"start":{"line":23,"column":53},"end":{"line":23,"column":67}}],"line":23}},"s":{"0":1,"1":1,"2":1,"3":1,"4":1,"5":1,"6":1,"7":1,"8":1,"9":4,"10":1,"11":1,"12":1,"13":1,"14":1,"15":1,"16":1},"f":{"0":4},"b":{"0":[3,1],"1":[4,4]},"_coverageSchema":"43e27e138ebf9cfc5966b082cf9a028302ed4184","hash":"3c26bc16d9fdbc6604e8e994b011dfbcead1ff2e","contentHash":"ef1e36669df081afb463989eedcfcb02702e239e3c3c0e654a193c9189e3c828"},"/home/kagabo/banka1/Banka/server/controllers/transactionController.js":{"path":"/home/kagabo/banka1/Banka/server/controllers/transactionController.js","statementMap":{"0":{"start":{"line":3,"column":0},"end":{"line":5,"column":3}},"1":{"start":{"line":7,"column":19},"end":{"line":7,"column":563}},"2":{"start":{"line":7,"column":76},"end":{"line":7,"column":347}},"3":{"start":{"line":7,"column":89},"end":{"line":7,"column":90}},"4":{"start":{"line":7,"column":134},"end":{"line":7,"column":142}},"5":{"start":{"line":7,"column":144},"end":{"line":7,"column":199}},"6":{"start":{"line":7,"column":200},"end":{"line":7,"column":231}},"7":{"start":{"line":7,"column":232},"end":{"line":7,"column":286}},"8":{"start":{"line":7,"column":259},"end":{"line":7,"column":286}},"9":{"start":{"line":7,"column":287},"end":{"line":7,"column":345}},"10":{"start":{"line":7,"column":350},"end":{"line":7,"column":559}},"11":{"start":{"line":7,"column":407},"end":{"line":7,"column":475}},"12":{"start":{"line":7,"column":423},"end":{"line":7,"column":475}},"13":{"start":{"line":7,"column":476},"end":{"line":7,"column":536}},"14":{"start":{"line":7,"column":493},"end":{"line":7,"column":536}},"15":{"start":{"line":7,"column":537},"end":{"line":7,"column":556}},"16":{"start":{"line":9,"column":14},"end":{"line":9,"column":39}},"17":{"start":{"line":11,"column":15},"end":{"line":11,"column":46}},"18":{"start":{"line":13,"column":17},"end":{"line":13,"column":45}},"19":{"start":{"line":15,"column":18},"end":{"line":15,"column":52}},"20":{"start":{"line":17,"column":21},"end":{"line":17,"column":53}},"21":{"start":{"line":19,"column":22},"end":{"line":19,"column":60}},"22":{"start":{"line":21,"column":19},"end":{"line":21,"column":41}},"23":{"start":{"line":23,"column":20},"end":{"line":23,"column":56}},"24":{"start":{"line":25,"column":10},"end":{"line":25,"column":29}},"25":{"start":{"line":27,"column":11},"end":{"line":27,"column":38}},"26":{"start":{"line":29,"column":39},"end":{"line":29,"column":93}},"27":{"start":{"line":31,"column":50},"end":{"line":31,"column":151}},"28":{"start":{"line":31,"column":92},"end":{"line":31,"column":149}},"29":{"start":{"line":33,"column":28},"end":{"line":193,"column":3}},"30":{"start":{"line":35,"column":8},"end":{"line":35,"column":53}},"31":{"start":{"line":38,"column":4},"end":{"line":190,"column":8}},"32":{"start":{"line":41,"column":32},"end":{"line":41,"column":56}},"33":{"start":{"line":42,"column":32},"end":{"line":42,"column":56}},"34":{"start":{"line":44,"column":22},"end":{"line":44,"column":102}},"35":{"start":{"line":45,"column":12},"end":{"line":77,"column":15}},"36":{"start":{"line":46,"column":16},"end":{"line":46,"column":41}},"37":{"start":{"line":47,"column":16},"end":{"line":76,"column":17}},"38":{"start":{"line":48,"column":31},"end":{"line":48,"column":115}},"39":{"start":{"line":49,"column":20},"end":{"line":70,"column":23}},"40":{"start":{"line":50,"column":24},"end":{"line":50,"column":49}},"41":{"start":{"line":51,"column":24},"end":{"line":69,"column":25}},"42":{"start":{"line":52,"column":39},"end":{"line":52,"column":112}},"43":{"start":{"line":53,"column":28},"end":{"line":63,"column":31}},"44":{"start":{"line":54,"column":32},"end":{"line":54,"column":58}},"45":{"start":{"line":55,"column":32},"end":{"line":62,"column":33}},"46":{"start":{"line":56,"column":36},"end":{"line":56,"column":97}},"47":{"start":{"line":58,"column":36},"end":{"line":61,"column":40}},"48":{"start":{"line":65,"column":28},"end":{"line":68,"column":32}},"49":{"start":{"line":72,"column":20},"end":{"line":75,"column":24}},"50":{"start":{"line":82,"column":32},"end":{"line":82,"column":56}},"51":{"start":{"line":83,"column":22},"end":{"line":83,"column":102}},"52":{"start":{"line":84,"column":12},"end":{"line":105,"column":15}},"53":{"start":{"line":85,"column":16},"end":{"line":85,"column":41}},"54":{"start":{"line":86,"column":16},"end":{"line":104,"column":17}},"55":{"start":{"line":87,"column":31},"end":{"line":87,"column":115}},"56":{"start":{"line":88,"column":20},"end":{"line":98,"column":23}},"57":{"start":{"line":89,"column":24},"end":{"line":89,"column":49}},"58":{"start":{"line":90,"column":24},"end":{"line":97,"column":25}},"59":{"start":{"line":91,"column":28},"end":{"line":91,"column":88}},"60":{"start":{"line":93,"column":28},"end":{"line":96,"column":32}},"61":{"start":{"line":100,"column":20},"end":{"line":103,"column":24}},"62":{"start":{"line":110,"column":25},"end":{"line":110,"column":52}},"63":{"start":{"line":111,"column":28},"end":{"line":111,"column":46}},"64":{"start":{"line":113,"column":32},"end":{"line":113,"column":57}},"65":{"start":{"line":115,"column":22},"end":{"line":115,"column":113}},"66":{"start":{"line":116,"column":12},"end":{"line":146,"column":15}},"67":{"start":{"line":117,"column":16},"end":{"line":117,"column":41}},"68":{"start":{"line":118,"column":16},"end":{"line":145,"column":17}},"69":{"start":{"line":119,"column":20},"end":{"line":139,"column":21}},"70":{"start":{"line":120,"column":41},"end":{"line":120,"column":72}},"71":{"start":{"line":121,"column":35},"end":{"line":121,"column":130}},"72":{"start":{"line":122,"column":24},"end":{"line":125,"column":27}},"73":{"start":{"line":123,"column":28},"end":{"line":123,"column":77}},"74":{"start":{"line":124,"column":28},"end":{"line":124,"column":53}},"75":{"start":{"line":127,"column":45},"end":{"line":127,"column":151}},"76":{"start":{"line":128,"column":35},"end":{"line":128,"column":357}},"77":{"start":{"line":129,"column":24},"end":{"line":133,"column":27}},"78":{"start":{"line":130,"column":28},"end":{"line":130,"column":82}},"79":{"start":{"line":131,"column":28},"end":{"line":131,"column":53}},"80":{"start":{"line":132,"column":28},"end":{"line":132,"column":88}},"81":{"start":{"line":135,"column":24},"end":{"line":138,"column":28}},"82":{"start":{"line":141,"column":20},"end":{"line":144,"column":24}},"83":{"start":{"line":151,"column":25},"end":{"line":151,"column":52}},"84":{"start":{"line":152,"column":28},"end":{"line":152,"column":46}},"85":{"start":{"line":154,"column":32},"end":{"line":154,"column":66}},"86":{"start":{"line":156,"column":23},"end":{"line":156,"column":114}},"87":{"start":{"line":157,"column":12},"end":{"line":180,"column":15}},"88":{"start":{"line":158,"column":16},"end":{"line":158,"column":41}},"89":{"start":{"line":159,"column":16},"end":{"line":179,"column":17}},"90":{"start":{"line":160,"column":37},"end":{"line":160,"column":68}},"91":{"start":{"line":161,"column":31},"end":{"line":161,"column":127}},"92":{"start":{"line":162,"column":20},"end":{"line":165,"column":23}},"93":{"start":{"line":163,"column":24},"end":{"line":163,"column":73}},"94":{"start":{"line":164,"column":24},"end":{"line":164,"column":49}},"95":{"start":{"line":167,"column":41},"end":{"line":167,"column":147}},"96":{"start":{"line":168,"column":31},"end":{"line":168,"column":353}},"97":{"start":{"line":169,"column":20},"end":{"line":173,"column":23}},"98":{"start":{"line":170,"column":24},"end":{"line":170,"column":78}},"99":{"start":{"line":171,"column":24},"end":{"line":171,"column":49}},"100":{"start":{"line":172,"column":24},"end":{"line":172,"column":84}},"101":{"start":{"line":175,"column":20},"end":{"line":178,"column":24}},"102":{"start":{"line":185,"column":12},"end":{"line":188,"column":15}},"103":{"start":{"line":192,"column":4},"end":{"line":192,"column":33}},"104":{"start":{"line":195,"column":11},"end":{"line":195,"column":38}},"105":{"start":{"line":197,"column":0},"end":{"line":197,"column":23}}},"fnMap":{"0":{"name":"(anonymous_0)","decl":{"start":{"line":7,"column":19},"end":{"line":7,"column":20}},"loc":{"start":{"line":7,"column":31},"end":{"line":7,"column":561}},"line":7},"1":{"name":"defineProperties","decl":{"start":{"line":7,"column":42},"end":{"line":7,"column":58}},"loc":{"start":{"line":7,"column":74},"end":{"line":7,"column":349}},"line":7},"2":{"name":"(anonymous_2)","decl":{"start":{"line":7,"column":357},"end":{"line":7,"column":358}},"loc":{"start":{"line":7,"column":405},"end":{"line":7,"column":558}},"line":7},"3":{"name":"_interopRequireDefault","decl":{"start":{"line":29,"column":9},"end":{"line":29,"column":31}},"loc":{"start":{"line":29,"column":37},"end":{"line":29,"column":95}},"line":29},"4":{"name":"_classCallCheck","decl":{"start":{"line":31,"column":9},"end":{"line":31,"column":24}},"loc":{"start":{"line":31,"column":48},"end":{"line":31,"column":153}},"line":31},"5":{"name":"(anonymous_5)","decl":{"start":{"line":33,"column":28},"end":{"line":33,"column":29}},"loc":{"start":{"line":33,"column":40},"end":{"line":193,"column":1}},"line":33},"6":{"name":"TransactionController","decl":{"start":{"line":34,"column":13},"end":{"line":34,"column":34}},"loc":{"start":{"line":34,"column":37},"end":{"line":36,"column":5}},"line":34},"7":{"name":"getAllTransactionForAnAccountSpecificTransaction","decl":{"start":{"line":40,"column":24},"end":{"line":40,"column":72}},"loc":{"start":{"line":40,"column":83},"end":{"line":78,"column":9}},"line":40},"8":{"name":"(anonymous_8)","decl":{"start":{"line":45,"column":41},"end":{"line":45,"column":42}},"loc":{"start":{"line":45,"column":59},"end":{"line":77,"column":13}},"line":45},"9":{"name":"(anonymous_9)","decl":{"start":{"line":49,"column":50},"end":{"line":49,"column":51}},"loc":{"start":{"line":49,"column":68},"end":{"line":70,"column":21}},"line":49},"10":{"name":"(anonymous_10)","decl":{"start":{"line":53,"column":58},"end":{"line":53,"column":59}},"loc":{"start":{"line":53,"column":77},"end":{"line":63,"column":29}},"line":53},"11":{"name":"getAllTransactionForAnAccount","decl":{"start":{"line":81,"column":24},"end":{"line":81,"column":53}},"loc":{"start":{"line":81,"column":64},"end":{"line":106,"column":9}},"line":81},"12":{"name":"(anonymous_12)","decl":{"start":{"line":84,"column":41},"end":{"line":84,"column":42}},"loc":{"start":{"line":84,"column":59},"end":{"line":105,"column":13}},"line":84},"13":{"name":"(anonymous_13)","decl":{"start":{"line":88,"column":50},"end":{"line":88,"column":51}},"loc":{"start":{"line":88,"column":68},"end":{"line":98,"column":21}},"line":88},"14":{"name":"debiteAccountNew","decl":{"start":{"line":109,"column":24},"end":{"line":109,"column":40}},"loc":{"start":{"line":109,"column":51},"end":{"line":147,"column":9}},"line":109},"15":{"name":"(anonymous_15)","decl":{"start":{"line":116,"column":41},"end":{"line":116,"column":42}},"loc":{"start":{"line":116,"column":59},"end":{"line":146,"column":13}},"line":116},"16":{"name":"(anonymous_16)","decl":{"start":{"line":122,"column":54},"end":{"line":122,"column":55}},"loc":{"start":{"line":122,"column":72},"end":{"line":125,"column":25}},"line":122},"17":{"name":"(anonymous_17)","decl":{"start":{"line":129,"column":70},"end":{"line":129,"column":71}},"loc":{"start":{"line":129,"column":88},"end":{"line":133,"column":25}},"line":129},"18":{"name":"creditAccountNew","decl":{"start":{"line":150,"column":24},"end":{"line":150,"column":40}},"loc":{"start":{"line":150,"column":51},"end":{"line":181,"column":9}},"line":150},"19":{"name":"(anonymous_19)","decl":{"start":{"line":157,"column":42},"end":{"line":157,"column":43}},"loc":{"start":{"line":157,"column":60},"end":{"line":180,"column":13}},"line":157},"20":{"name":"(anonymous_20)","decl":{"start":{"line":162,"column":50},"end":{"line":162,"column":51}},"loc":{"start":{"line":162,"column":68},"end":{"line":165,"column":21}},"line":162},"21":{"name":"(anonymous_21)","decl":{"start":{"line":169,"column":66},"end":{"line":169,"column":67}},"loc":{"start":{"line":169,"column":84},"end":{"line":173,"column":21}},"line":169},"22":{"name":"getAllTransaction","decl":{"start":{"line":184,"column":24},"end":{"line":184,"column":41}},"loc":{"start":{"line":184,"column":52},"end":{"line":189,"column":9}},"line":184}},"branchMap":{"0":{"loc":{"start":{"line":7,"column":168},"end":{"line":7,"column":198}},"type":"binary-expr","locations":[{"start":{"line":7,"column":168},"end":{"line":7,"column":189}},{"start":{"line":7,"column":193},"end":{"line":7,"column":198}}],"line":7},"1":{"loc":{"start":{"line":7,"column":232},"end":{"line":7,"column":286}},"type":"if","locations":[{"start":{"line":7,"column":232},"end":{"line":7,"column":286}},{"start":{"line":7,"column":232},"end":{"line":7,"column":286}}],"line":7},"2":{"loc":{"start":{"line":7,"column":407},"end":{"line":7,"column":475}},"type":"if","locations":[{"start":{"line":7,"column":407},"end":{"line":7,"column":475}},{"start":{"line":7,"column":407},"end":{"line":7,"column":475}}],"line":7},"3":{"loc":{"start":{"line":7,"column":476},"end":{"line":7,"column":536}},"type":"if","locations":[{"start":{"line":7,"column":476},"end":{"line":7,"column":536}},{"start":{"line":7,"column":476},"end":{"line":7,"column":536}}],"line":7},"4":{"loc":{"start":{"line":29,"column":46},"end":{"line":29,"column":92}},"type":"cond-expr","locations":[{"start":{"line":29,"column":70},"end":{"line":29,"column":73}},{"start":{"line":29,"column":76},"end":{"line":29,"column":92}}],"line":29},"5":{"loc":{"start":{"line":29,"column":46},"end":{"line":29,"column":67}},"type":"binary-expr","locations":[{"start":{"line":29,"column":46},"end":{"line":29,"column":49}},{"start":{"line":29,"column":53},"end":{"line":29,"column":67}}],"line":29},"6":{"loc":{"start":{"line":31,"column":50},"end":{"line":31,"column":151}},"type":"if","locations":[{"start":{"line":31,"column":50},"end":{"line":31,"column":151}},{"start":{"line":31,"column":50},"end":{"line":31,"column":151}}],"line":31},"7":{"loc":{"start":{"line":47,"column":16},"end":{"line":76,"column":17}},"type":"if","locations":[{"start":{"line":47,"column":16},"end":{"line":76,"column":17}},{"start":{"line":47,"column":16},"end":{"line":76,"column":17}}],"line":47},"8":{"loc":{"start":{"line":51,"column":24},"end":{"line":69,"column":25}},"type":"if","locations":[{"start":{"line":51,"column":24},"end":{"line":69,"column":25}},{"start":{"line":51,"column":24},"end":{"line":69,"column":25}}],"line":51},"9":{"loc":{"start":{"line":55,"column":32},"end":{"line":62,"column":33}},"type":"if","locations":[{"start":{"line":55,"column":32},"end":{"line":62,"column":33}},{"start":{"line":55,"column":32},"end":{"line":62,"column":33}}],"line":55},"10":{"loc":{"start":{"line":86,"column":16},"end":{"line":104,"column":17}},"type":"if","locations":[{"start":{"line":86,"column":16},"end":{"line":104,"column":17}},{"start":{"line":86,"column":16},"end":{"line":104,"column":17}}],"line":86},"11":{"loc":{"start":{"line":90,"column":24},"end":{"line":97,"column":25}},"type":"if","locations":[{"start":{"line":90,"column":24},"end":{"line":97,"column":25}},{"start":{"line":90,"column":24},"end":{"line":97,"column":25}}],"line":90},"12":{"loc":{"start":{"line":118,"column":16},"end":{"line":145,"column":17}},"type":"if","locations":[{"start":{"line":118,"column":16},"end":{"line":145,"column":17}},{"start":{"line":118,"column":16},"end":{"line":145,"column":17}}],"line":118},"13":{"loc":{"start":{"line":119,"column":20},"end":{"line":139,"column":21}},"type":"if","locations":[{"start":{"line":119,"column":20},"end":{"line":139,"column":21}},{"start":{"line":119,"column":20},"end":{"line":139,"column":21}}],"line":119},"14":{"loc":{"start":{"line":159,"column":16},"end":{"line":179,"column":17}},"type":"if","locations":[{"start":{"line":159,"column":16},"end":{"line":179,"column":17}},{"start":{"line":159,"column":16},"end":{"line":179,"column":17}}],"line":159}},"s":{"0":1,"1":1,"2":1,"3":1,"4":5,"5":5,"6":5,"7":5,"8":5,"9":5,"10":1,"11":1,"12":1,"13":1,"14":0,"15":1,"16":1,"17":1,"18":1,"19":1,"20":1,"21":1,"22":1,"23":1,"24":1,"25":1,"26":5,"27":1,"28":0,"29":1,"30":1,"31":1,"32":0,"33":0,"34":0,"35":0,"36":0,"37":0,"38":0,"39":0,"40":0,"41":0,"42":0,"43":0,"44":0,"45":0,"46":0,"47":0,"48":0,"49":0,"50":0,"51":0,"52":0,"53":0,"54":0,"55":0,"56":0,"57":0,"58":0,"59":0,"60":0,"61":0,"62":0,"63":0,"64":0,"65":0,"66":0,"67":0,"68":0,"69":0,"70":0,"71":0,"72":0,"73":0,"74":0,"75":0,"76":0,"77":0,"78":0,"79":0,"80":0,"81":0,"82":0,"83":0,"84":0,"85":0,"86":0,"87":0,"88":0,"89":0,"90":0,"91":0,"92":0,"93":0,"94":0,"95":0,"96":0,"97":0,"98":0,"99":0,"100":0,"101":0,"102":0,"103":1,"104":1,"105":1},"f":{"0":1,"1":1,"2":1,"3":5,"4":1,"5":1,"6":1,"7":0,"8":0,"9":0,"10":0,"11":0,"12":0,"13":0,"14":0,"15":0,"16":0,"17":0,"18":0,"19":0,"20":0,"21":0,"22":0},"b":{"0":[5,5],"1":[5,0],"2":[1,0],"3":[0,1],"4":[4,1],"5":[5,5],"6":[0,1],"7":[0,0],"8":[0,0],"9":[0,0],"10":[0,0],"11":[0,0],"12":[0,0],"13":[0,0],"14":[0,0]},"_coverageSchema":"43e27e138ebf9cfc5966b082cf9a028302ed4184","hash":"56595f1e8a14a8f5a9cce972abcc04af6ef8e76f","contentHash":"7a78292ca46774d2fc711d5eec1608a0b9106f84c0b40122e210ab16e4cd1f77"},"/home/kagabo/banka1/Banka/server/db/userDB.js":{"path":"/home/kagabo/banka1/Banka/server/db/userDB.js","statementMap":{"0":{"start":{"line":3,"column":0},"end":{"line":5,"column":3}},"1":{"start":{"line":6,"column":9},"end":{"line":22,"column":2}},"2":{"start":{"line":24,"column":0},"end":{"line":24,"column":21}}},"fnMap":{},"branchMap":{},"s":{"0":1,"1":1,"2":1},"f":{},"b":{},"_coverageSchema":"43e27e138ebf9cfc5966b082cf9a028302ed4184","hash":"fc25c548cc443e642a44abd2e004c80656ae02bf","contentHash":"5bafe7e2245b81a6d4509ed56b8cb0aca44b1d0aed849a4dbd9ec44f2c92ef13"},"/home/kagabo/banka1/Banka/server/db/accountDB.js":{"path":"/home/kagabo/banka1/Banka/server/db/accountDB.js","statementMap":{"0":{"start":{"line":3,"column":0},"end":{"line":5,"column":3}},"1":{"start":{"line":7,"column":15},"end":{"line":23,"column":2}},"2":{"start":{"line":25,"column":0},"end":{"line":25,"column":27}}},"fnMap":{},"branchMap":{},"s":{"0":1,"1":1,"2":1},"f":{},"b":{},"_coverageSchema":"43e27e138ebf9cfc5966b082cf9a028302ed4184","hash":"61d7a83500c0c8b531fb46edf5701861fe66f623","contentHash":"6d8ec30b1958a30b8bcb1c59fd6a2af4f59a6082358cc61028f8dd66f35683b6"},"/home/kagabo/banka1/Banka/server/db/transactionDB.js":{"path":"/home/kagabo/banka1/Banka/server/db/transactionDB.js","statementMap":{"0":{"start":{"line":3,"column":0},"end":{"line":5,"column":3}},"1":{"start":{"line":6,"column":9},"end":{"line":15,"column":2}},"2":{"start":{"line":16,"column":0},"end":{"line":16,"column":21}}},"fnMap":{},"branchMap":{},"s":{"0":1,"1":1,"2":1},"f":{},"b":{},"_coverageSchema":"43e27e138ebf9cfc5966b082cf9a028302ed4184","hash":"55c4233fc7de4124c0d43e68b51903b92d2bac5b","contentHash":"e2d20953643d2ad9dacf75d0edba0c2feb5075bb9820c8a81b1526562fddaa1d"},"/home/kagabo/banka1/Banka/server/db/db.js":{"path":"/home/kagabo/banka1/Banka/server/db/db.js","statementMap":{"0":{"start":{"line":3,"column":0},"end":{"line":5,"column":3}},"1":{"start":{"line":7,"column":19},"end":{"line":7,"column":563}},"2":{"start":{"line":7,"column":76},"end":{"line":7,"column":347}},"3":{"start":{"line":7,"column":89},"end":{"line":7,"column":90}},"4":{"start":{"line":7,"column":134},"end":{"line":7,"column":142}},"5":{"start":{"line":7,"column":144},"end":{"line":7,"column":199}},"6":{"start":{"line":7,"column":200},"end":{"line":7,"column":231}},"7":{"start":{"line":7,"column":232},"end":{"line":7,"column":286}},"8":{"start":{"line":7,"column":259},"end":{"line":7,"column":286}},"9":{"start":{"line":7,"column":287},"end":{"line":7,"column":345}},"10":{"start":{"line":7,"column":350},"end":{"line":7,"column":559}},"11":{"start":{"line":7,"column":407},"end":{"line":7,"column":475}},"12":{"start":{"line":7,"column":423},"end":{"line":7,"column":475}},"13":{"start":{"line":7,"column":476},"end":{"line":7,"column":536}},"14":{"start":{"line":7,"column":493},"end":{"line":7,"column":536}},"15":{"start":{"line":7,"column":537},"end":{"line":7,"column":556}},"16":{"start":{"line":9,"column":10},"end":{"line":9,"column":23}},"17":{"start":{"line":11,"column":11},"end":{"line":11,"column":38}},"18":{"start":{"line":13,"column":14},"end":{"line":13,"column":31}},"19":{"start":{"line":15,"column":15},"end":{"line":15,"column":46}},"20":{"start":{"line":17,"column":16},"end":{"line":17,"column":35}},"21":{"start":{"line":19,"column":17},"end":{"line":19,"column":50}},"22":{"start":{"line":21,"column":39},"end":{"line":21,"column":93}},"23":{"start":{"line":23,"column":50},"end":{"line":23,"column":151}},"24":{"start":{"line":23,"column":92},"end":{"line":23,"column":149}},"25":{"start":{"line":25,"column":0},"end":{"line":25,"column":26}},"26":{"start":{"line":27,"column":12},"end":{"line":29,"column":1}},"27":{"start":{"line":31,"column":16},"end":{"line":95,"column":3}},"28":{"start":{"line":33,"column":20},"end":{"line":33,"column":24}},"29":{"start":{"line":35,"column":8},"end":{"line":35,"column":41}},"30":{"start":{"line":37,"column":8},"end":{"line":37,"column":40}},"31":{"start":{"line":38,"column":8},"end":{"line":40,"column":10}},"32":{"start":{"line":39,"column":12},"end":{"line":39,"column":40}},"33":{"start":{"line":42,"column":8},"end":{"line":42,"column":358}},"34":{"start":{"line":44,"column":8},"end":{"line":44,"column":356}},"35":{"start":{"line":46,"column":8},"end":{"line":46,"column":402}},"36":{"start":{"line":48,"column":23},"end":{"line":48,"column":33}},"37":{"start":{"line":49,"column":28},"end":{"line":49,"column":83}},"38":{"start":{"line":50,"column":8},"end":{"line":50,"column":103}},"39":{"start":{"line":51,"column":8},"end":{"line":51,"column":43}},"40":{"start":{"line":52,"column":8},"end":{"line":52,"column":133}},"41":{"start":{"line":53,"column":8},"end":{"line":53,"column":28}},"42":{"start":{"line":56,"column":4},"end":{"line":92,"column":8}},"43":{"start":{"line":59,"column":23},"end":{"line":59,"column":93}},"44":{"start":{"line":61,"column":22},"end":{"line":61,"column":42}},"45":{"start":{"line":62,"column":12},"end":{"line":71,"column":13}},"46":{"start":{"line":63,"column":16},"end":{"line":65,"column":17}},"47":{"start":{"line":64,"column":20},"end":{"line":64,"column":54}},"48":{"start":{"line":66,"column":16},"end":{"line":66,"column":44}},"49":{"start":{"line":68,"column":16},"end":{"line":68,"column":27}},"50":{"start":{"line":70,"column":16},"end":{"line":70,"column":30}},"51":{"start":{"line":76,"column":25},"end":{"line":76,"column":29}},"52":{"start":{"line":78,"column":12},"end":{"line":78,"column":46}},"53":{"start":{"line":79,"column":12},"end":{"line":79,"column":49}},"54":{"start":{"line":80,"column":12},"end":{"line":80,"column":53}},"55":{"start":{"line":81,"column":12},"end":{"line":89,"column":15}},"56":{"start":{"line":82,"column":16},"end":{"line":88,"column":17}},"57":{"start":{"line":83,"column":20},"end":{"line":83,"column":51}},"58":{"start":{"line":85,"column":20},"end":{"line":87,"column":23}},"59":{"start":{"line":86,"column":24},"end":{"line":86,"column":49}},"60":{"start":{"line":90,"column":12},"end":{"line":90,"column":72}},"61":{"start":{"line":94,"column":4},"end":{"line":94,"column":21}},"62":{"start":{"line":97,"column":0},"end":{"line":97,"column":34}}},"fnMap":{"0":{"name":"(anonymous_0)","decl":{"start":{"line":7,"column":19},"end":{"line":7,"column":20}},"loc":{"start":{"line":7,"column":31},"end":{"line":7,"column":561}},"line":7},"1":{"name":"defineProperties","decl":{"start":{"line":7,"column":42},"end":{"line":7,"column":58}},"loc":{"start":{"line":7,"column":74},"end":{"line":7,"column":349}},"line":7},"2":{"name":"(anonymous_2)","decl":{"start":{"line":7,"column":357},"end":{"line":7,"column":358}},"loc":{"start":{"line":7,"column":405},"end":{"line":7,"column":558}},"line":7},"3":{"name":"_interopRequireDefault","decl":{"start":{"line":21,"column":9},"end":{"line":21,"column":31}},"loc":{"start":{"line":21,"column":37},"end":{"line":21,"column":95}},"line":21},"4":{"name":"_classCallCheck","decl":{"start":{"line":23,"column":9},"end":{"line":23,"column":24}},"loc":{"start":{"line":23,"column":48},"end":{"line":23,"column":153}},"line":23},"5":{"name":"(anonymous_5)","decl":{"start":{"line":31,"column":16},"end":{"line":31,"column":17}},"loc":{"start":{"line":31,"column":28},"end":{"line":95,"column":1}},"line":31},"6":{"name":"DatabBase","decl":{"start":{"line":32,"column":13},"end":{"line":32,"column":22}},"loc":{"start":{"line":32,"column":25},"end":{"line":54,"column":5}},"line":32},"7":{"name":"(anonymous_7)","decl":{"start":{"line":38,"column":23},"end":{"line":38,"column":24}},"loc":{"start":{"line":38,"column":41},"end":{"line":40,"column":9}},"line":38},"8":{"name":"query","decl":{"start":{"line":58,"column":30},"end":{"line":58,"column":35}},"loc":{"start":{"line":58,"column":41},"end":{"line":72,"column":9}},"line":58},"9":{"name":"initDataBase","decl":{"start":{"line":75,"column":30},"end":{"line":75,"column":42}},"loc":{"start":{"line":75,"column":45},"end":{"line":91,"column":9}},"line":75},"10":{"name":"(anonymous_10)","decl":{"start":{"line":81,"column":46},"end":{"line":81,"column":47}},"loc":{"start":{"line":81,"column":64},"end":{"line":89,"column":13}},"line":81},"11":{"name":"(anonymous_11)","decl":{"start":{"line":85,"column":75},"end":{"line":85,"column":76}},"loc":{"start":{"line":85,"column":93},"end":{"line":87,"column":21}},"line":85}},"branchMap":{"0":{"loc":{"start":{"line":7,"column":168},"end":{"line":7,"column":198}},"type":"binary-expr","locations":[{"start":{"line":7,"column":168},"end":{"line":7,"column":189}},{"start":{"line":7,"column":193},"end":{"line":7,"column":198}}],"line":7},"1":{"loc":{"start":{"line":7,"column":232},"end":{"line":7,"column":286}},"type":"if","locations":[{"start":{"line":7,"column":232},"end":{"line":7,"column":286}},{"start":{"line":7,"column":232},"end":{"line":7,"column":286}}],"line":7},"2":{"loc":{"start":{"line":7,"column":407},"end":{"line":7,"column":475}},"type":"if","locations":[{"start":{"line":7,"column":407},"end":{"line":7,"column":475}},{"start":{"line":7,"column":407},"end":{"line":7,"column":475}}],"line":7},"3":{"loc":{"start":{"line":7,"column":476},"end":{"line":7,"column":536}},"type":"if","locations":[{"start":{"line":7,"column":476},"end":{"line":7,"column":536}},{"start":{"line":7,"column":476},"end":{"line":7,"column":536}}],"line":7},"4":{"loc":{"start":{"line":21,"column":46},"end":{"line":21,"column":92}},"type":"cond-expr","locations":[{"start":{"line":21,"column":70},"end":{"line":21,"column":73}},{"start":{"line":21,"column":76},"end":{"line":21,"column":92}}],"line":21},"5":{"loc":{"start":{"line":21,"column":46},"end":{"line":21,"column":67}},"type":"binary-expr","locations":[{"start":{"line":21,"column":46},"end":{"line":21,"column":49}},{"start":{"line":21,"column":53},"end":{"line":21,"column":67}}],"line":21},"6":{"loc":{"start":{"line":23,"column":50},"end":{"line":23,"column":151}},"type":"if","locations":[{"start":{"line":23,"column":50},"end":{"line":23,"column":151}},{"start":{"line":23,"column":50},"end":{"line":23,"column":151}}],"line":23},"7":{"loc":{"start":{"line":59,"column":23},"end":{"line":59,"column":93}},"type":"cond-expr","locations":[{"start":{"line":59,"column":76},"end":{"line":59,"column":88}},{"start":{"line":59,"column":91},"end":{"line":59,"column":93}}],"line":59},"8":{"loc":{"start":{"line":59,"column":23},"end":{"line":59,"column":73}},"type":"binary-expr","locations":[{"start":{"line":59,"column":23},"end":{"line":59,"column":43}},{"start":{"line":59,"column":47},"end":{"line":59,"column":73}}],"line":59},"9":{"loc":{"start":{"line":63,"column":16},"end":{"line":65,"column":17}},"type":"if","locations":[{"start":{"line":63,"column":16},"end":{"line":65,"column":17}},{"start":{"line":63,"column":16},"end":{"line":65,"column":17}}],"line":63},"10":{"loc":{"start":{"line":82,"column":16},"end":{"line":88,"column":17}},"type":"if","locations":[{"start":{"line":82,"column":16},"end":{"line":88,"column":17}},{"start":{"line":82,"column":16},"end":{"line":88,"column":17}}],"line":82}},"s":{"0":1,"1":1,"2":1,"3":1,"4":2,"5":2,"6":2,"7":2,"8":2,"9":2,"10":1,"11":1,"12":1,"13":1,"14":0,"15":1,"16":1,"17":1,"18":1,"19":1,"20":1,"21":1,"22":3,"23":1,"24":0,"25":1,"26":1,"27":1,"28":1,"29":1,"30":1,"31":1,"32":22,"33":1,"34":1,"35":1,"36":1,"37":1,"38":1,"39":1,"40":1,"41":1,"42":1,"43":22,"44":22,"45":22,"46":22,"47":3,"48":19,"49":0,"50":22,"51":1,"52":1,"53":1,"54":1,"55":1,"56":1,"57":1,"58":0,"59":0,"60":1,"61":1,"62":1},"f":{"0":1,"1":1,"2":1,"3":3,"4":1,"5":1,"6":1,"7":22,"8":22,"9":1,"10":1,"11":0},"b":{"0":[2,2],"1":[2,0],"2":[1,0],"3":[0,1],"4":[0,3],"5":[3,3],"6":[0,1],"7":[3,19],"8":[22,3],"9":[3,19],"10":[1,0]},"_coverageSchema":"43e27e138ebf9cfc5966b082cf9a028302ed4184","hash":"cd75544a6ada3b9747489a002f208df4206812b0","contentHash":"d6f4287bdd9ba5ec803f6eb43dd3af7a9f9efed2e8024f4ddecb3f5911ff6ed3"},"/home/kagabo/banka1/Banka/server/middleware/transactionValidation.js":{"path":"/home/kagabo/banka1/Banka/server/middleware/transactionValidation.js","statementMap":{"0":{"start":{"line":3,"column":0},"end":{"line":5,"column":3}},"1":{"start":{"line":7,"column":19},"end":{"line":7,"column":563}},"2":{"start":{"line":7,"column":76},"end":{"line":7,"column":347}},"3":{"start":{"line":7,"column":89},"end":{"line":7,"column":90}},"4":{"start":{"line":7,"column":134},"end":{"line":7,"column":142}},"5":{"start":{"line":7,"column":144},"end":{"line":7,"column":199}},"6":{"start":{"line":7,"column":200},"end":{"line":7,"column":231}},"7":{"start":{"line":7,"column":232},"end":{"line":7,"column":286}},"8":{"start":{"line":7,"column":259},"end":{"line":7,"column":286}},"9":{"start":{"line":7,"column":287},"end":{"line":7,"column":345}},"10":{"start":{"line":7,"column":350},"end":{"line":7,"column":559}},"11":{"start":{"line":7,"column":407},"end":{"line":7,"column":475}},"12":{"start":{"line":7,"column":423},"end":{"line":7,"column":475}},"13":{"start":{"line":7,"column":476},"end":{"line":7,"column":536}},"14":{"start":{"line":7,"column":493},"end":{"line":7,"column":536}},"15":{"start":{"line":7,"column":537},"end":{"line":7,"column":556}},"16":{"start":{"line":9,"column":19},"end":{"line":9,"column":41}},"17":{"start":{"line":11,"column":20},"end":{"line":11,"column":56}},"18":{"start":{"line":13,"column":39},"end":{"line":13,"column":93}},"19":{"start":{"line":15,"column":50},"end":{"line":15,"column":151}},"20":{"start":{"line":15,"column":92},"end":{"line":15,"column":149}},"21":{"start":{"line":17,"column":28},"end":{"line":102,"column":3}},"22":{"start":{"line":19,"column":8},"end":{"line":19,"column":53}},"23":{"start":{"line":22,"column":4},"end":{"line":99,"column":8}},"24":{"start":{"line":25,"column":23},"end":{"line":29,"column":13}},"25":{"start":{"line":31,"column":24},"end":{"line":35,"column":13}},"26":{"start":{"line":37,"column":29},"end":{"line":37,"column":67}},"27":{"start":{"line":39,"column":12},"end":{"line":50,"column":13}},"28":{"start":{"line":40,"column":16},"end":{"line":40,"column":23}},"29":{"start":{"line":42,"column":16},"end":{"line":49,"column":19}},"30":{"start":{"line":55,"column":23},"end":{"line":57,"column":13}},"31":{"start":{"line":58,"column":24},"end":{"line":60,"column":13}},"32":{"start":{"line":61,"column":29},"end":{"line":61,"column":67}},"33":{"start":{"line":63,"column":12},"end":{"line":72,"column":13}},"34":{"start":{"line":64,"column":16},"end":{"line":64,"column":23}},"35":{"start":{"line":66,"column":16},"end":{"line":71,"column":19}},"36":{"start":{"line":77,"column":23},"end":{"line":80,"column":13}},"37":{"start":{"line":81,"column":24},"end":{"line":84,"column":13}},"38":{"start":{"line":85,"column":29},"end":{"line":85,"column":67}},"39":{"start":{"line":87,"column":12},"end":{"line":97,"column":13}},"40":{"start":{"line":88,"column":16},"end":{"line":88,"column":23}},"41":{"start":{"line":90,"column":16},"end":{"line":96,"column":19}},"42":{"start":{"line":101,"column":4},"end":{"line":101,"column":33}},"43":{"start":{"line":104,"column":23},"end":{"line":104,"column":50}},"44":{"start":{"line":105,"column":0},"end":{"line":105,"column":35}}},"fnMap":{"0":{"name":"(anonymous_0)","decl":{"start":{"line":7,"column":19},"end":{"line":7,"column":20}},"loc":{"start":{"line":7,"column":31},"end":{"line":7,"column":561}},"line":7},"1":{"name":"defineProperties","decl":{"start":{"line":7,"column":42},"end":{"line":7,"column":58}},"loc":{"start":{"line":7,"column":74},"end":{"line":7,"column":349}},"line":7},"2":{"name":"(anonymous_2)","decl":{"start":{"line":7,"column":357},"end":{"line":7,"column":358}},"loc":{"start":{"line":7,"column":405},"end":{"line":7,"column":558}},"line":7},"3":{"name":"_interopRequireDefault","decl":{"start":{"line":13,"column":9},"end":{"line":13,"column":31}},"loc":{"start":{"line":13,"column":37},"end":{"line":13,"column":95}},"line":13},"4":{"name":"_classCallCheck","decl":{"start":{"line":15,"column":9},"end":{"line":15,"column":24}},"loc":{"start":{"line":15,"column":48},"end":{"line":15,"column":153}},"line":15},"5":{"name":"(anonymous_5)","decl":{"start":{"line":17,"column":28},"end":{"line":17,"column":29}},"loc":{"start":{"line":17,"column":40},"end":{"line":102,"column":1}},"line":17},"6":{"name":"TransactionValidation","decl":{"start":{"line":18,"column":13},"end":{"line":18,"column":34}},"loc":{"start":{"line":18,"column":37},"end":{"line":20,"column":5}},"line":18},"7":{"name":"debiteCreaditAccountValidation","decl":{"start":{"line":24,"column":24},"end":{"line":24,"column":54}},"loc":{"start":{"line":24,"column":71},"end":{"line":51,"column":9}},"line":24},"8":{"name":"validateAccountNumber","decl":{"start":{"line":54,"column":24},"end":{"line":54,"column":45}},"loc":{"start":{"line":54,"column":62},"end":{"line":73,"column":9}},"line":54},"9":{"name":"validateAccountNumberAndTransactionId","decl":{"start":{"line":76,"column":24},"end":{"line":76,"column":61}},"loc":{"start":{"line":76,"column":78},"end":{"line":98,"column":9}},"line":76}},"branchMap":{"0":{"loc":{"start":{"line":7,"column":168},"end":{"line":7,"column":198}},"type":"binary-expr","locations":[{"start":{"line":7,"column":168},"end":{"line":7,"column":189}},{"start":{"line":7,"column":193},"end":{"line":7,"column":198}}],"line":7},"1":{"loc":{"start":{"line":7,"column":232},"end":{"line":7,"column":286}},"type":"if","locations":[{"start":{"line":7,"column":232},"end":{"line":7,"column":286}},{"start":{"line":7,"column":232},"end":{"line":7,"column":286}}],"line":7},"2":{"loc":{"start":{"line":7,"column":407},"end":{"line":7,"column":475}},"type":"if","locations":[{"start":{"line":7,"column":407},"end":{"line":7,"column":475}},{"start":{"line":7,"column":407},"end":{"line":7,"column":475}}],"line":7},"3":{"loc":{"start":{"line":7,"column":476},"end":{"line":7,"column":536}},"type":"if","locations":[{"start":{"line":7,"column":476},"end":{"line":7,"column":536}},{"start":{"line":7,"column":476},"end":{"line":7,"column":536}}],"line":7},"4":{"loc":{"start":{"line":13,"column":46},"end":{"line":13,"column":92}},"type":"cond-expr","locations":[{"start":{"line":13,"column":70},"end":{"line":13,"column":73}},{"start":{"line":13,"column":76},"end":{"line":13,"column":92}}],"line":13},"5":{"loc":{"start":{"line":13,"column":46},"end":{"line":13,"column":67}},"type":"binary-expr","locations":[{"start":{"line":13,"column":46},"end":{"line":13,"column":49}},{"start":{"line":13,"column":53},"end":{"line":13,"column":67}}],"line":13},"6":{"loc":{"start":{"line":15,"column":50},"end":{"line":15,"column":151}},"type":"if","locations":[{"start":{"line":15,"column":50},"end":{"line":15,"column":151}},{"start":{"line":15,"column":50},"end":{"line":15,"column":151}}],"line":15},"7":{"loc":{"start":{"line":39,"column":12},"end":{"line":50,"column":13}},"type":"if","locations":[{"start":{"line":39,"column":12},"end":{"line":50,"column":13}},{"start":{"line":39,"column":12},"end":{"line":50,"column":13}}],"line":39},"8":{"loc":{"start":{"line":63,"column":12},"end":{"line":72,"column":13}},"type":"if","locations":[{"start":{"line":63,"column":12},"end":{"line":72,"column":13}},{"start":{"line":63,"column":12},"end":{"line":72,"column":13}}],"line":63},"9":{"loc":{"start":{"line":87,"column":12},"end":{"line":97,"column":13}},"type":"if","locations":[{"start":{"line":87,"column":12},"end":{"line":97,"column":13}},{"start":{"line":87,"column":12},"end":{"line":97,"column":13}}],"line":87}},"s":{"0":1,"1":1,"2":1,"3":1,"4":3,"5":3,"6":3,"7":3,"8":3,"9":3,"10":1,"11":1,"12":1,"13":1,"14":0,"15":1,"16":1,"17":1,"18":1,"19":1,"20":0,"21":1,"22":1,"23":1,"24":0,"25":0,"26":0,"27":0,"28":0,"29":0,"30":0,"31":0,"32":0,"33":0,"34":0,"35":0,"36":0,"37":0,"38":0,"39":0,"40":0,"41":0,"42":1,"43":1,"44":1},"f":{"0":1,"1":1,"2":1,"3":1,"4":1,"5":1,"6":1,"7":0,"8":0,"9":0},"b":{"0":[3,3],"1":[3,0],"2":[1,0],"3":[0,1],"4":[0,1],"5":[1,1],"6":[0,1],"7":[0,0],"8":[0,0],"9":[0,0]},"_coverageSchema":"43e27e138ebf9cfc5966b082cf9a028302ed4184","hash":"418e636fe1850819eb90ded0a485e6149bc5e43e","contentHash":"e080575a036230f7b2de585ac6bf552526c5da3cb06de4a7cc9f4319d701a827"},"/home/kagabo/banka1/Banka/server/middleware/check-user.js":{"path":"/home/kagabo/banka1/Banka/server/middleware/check-user.js","statementMap":{"0":{"start":{"line":3,"column":0},"end":{"line":5,"column":3}},"1":{"start":{"line":7,"column":19},"end":{"line":7,"column":563}},"2":{"start":{"line":7,"column":76},"end":{"line":7,"column":347}},"3":{"start":{"line":7,"column":89},"end":{"line":7,"column":90}},"4":{"start":{"line":7,"column":134},"end":{"line":7,"column":142}},"5":{"start":{"line":7,"column":144},"end":{"line":7,"column":199}},"6":{"start":{"line":7,"column":200},"end":{"line":7,"column":231}},"7":{"start":{"line":7,"column":232},"end":{"line":7,"column":286}},"8":{"start":{"line":7,"column":259},"end":{"line":7,"column":286}},"9":{"start":{"line":7,"column":287},"end":{"line":7,"column":345}},"10":{"start":{"line":7,"column":350},"end":{"line":7,"column":559}},"11":{"start":{"line":7,"column":407},"end":{"line":7,"column":475}},"12":{"start":{"line":7,"column":423},"end":{"line":7,"column":475}},"13":{"start":{"line":7,"column":476},"end":{"line":7,"column":536}},"14":{"start":{"line":7,"column":493},"end":{"line":7,"column":536}},"15":{"start":{"line":7,"column":537},"end":{"line":7,"column":556}},"16":{"start":{"line":9,"column":20},"end":{"line":9,"column":43}},"17":{"start":{"line":11,"column":21},"end":{"line":11,"column":58}},"18":{"start":{"line":13,"column":10},"end":{"line":13,"column":29}},"19":{"start":{"line":15,"column":11},"end":{"line":15,"column":38}},"20":{"start":{"line":17,"column":39},"end":{"line":17,"column":93}},"21":{"start":{"line":19,"column":50},"end":{"line":19,"column":151}},"22":{"start":{"line":19,"column":92},"end":{"line":19,"column":149}},"23":{"start":{"line":21,"column":16},"end":{"line":115,"column":3}},"24":{"start":{"line":23,"column":8},"end":{"line":23,"column":41}},"25":{"start":{"line":26,"column":4},"end":{"line":112,"column":8}},"26":{"start":{"line":29,"column":12},"end":{"line":41,"column":13}},"27":{"start":{"line":30,"column":28},"end":{"line":30,"column":67}},"28":{"start":{"line":31,"column":30},"end":{"line":31,"column":76}},"29":{"start":{"line":32,"column":16},"end":{"line":32,"column":39}},"30":{"start":{"line":33,"column":28},"end":{"line":33,"column":42}},"31":{"start":{"line":34,"column":16},"end":{"line":34,"column":58}},"32":{"start":{"line":35,"column":16},"end":{"line":35,"column":23}},"33":{"start":{"line":37,"column":16},"end":{"line":40,"column":19}},"34":{"start":{"line":46,"column":12},"end":{"line":64,"column":13}},"35":{"start":{"line":47,"column":28},"end":{"line":47,"column":67}},"36":{"start":{"line":48,"column":30},"end":{"line":48,"column":76}},"37":{"start":{"line":49,"column":16},"end":{"line":49,"column":39}},"38":{"start":{"line":51,"column":16},"end":{"line":58,"column":17}},"39":{"start":{"line":52,"column":20},"end":{"line":52,"column":27}},"40":{"start":{"line":54,"column":20},"end":{"line":57,"column":23}},"41":{"start":{"line":60,"column":16},"end":{"line":63,"column":19}},"42":{"start":{"line":69,"column":12},"end":{"line":87,"column":13}},"43":{"start":{"line":70,"column":28},"end":{"line":70,"column":67}},"44":{"start":{"line":71,"column":30},"end":{"line":71,"column":76}},"45":{"start":{"line":72,"column":16},"end":{"line":72,"column":39}},"46":{"start":{"line":74,"column":16},"end":{"line":81,"column":17}},"47":{"start":{"line":75,"column":20},"end":{"line":75,"column":27}},"48":{"start":{"line":77,"column":20},"end":{"line":80,"column":23}},"49":{"start":{"line":83,"column":16},"end":{"line":86,"column":19}},"50":{"start":{"line":92,"column":12},"end":{"line":110,"column":13}},"51":{"start":{"line":93,"column":28},"end":{"line":93,"column":67}},"52":{"start":{"line":94,"column":30},"end":{"line":94,"column":76}},"53":{"start":{"line":95,"column":16},"end":{"line":95,"column":39}},"54":{"start":{"line":97,"column":16},"end":{"line":104,"column":17}},"55":{"start":{"line":98,"column":20},"end":{"line":98,"column":27}},"56":{"start":{"line":100,"column":20},"end":{"line":103,"column":23}},"57":{"start":{"line":106,"column":16},"end":{"line":109,"column":19}},"58":{"start":{"line":114,"column":4},"end":{"line":114,"column":21}},"59":{"start":{"line":117,"column":12},"end":{"line":117,"column":27}},"60":{"start":{"line":118,"column":0},"end":{"line":118,"column":24}}},"fnMap":{"0":{"name":"(anonymous_0)","decl":{"start":{"line":7,"column":19},"end":{"line":7,"column":20}},"loc":{"start":{"line":7,"column":31},"end":{"line":7,"column":561}},"line":7},"1":{"name":"defineProperties","decl":{"start":{"line":7,"column":42},"end":{"line":7,"column":58}},"loc":{"start":{"line":7,"column":74},"end":{"line":7,"column":349}},"line":7},"2":{"name":"(anonymous_2)","decl":{"start":{"line":7,"column":357},"end":{"line":7,"column":358}},"loc":{"start":{"line":7,"column":405},"end":{"line":7,"column":558}},"line":7},"3":{"name":"_interopRequireDefault","decl":{"start":{"line":17,"column":9},"end":{"line":17,"column":31}},"loc":{"start":{"line":17,"column":37},"end":{"line":17,"column":95}},"line":17},"4":{"name":"_classCallCheck","decl":{"start":{"line":19,"column":9},"end":{"line":19,"column":24}},"loc":{"start":{"line":19,"column":48},"end":{"line":19,"column":153}},"line":19},"5":{"name":"(anonymous_5)","decl":{"start":{"line":21,"column":16},"end":{"line":21,"column":17}},"loc":{"start":{"line":21,"column":28},"end":{"line":115,"column":1}},"line":21},"6":{"name":"CheckUser","decl":{"start":{"line":22,"column":13},"end":{"line":22,"column":22}},"loc":{"start":{"line":22,"column":25},"end":{"line":24,"column":5}},"line":22},"7":{"name":"checkClient","decl":{"start":{"line":28,"column":24},"end":{"line":28,"column":35}},"loc":{"start":{"line":28,"column":52},"end":{"line":42,"column":9}},"line":28},"8":{"name":"checkAdmin","decl":{"start":{"line":45,"column":24},"end":{"line":45,"column":34}},"loc":{"start":{"line":45,"column":51},"end":{"line":65,"column":9}},"line":45},"9":{"name":"chechStaff","decl":{"start":{"line":68,"column":24},"end":{"line":68,"column":34}},"loc":{"start":{"line":68,"column":51},"end":{"line":88,"column":9}},"line":68},"10":{"name":"checkStaffOrAdmin","decl":{"start":{"line":91,"column":24},"end":{"line":91,"column":41}},"loc":{"start":{"line":91,"column":58},"end":{"line":111,"column":9}},"line":91}},"branchMap":{"0":{"loc":{"start":{"line":7,"column":168},"end":{"line":7,"column":198}},"type":"binary-expr","locations":[{"start":{"line":7,"column":168},"end":{"line":7,"column":189}},{"start":{"line":7,"column":193},"end":{"line":7,"column":198}}],"line":7},"1":{"loc":{"start":{"line":7,"column":232},"end":{"line":7,"column":286}},"type":"if","locations":[{"start":{"line":7,"column":232},"end":{"line":7,"column":286}},{"start":{"line":7,"column":232},"end":{"line":7,"column":286}}],"line":7},"2":{"loc":{"start":{"line":7,"column":407},"end":{"line":7,"column":475}},"type":"if","locations":[{"start":{"line":7,"column":407},"end":{"line":7,"column":475}},{"start":{"line":7,"column":407},"end":{"line":7,"column":475}}],"line":7},"3":{"loc":{"start":{"line":7,"column":476},"end":{"line":7,"column":536}},"type":"if","locations":[{"start":{"line":7,"column":476},"end":{"line":7,"column":536}},{"start":{"line":7,"column":476},"end":{"line":7,"column":536}}],"line":7},"4":{"loc":{"start":{"line":17,"column":46},"end":{"line":17,"column":92}},"type":"cond-expr","locations":[{"start":{"line":17,"column":70},"end":{"line":17,"column":73}},{"start":{"line":17,"column":76},"end":{"line":17,"column":92}}],"line":17},"5":{"loc":{"start":{"line":17,"column":46},"end":{"line":17,"column":67}},"type":"binary-expr","locations":[{"start":{"line":17,"column":46},"end":{"line":17,"column":49}},{"start":{"line":17,"column":53},"end":{"line":17,"column":67}}],"line":17},"6":{"loc":{"start":{"line":19,"column":50},"end":{"line":19,"column":151}},"type":"if","locations":[{"start":{"line":19,"column":50},"end":{"line":19,"column":151}},{"start":{"line":19,"column":50},"end":{"line":19,"column":151}}],"line":19},"7":{"loc":{"start":{"line":51,"column":16},"end":{"line":58,"column":17}},"type":"if","locations":[{"start":{"line":51,"column":16},"end":{"line":58,"column":17}},{"start":{"line":51,"column":16},"end":{"line":58,"column":17}}],"line":51},"8":{"loc":{"start":{"line":74,"column":16},"end":{"line":81,"column":17}},"type":"if","locations":[{"start":{"line":74,"column":16},"end":{"line":81,"column":17}},{"start":{"line":74,"column":16},"end":{"line":81,"column":17}}],"line":74},"9":{"loc":{"start":{"line":97,"column":16},"end":{"line":104,"column":17}},"type":"if","locations":[{"start":{"line":97,"column":16},"end":{"line":104,"column":17}},{"start":{"line":97,"column":16},"end":{"line":104,"column":17}}],"line":97},"10":{"loc":{"start":{"line":97,"column":20},"end":{"line":97,"column":72}},"type":"binary-expr","locations":[{"start":{"line":97,"column":20},"end":{"line":97,"column":44}},{"start":{"line":97,"column":48},"end":{"line":97,"column":72}}],"line":97}},"s":{"0":1,"1":1,"2":1,"3":1,"4":4,"5":4,"6":4,"7":4,"8":4,"9":4,"10":1,"11":1,"12":1,"13":1,"14":0,"15":1,"16":1,"17":1,"18":1,"19":1,"20":2,"21":1,"22":0,"23":1,"24":1,"25":1,"26":0,"27":0,"28":0,"29":0,"30":0,"31":0,"32":0,"33":0,"34":7,"35":7,"36":7,"37":7,"38":7,"39":7,"40":0,"41":0,"42":0,"43":0,"44":0,"45":0,"46":0,"47":0,"48":0,"49":0,"50":0,"51":0,"52":0,"53":0,"54":0,"55":0,"56":0,"57":0,"58":1,"59":1,"60":1},"f":{"0":1,"1":1,"2":1,"3":2,"4":1,"5":1,"6":1,"7":0,"8":7,"9":0,"10":0},"b":{"0":[4,4],"1":[4,0],"2":[1,0],"3":[0,1],"4":[1,1],"5":[2,2],"6":[0,1],"7":[7,0],"8":[0,0],"9":[0,0],"10":[0,0]},"_coverageSchema":"43e27e138ebf9cfc5966b082cf9a028302ed4184","hash":"867c515d677f51f6e05eeafe9f41a4b43ab74885","contentHash":"eaa4791a14a5e0dac164280060041db6cac9a7f13307061b2ea222d002bfcf4c"},"/home/kagabo/banka1/Banka/server/routes/userRouters.js":{"path":"/home/kagabo/banka1/Banka/server/routes/userRouters.js","statementMap":{"0":{"start":{"line":3,"column":0},"end":{"line":5,"column":3}},"1":{"start":{"line":7,"column":15},"end":{"line":7,"column":33}},"2":{"start":{"line":9,"column":16},"end":{"line":9,"column":48}},"3":{"start":{"line":11,"column":22},"end":{"line":11,"column":62}},"4":{"start":{"line":13,"column":23},"end":{"line":13,"column":62}},"5":{"start":{"line":15,"column":17},"end":{"line":15,"column":55}},"6":{"start":{"line":17,"column":18},"end":{"line":17,"column":52}},"7":{"start":{"line":19,"column":23},"end":{"line":19,"column":63}},"8":{"start":{"line":21,"column":24},"end":{"line":21,"column":64}},"9":{"start":{"line":23,"column":14},"end":{"line":23,"column":31}},"10":{"start":{"line":25,"column":15},"end":{"line":25,"column":46}},"11":{"start":{"line":27,"column":0},"end":{"line":27,"column":26}},"12":{"start":{"line":29,"column":39},"end":{"line":29,"column":93}},"13":{"start":{"line":31,"column":0},"end":{"line":31,"column":26}},"14":{"start":{"line":33,"column":13},"end":{"line":33,"column":39}},"15":{"start":{"line":39,"column":0},"end":{"line":39,"column":125}},"16":{"start":{"line":40,"column":0},"end":{"line":40,"column":162}},"17":{"start":{"line":41,"column":0},"end":{"line":41,"column":162}},"18":{"start":{"line":42,"column":0},"end":{"line":42,"column":115}},"19":{"start":{"line":43,"column":0},"end":{"line":43,"column":113}},"20":{"start":{"line":44,"column":0},"end":{"line":44,"column":25}}},"fnMap":{"0":{"name":"_interopRequireDefault","decl":{"start":{"line":29,"column":9},"end":{"line":29,"column":31}},"loc":{"start":{"line":29,"column":37},"end":{"line":29,"column":95}},"line":29}},"branchMap":{"0":{"loc":{"start":{"line":29,"column":46},"end":{"line":29,"column":92}},"type":"cond-expr","locations":[{"start":{"line":29,"column":70},"end":{"line":29,"column":73}},{"start":{"line":29,"column":76},"end":{"line":29,"column":92}}],"line":29},"1":{"loc":{"start":{"line":29,"column":46},"end":{"line":29,"column":67}},"type":"binary-expr","locations":[{"start":{"line":29,"column":46},"end":{"line":29,"column":49}},{"start":{"line":29,"column":53},"end":{"line":29,"column":67}}],"line":29}},"s":{"0":1,"1":1,"2":1,"3":1,"4":1,"5":1,"6":1,"7":1,"8":1,"9":1,"10":1,"11":1,"12":5,"13":1,"14":1,"15":1,"16":1,"17":1,"18":1,"19":1,"20":1},"f":{"0":5},"b":{"0":[3,2],"1":[5,5]},"_coverageSchema":"43e27e138ebf9cfc5966b082cf9a028302ed4184","hash":"6a64954cf45dcea164acc9ffcb1c455deba14acd","contentHash":"510e712b5858ed64a3f78db1096573bd9d48553f93dd8a23251da626d1fb25c2"},"/home/kagabo/banka1/Banka/server/controllers/userController.js":{"path":"/home/kagabo/banka1/Banka/server/controllers/userController.js","statementMap":{"0":{"start":{"line":3,"column":0},"end":{"line":5,"column":3}},"1":{"start":{"line":7,"column":19},"end":{"line":7,"column":563}},"2":{"start":{"line":7,"column":76},"end":{"line":7,"column":347}},"3":{"start":{"line":7,"column":89},"end":{"line":7,"column":90}},"4":{"start":{"line":7,"column":134},"end":{"line":7,"column":142}},"5":{"start":{"line":7,"column":144},"end":{"line":7,"column":199}},"6":{"start":{"line":7,"column":200},"end":{"line":7,"column":231}},"7":{"start":{"line":7,"column":232},"end":{"line":7,"column":286}},"8":{"start":{"line":7,"column":259},"end":{"line":7,"column":286}},"9":{"start":{"line":7,"column":287},"end":{"line":7,"column":345}},"10":{"start":{"line":7,"column":350},"end":{"line":7,"column":559}},"11":{"start":{"line":7,"column":407},"end":{"line":7,"column":475}},"12":{"start":{"line":7,"column":423},"end":{"line":7,"column":475}},"13":{"start":{"line":7,"column":476},"end":{"line":7,"column":536}},"14":{"start":{"line":7,"column":493},"end":{"line":7,"column":536}},"15":{"start":{"line":7,"column":537},"end":{"line":7,"column":556}},"16":{"start":{"line":9,"column":14},"end":{"line":9,"column":39}},"17":{"start":{"line":11,"column":15},"end":{"line":11,"column":46}},"18":{"start":{"line":13,"column":20},"end":{"line":13,"column":43}},"19":{"start":{"line":15,"column":21},"end":{"line":15,"column":58}},"20":{"start":{"line":17,"column":14},"end":{"line":17,"column":31}},"21":{"start":{"line":19,"column":15},"end":{"line":19,"column":46}},"22":{"start":{"line":21,"column":21},"end":{"line":21,"column":46}},"23":{"start":{"line":23,"column":22},"end":{"line":23,"column":60}},"24":{"start":{"line":25,"column":10},"end":{"line":25,"column":31}},"25":{"start":{"line":27,"column":11},"end":{"line":27,"column":38}},"26":{"start":{"line":29,"column":16},"end":{"line":29,"column":35}},"27":{"start":{"line":31,"column":17},"end":{"line":31,"column":50}},"28":{"start":{"line":33,"column":39},"end":{"line":33,"column":93}},"29":{"start":{"line":35,"column":50},"end":{"line":35,"column":151}},"30":{"start":{"line":35,"column":92},"end":{"line":35,"column":149}},"31":{"start":{"line":37,"column":21},"end":{"line":270,"column":3}},"32":{"start":{"line":39,"column":8},"end":{"line":39,"column":46}},"33":{"start":{"line":42,"column":4},"end":{"line":267,"column":8}},"34":{"start":{"line":45,"column":24},"end":{"line":45,"column":40}},"35":{"start":{"line":46,"column":22},"end":{"line":46,"column":71}},"36":{"start":{"line":47,"column":12},"end":{"line":64,"column":15}},"37":{"start":{"line":48,"column":16},"end":{"line":48,"column":41}},"38":{"start":{"line":49,"column":16},"end":{"line":63,"column":17}},"39":{"start":{"line":50,"column":31},"end":{"line":50,"column":78}},"40":{"start":{"line":51,"column":20},"end":{"line":57,"column":23}},"41":{"start":{"line":52,"column":24},"end":{"line":52,"column":49}},"42":{"start":{"line":53,"column":24},"end":{"line":56,"column":27}},"43":{"start":{"line":59,"column":20},"end":{"line":62,"column":23}},"44":{"start":{"line":69,"column":28},"end":{"line":69,"column":36}},"45":{"start":{"line":70,"column":24},"end":{"line":70,"column":39}},"46":{"start":{"line":71,"column":28},"end":{"line":71,"column":47}},"47":{"start":{"line":72,"column":27},"end":{"line":72,"column":45}},"48":{"start":{"line":73,"column":27},"end":{"line":73,"column":45}},"49":{"start":{"line":75,"column":23},"end":{"line":75,"column":30}},"50":{"start":{"line":76,"column":23},"end":{"line":76,"column":72}},"51":{"start":{"line":78,"column":12},"end":{"line":114,"column":15}},"52":{"start":{"line":79,"column":16},"end":{"line":79,"column":41}},"53":{"start":{"line":80,"column":16},"end":{"line":113,"column":17}},"54":{"start":{"line":81,"column":20},"end":{"line":84,"column":23}},"55":{"start":{"line":86,"column":31},"end":{"line":86,"column":33}},"56":{"start":{"line":87,"column":20},"end":{"line":87,"column":91}},"57":{"start":{"line":88,"column":40},"end":{"line":88,"column":97}},"58":{"start":{"line":90,"column":34},"end":{"line":90,"column":89}},"59":{"start":{"line":91,"column":30},"end":{"line":91,"column":135}},"60":{"start":{"line":92,"column":20},"end":{"line":112,"column":23}},"61":{"start":{"line":93,"column":40},"end":{"line":97,"column":25}},"62":{"start":{"line":98,"column":36},"end":{"line":100,"column":26}},"63":{"start":{"line":101,"column":24},"end":{"line":101,"column":49}},"64":{"start":{"line":102,"column":24},"end":{"line":111,"column":27}},"65":{"start":{"line":119,"column":29},"end":{"line":119,"column":37}},"66":{"start":{"line":120,"column":24},"end":{"line":120,"column":40}},"67":{"start":{"line":121,"column":28},"end":{"line":121,"column":48}},"68":{"start":{"line":122,"column":27},"end":{"line":122,"column":46}},"69":{"start":{"line":123,"column":27},"end":{"line":123,"column":46}},"70":{"start":{"line":125,"column":23},"end":{"line":125,"column":30}},"71":{"start":{"line":126,"column":23},"end":{"line":126,"column":72}},"72":{"start":{"line":128,"column":12},"end":{"line":166,"column":15}},"73":{"start":{"line":129,"column":16},"end":{"line":129,"column":41}},"74":{"start":{"line":131,"column":16},"end":{"line":165,"column":17}},"75":{"start":{"line":132,"column":20},"end":{"line":135,"column":23}},"76":{"start":{"line":138,"column":31},"end":{"line":138,"column":33}},"77":{"start":{"line":139,"column":20},"end":{"line":139,"column":91}},"78":{"start":{"line":140,"column":40},"end":{"line":140,"column":97}},"79":{"start":{"line":142,"column":34},"end":{"line":142,"column":90}},"80":{"start":{"line":143,"column":30},"end":{"line":143,"column":135}},"81":{"start":{"line":144,"column":20},"end":{"line":164,"column":23}},"82":{"start":{"line":145,"column":40},"end":{"line":149,"column":25}},"83":{"start":{"line":150,"column":36},"end":{"line":152,"column":26}},"84":{"start":{"line":153,"column":24},"end":{"line":153,"column":49}},"85":{"start":{"line":154,"column":24},"end":{"line":163,"column":27}},"86":{"start":{"line":171,"column":29},"end":{"line":171,"column":37}},"87":{"start":{"line":172,"column":24},"end":{"line":172,"column":40}},"88":{"start":{"line":173,"column":28},"end":{"line":173,"column":48}},"89":{"start":{"line":174,"column":27},"end":{"line":174,"column":46}},"90":{"start":{"line":175,"column":27},"end":{"line":175,"column":46}},"91":{"start":{"line":177,"column":23},"end":{"line":177,"column":31}},"92":{"start":{"line":178,"column":23},"end":{"line":178,"column":72}},"93":{"start":{"line":180,"column":12},"end":{"line":218,"column":15}},"94":{"start":{"line":181,"column":16},"end":{"line":181,"column":41}},"95":{"start":{"line":183,"column":16},"end":{"line":217,"column":17}},"96":{"start":{"line":184,"column":20},"end":{"line":187,"column":23}},"97":{"start":{"line":190,"column":31},"end":{"line":190,"column":33}},"98":{"start":{"line":191,"column":20},"end":{"line":191,"column":91}},"99":{"start":{"line":192,"column":40},"end":{"line":192,"column":97}},"100":{"start":{"line":194,"column":34},"end":{"line":194,"column":90}},"101":{"start":{"line":195,"column":30},"end":{"line":195,"column":135}},"102":{"start":{"line":196,"column":20},"end":{"line":216,"column":23}},"103":{"start":{"line":197,"column":40},"end":{"line":201,"column":25}},"104":{"start":{"line":202,"column":36},"end":{"line":204,"column":26}},"105":{"start":{"line":205,"column":24},"end":{"line":205,"column":49}},"106":{"start":{"line":206,"column":24},"end":{"line":215,"column":27}},"107":{"start":{"line":223,"column":29},"end":{"line":223,"column":37}},"108":{"start":{"line":224,"column":24},"end":{"line":224,"column":40}},"109":{"start":{"line":225,"column":27},"end":{"line":225,"column":46}},"110":{"start":{"line":227,"column":30},"end":{"line":227,"column":66}},"111":{"start":{"line":229,"column":22},"end":{"line":229,"column":70}},"112":{"start":{"line":230,"column":12},"end":{"line":257,"column":15}},"113":{"start":{"line":231,"column":16},"end":{"line":256,"column":17}},"114":{"start":{"line":232,"column":36},"end":{"line":236,"column":21}},"115":{"start":{"line":237,"column":20},"end":{"line":237,"column":43}},"116":{"start":{"line":238,"column":20},"end":{"line":250,"column":21}},"117":{"start":{"line":239,"column":36},"end":{"line":241,"column":26}},"118":{"start":{"line":242,"column":24},"end":{"line":244,"column":27}},"119":{"start":{"line":246,"column":24},"end":{"line":249,"column":27}},"120":{"start":{"line":252,"column":20},"end":{"line":255,"column":23}},"121":{"start":{"line":262,"column":12},"end":{"line":265,"column":15}},"122":{"start":{"line":269,"column":4},"end":{"line":269,"column":26}},"123":{"start":{"line":272,"column":12},"end":{"line":272,"column":32}},"124":{"start":{"line":273,"column":0},"end":{"line":273,"column":24}}},"fnMap":{"0":{"name":"(anonymous_0)","decl":{"start":{"line":7,"column":19},"end":{"line":7,"column":20}},"loc":{"start":{"line":7,"column":31},"end":{"line":7,"column":561}},"line":7},"1":{"name":"defineProperties","decl":{"start":{"line":7,"column":42},"end":{"line":7,"column":58}},"loc":{"start":{"line":7,"column":74},"end":{"line":7,"column":349}},"line":7},"2":{"name":"(anonymous_2)","decl":{"start":{"line":7,"column":357},"end":{"line":7,"column":358}},"loc":{"start":{"line":7,"column":405},"end":{"line":7,"column":558}},"line":7},"3":{"name":"_interopRequireDefault","decl":{"start":{"line":33,"column":9},"end":{"line":33,"column":31}},"loc":{"start":{"line":33,"column":37},"end":{"line":33,"column":95}},"line":33},"4":{"name":"_classCallCheck","decl":{"start":{"line":35,"column":9},"end":{"line":35,"column":24}},"loc":{"start":{"line":35,"column":48},"end":{"line":35,"column":153}},"line":35},"5":{"name":"(anonymous_5)","decl":{"start":{"line":37,"column":21},"end":{"line":37,"column":22}},"loc":{"start":{"line":37,"column":33},"end":{"line":270,"column":1}},"line":37},"6":{"name":"UserController","decl":{"start":{"line":38,"column":13},"end":{"line":38,"column":27}},"loc":{"start":{"line":38,"column":30},"end":{"line":40,"column":5}},"line":38},"7":{"name":"deleteUser","decl":{"start":{"line":44,"column":24},"end":{"line":44,"column":34}},"loc":{"start":{"line":44,"column":45},"end":{"line":65,"column":9}},"line":44},"8":{"name":"(anonymous_8)","decl":{"start":{"line":47,"column":41},"e
[...]
"defineProperties","decl":{"start":{"line":7,"column":42},"end":{"line":7,"column":58}},"loc":{"start":{"line":7,"column":74},"end":{"line":7,"column":349}},"line":7},"2":{"name":"(anonymous_2)","decl":{"start":{"line":7,"column":357},"end":{"line":7,"column":358}},"loc":{"start":{"line":7,"column":405},"end":{"line":7,"column":558}},"line":7},"3":{"name":"_interopRequireDefault","decl":{"start":{"line":29,"column":9},"end":{"line":29,"column":31}},"loc":{"start":{"line":29,"column":37},"end":{"line":29,"column":95}},"line":29},"4":{"name":"_classCallCheck","decl":{"start":{"line":31,"column":9},"end":{"line":31,"column":24}},"loc":{"start":{"line":31,"column":48},"end":{"line":31,"column":153}},"line":31},"5":{"name":"(anonymous_5)","decl":{"start":{"line":33,"column":24},"end":{"line":33,"column":25}},"loc":{"start":{"line":33,"column":36},"end":{"line":254,"column":1}},"line":33},"6":{"name":"AccountController","decl":{"start":{"line":34,"column":13},"end":{"line":34,"column":30}},"loc":{"start":{"line":34,"column":33},"end":{"line":36,"column":5}},"line":34},"7":{"name":"findAllAccounts","decl":{"start":{"line":40,"column":24},"end":{"line":40,"column":39}},"loc":{"start":{"line":40,"column":50},"end":{"line":87,"column":9}},"line":40},"8":{"name":"(anonymous_8)","decl":{"start":{"line":44,"column":45},"end":{"line":44,"column":46}},"loc":{"start":{"line":44,"column":63},"end":{"line":54,"column":17}},"line":44},"9":{"name":"(anonymous_9)","decl":{"start":{"line":57,"column":46},"end":{"line":57,"column":47}},"loc":{"start":{"line":57,"column":64},"end":{"line":67,"column":17}},"line":57},"10":{"name":"(anonymous_10)","decl":{"start":{"line":70,"column":46},"end":{"line":70,"column":47}},"loc":{"start":{"line":70,"column":64},"end":{"line":80,"column":17}},"line":70},"11":{"name":"findAllAccountOfUser","decl":{"start":{"line":90,"column":24},"end":{"line":90,"column":44}},"loc":{"start":{"line":90,"column":55},"end":{"line":117,"column":9}},"line":90},"12":{"name":"(anonymous_12)","decl":{"start":{"line":93,"column":41},"end":{"line":93,"column":42}},"loc":{"start":{"line":93,"column":59},"end":{"line":116,"column":13}},"line":93},"13":{"name":"(anonymous_13)","decl":{"start":{"line":99,"column":50},"end":{"line":99,"column":51}},"loc":{"start":{"line":99,"column":68},"end":{"line":109,"column":21}},"line":99},"14":{"name":"findAccountDetails","decl":{"start":{"line":120,"column":24},"end":{"line":120,"column":42}},"loc":{"start":{"line":120,"column":53},"end":{"line":134,"column":9}},"line":120},"15":{"name":"(anonymous_15)","decl":{"start":{"line":123,"column":41},"end":{"line":123,"column":42}},"loc":{"start":{"line":123,"column":59},"end":{"line":133,"column":13}},"line":123},"16":{"name":"activateDeactivateAccountNew","decl":{"start":{"line":137,"column":24},"end":{"line":137,"column":52}},"loc":{"start":{"line":137,"column":63},"end":{"line":175,"column":9}},"line":137},"17":{"name":"(anonymous_17)","decl":{"start":{"line":140,"column":41},"end":{"line":140,"column":42}},"loc":{"start":{"line":140,"column":59},"end":{"line":174,"column":13}},"line":140},"18":{"name":"(anonymous_18)","decl":{"start":{"line":151,"column":54},"end":{"line":151,"column":55}},"loc":{"start":{"line":151,"column":72},"end":{"line":157,"column":25}},"line":151},"19":{"name":"(anonymous_19)","decl":{"start":{"line":160,"column":54},"end":{"line":160,"column":55}},"loc":{"start":{"line":160,"column":72},"end":{"line":166,"column":25}},"line":160},"20":{"name":"accountDeleteNew","decl":{"start":{"line":178,"column":24},"end":{"line":178,"column":40}},"loc":{"start":{"line":178,"column":51},"end":{"line":204,"column":9}},"line":178},"21":{"name":"(anonymous_21)","decl":{"start":{"line":182,"column":41},"end":{"line":182,"column":42}},"loc":{"start":{"line":182,"column":59},"end":{"line":203,"column":13}},"line":182},"22":{"name":"(anonymous_22)","decl":{"start":{"line":187,"column":50},"end":{"line":187,"column":51}},"loc":{"start":{"line":187,"column":68},"end":{"line":196,"column":21}},"line":187},"23":{"name":"createAccountNew","decl":{"start":{"line":207,"column":24},"end":{"line":207,"column":40}},"loc":{"start":{"line":207,"column":51},"end":{"line":250,"column":9}},"line":207},"24":{"name":"(anonymous_24)","decl":{"start":{"line":215,"column":41},"end":{"line":215,"column":42}},"loc":{"start":{"line":215,"column":59},"end":{"line":249,"column":13}},"line":215},"25":{"name":"(anonymous_25)","decl":{"start":{"line":235,"column":62},"end":{"line":235,"column":63}},"loc":{"start":{"line":235,"column":80},"end":{"line":247,"column":21}},"line":235}},"branchMap":{"0":{"loc":{"start":{"line":7,"column":168},"end":{"line":7,"column":198}},"type":"binary-expr","locations":[{"start":{"line":7,"column":168},"end":{"line":7,"column":189}},{"start":{"line":7,"column":193},"end":{"line":7,"column":198}}],"line":7},"1":{"loc":{"start":{"line":7,"column":232},"end":{"line":7,"column":286}},"type":"if","locations":[{"start":{"line":7,"column":232},"end":{"line":7,"column":286}},{"start":{"line":7,"column":232},"end":{"line":7,"column":286}}],"line":7},"2":{"loc":{"start":{"line":7,"column":407},"end":{"line":7,"column":475}},"type":"if","locations":[{"start":{"line":7,"column":407},"end":{"line":7,"column":475}},{"start":{"line":7,"column":407},"end":{"line":7,"column":475}}],"line":7},"3":{"loc":{"start":{"line":7,"column":476},"end":{"line":7,"column":536}},"type":"if","locations":[{"start":{"line":7,"column":476},"end":{"line":7,"column":536}},{"start":{"line":7,"column":476},"end":{"line":7,"column":536}}],"line":7},"4":{"loc":{"start":{"line":29,"column":46},"end":{"line":29,"column":92}},"type":"cond-expr","locations":[{"start":{"line":29,"column":70},"end":{"line":29,"column":73}},{"start":{"line":29,"column":76},"end":{"line":29,"column":92}}],"line":29},"5":{"loc":{"start":{"line":29,"column":46},"end":{"line":29,"column":67}},"type":"binary-expr","locations":[{"start":{"line":29,"column":46},"end":{"line":29,"column":49}},{"start":{"line":29,"column":53},"end":{"line":29,"column":67}}],"line":29},"6":{"loc":{"start":{"line":31,"column":50},"end":{"line":31,"column":151}},"type":"if","locations":[{"start":{"line":31,"column":50},"end":{"line":31,"column":151}},{"start":{"line":31,"column":50},"end":{"line":31,"column":151}}],"line":31},"7":{"loc":{"start":{"line":42,"column":12},"end":{"line":86,"column":13}},"type":"if","locations":[{"start":{"line":42,"column":12},"end":{"line":86,"column":13}},{"start":{"line":42,"column":12},"end":{"line":86,"column":13}}],"line":42},"8":{"loc":{"start":{"line":46,"column":20},"end":{"line":53,"column":21}},"type":"if","locations":[{"start":{"line":46,"column":20},"end":{"line":53,"column":21}},{"start":{"line":46,"column":20},"end":{"line":53,"column":21}}],"line":46},"9":{"loc":{"start":{"line":55,"column":19},"end":{"line":86,"column":13}},"type":"if","locations":[{"start":{"line":55,"column":19},"end":{"line":86,"column":13}},{"start":{"line":55,"column":19},"end":{"line":86,"column":13}}],"line":55},"10":{"loc":{"start":{"line":59,"column":20},"end":{"line":66,"column":21}},"type":"if","locations":[{"start":{"line":59,"column":20},"end":{"line":66,"column":21}},{"start":{"line":59,"column":20},"end":{"line":66,"column":21}}],"line":59},"11":{"loc":{"start":{"line":68,"column":19},"end":{"line":86,"column":13}},"type":"if","locations":[{"start":{"line":68,"column":19},"end":{"line":86,"column":13}},{"start":{"line":68,"column":19},"end":{"line":86,"column":13}}],"line":68},"12":{"loc":{"start":{"line":72,"column":20},"end":{"line":79,"column":21}},"type":"if","locations":[{"start":{"line":72,"column":20},"end":{"line":79,"column":21}},{"start":{"line":72,"column":20},"end":{"line":79,"column":21}}],"line":72},"13":{"loc":{"start":{"line":81,"column":19},"end":{"line":86,"column":13}},"type":"if","locations":[{"start":{"line":81,"column":19},"end":{"line":86,"column":13}},{"start":{"line":81,"column":19},"end":{"line":86,"column":13}}],"line":81},"14":{"loc":{"start":{"line":81,"column":23},"end":{"line":81,"column":66}},"type":"binary-expr","locations":[{"start":{"line":81,"column":23},"end":{"line":81,"column":42}},{"start":{"line":81,"column":46},"end":{"line":81,"column":66}}],"line":81},"15":{"loc":{"start":{"line":95,"column":16},"end":{"line":115,"column":17}},"type":"if","locations":[{"start":{"line":95,"column":16},"end":{"line":115,"column":17}},{"start":{"line":95,"column":16},"end":{"line":115,"column":17}}],"line":95},"16":{"loc":{"start":{"line":101,"column":24},"end":{"line":108,"column":25}},"type":"if","locations":[{"start":{"line":101,"column":24},"end":{"line":108,"column":25}},{"start":{"line":101,"column":24},"end":{"line":108,"column":25}}],"line":101},"17":{"loc":{"start":{"line":125,"column":16},"end":{"line":132,"column":17}},"type":"if","locations":[{"start":{"line":125,"column":16},"end":{"line":132,"column":17}},{"start":{"line":125,"column":16},"end":{"line":132,"column":17}}],"line":125},"18":{"loc":{"start":{"line":146,"column":16},"end":{"line":173,"column":17}},"type":"if","locations":[{"start":{"line":146,"column":16},"end":{"line":173,"column":17}},{"start":{"line":146,"column":16},"end":{"line":173,"column":17}}],"line":146},"19":{"loc":{"start":{"line":149,"column":20},"end":{"line":167,"column":21}},"type":"if","locations":[{"start":{"line":149,"column":20},"end":{"line":167,"column":21}},{"start":{"line":149,"column":20},"end":{"line":167,"column":21}}],"line":149},"20":{"loc":{"start":{"line":158,"column":27},"end":{"line":167,"column":21}},"type":"if","locations":[{"start":{"line":158,"column":27},"end":{"line":167,"column":21}},{"start":{"line":158,"column":27},"end":{"line":167,"column":21}}],"line":158},"21":{"loc":{"start":{"line":185,"column":16},"end":{"line":202,"column":17}},"type":"if","locations":[{"start":{"line":185,"column":16},"end":{"line":202,"column":17}},{"start":{"line":185,"column":16},"end":{"line":202,"column":17}}],"line":185},"22":{"loc":{"start":{"line":220,"column":16},"end":{"line":248,"column":17}},"type":"if","locations":[{"start":{"line":220,"column":16},"end":{"line":248,"column":17}},{"start":{"line":220,"column":16},"end":{"line":248,"column":17}}],"line":220}},"s":{"0":1,"1":1,"2":1,"3":1,"4":6,"5":6,"6":6,"7":6,"8":6,"9":6,"10":1,"11":1,"12":1,"13":1,"14":0,"15":1,"16":1,"17":1,"18":1,"19":1,"20":1,"21":1,"22":1,"23":1,"24":1,"25":1,"26":5,"27":1,"28":0,"29":1,"30":1,"31":1,"32":0,"33":0,"34":0,"35":0,"36":0,"37":0,"38":0,"39":0,"40":0,"41":0,"42":0,"43":0,"44":0,"45":0,"46":0,"47":0,"48":0,"49":0,"50":0,"51":0,"52":0,"53":0,"54":0,"55":0,"56":0,"57":0,"58":0,"59":0,"60":0,"61":0,"62":0,"63":0,"64":0,"65":0,"66":0,"67":0,"68":0,"69":0,"70":0,"71":0,"72":0,"73":0,"74":0,"75":0,"76":0,"77":0,"78":0,"79":0,"80":0,"81":0,"82":0,"83":0,"84":0,"85":0,"86":0,"87":0,"88":0,"89":0,"90":0,"91":0,"92":0,"93":0,"94":0,"95":0,"96":0,"97":0,"98":0,"99":0,"100":0,"101":0,"102":0,"103":0,"104":0,"105":0,"106":0,"107":0,"108":0,"109":0,"110":0,"111":0,"112":0,"113":0,"114":0,"115":0,"116":0,"117":0,"118":0,"119":0,"120":0,"121":0,"122":0,"123":0,"124":0,"125":0,"126":0,"127":0,"128":1,"129":1,"130":1},"f":{"0":1,"1":1,"2":1,"3":5,"4":1,"5":1,"6":1,"7":0,"8":0,"9":0,"10":0,"11":0,"12":0,"13":0,"14":0,"15":0,"16":0,"17":0,"18":0,"19":0,"20":0,"21":0,"22":0,"23":0,"24":0,"25":0},"b":{"0":[6,6],"1":[6,0],"2":[1,0],"3":[0,1],"4":[3,2],"5":[5,5],"6":[0,1],"7":[0,0],"8":[0,0],"9":[0,0],"10":[0,0],"11":[0,0],"12":[0,0],"13":[0,0],"14":[0,0],"15":[0,0],"16":[0,0],"17":[0,0],"18":[0,0],"19":[0,0],"20":[0,0],"21":[0,0],"22":[0,0]},"_coverageSchema":"43e27e138ebf9cfc5966b082cf9a028302ed4184","hash":"e96ed2dd38e456556e0dfd582eb5e22f30253c28","contentHash":"3f7aced7347cbf40720e548095c497e406acd5a86dc56ff8069118878892e3dc"},"/home/kagabo/banka1/Banka/server/middleware/accountValidation.js":{"path":"/home/kagabo/banka1/Banka/server/middleware/accountValidation.js","statementMap":{"0":{"start":{"line":3,"column":0},"end":{"line":5,"column":3}},"1":{"start":{"line":7,"column":19},"end":{"line":7,"column":563}},"2":{"start":{"line":7,"column":76},"end":{"line":7,"column":347}},"3":{"start":{"line":7,"column":89},"end":{"line":7,"column":90}},"4":{"start":{"line":7,"column":134},"end":{"line":7,"column":142}},"5":{"start":{"line":7,"column":144},"end":{"line":7,"column":199}},"6":{"start":{"line":7,"column":200},"end":{"line":7,"column":231}},"7":{"start":{"line":7,"column":232},"end":{"line":7,"column":286}},"8":{"start":{"line":7,"column":259},"end":{"line":7,"column":286}},"9":{"start":{"line":7,"column":287},"end":{"line":7,"column":345}},"10":{"start":{"line":7,"column":350},"end":{"line":7,"column":559}},"11":{"start":{"line":7,"column":407},"end":{"line":7,"column":475}},"12":{"start":{"line":7,"column":423},"end":{"line":7,"column":475}},"13":{"start":{"line":7,"column":476},"end":{"line":7,"column":536}},"14":{"start":{"line":7,"column":493},"end":{"line":7,"column":536}},"15":{"start":{"line":7,"column":537},"end":{"line":7,"column":556}},"16":{"start":{"line":9,"column":19},"end":{"line":9,"column":41}},"17":{"start":{"line":11,"column":20},"end":{"line":11,"column":56}},"18":{"start":{"line":13,"column":39},"end":{"line":13,"column":93}},"19":{"start":{"line":15,"column":50},"end":{"line":15,"column":151}},"20":{"start":{"line":15,"column":92},"end":{"line":15,"column":149}},"21":{"start":{"line":17,"column":24},"end":{"line":94,"column":3}},"22":{"start":{"line":19,"column":8},"end":{"line":19,"column":49}},"23":{"start":{"line":22,"column":4},"end":{"line":91,"column":8}},"24":{"start":{"line":25,"column":23},"end":{"line":28,"column":13}},"25":{"start":{"line":30,"column":24},"end":{"line":33,"column":13}},"26":{"start":{"line":34,"column":29},"end":{"line":34,"column":67}},"27":{"start":{"line":35,"column":12},"end":{"line":45,"column":13}},"28":{"start":{"line":36,"column":16},"end":{"line":36,"column":23}},"29":{"start":{"line":38,"column":16},"end":{"line":44,"column":19}},"30":{"start":{"line":50,"column":23},"end":{"line":52,"column":13}},"31":{"start":{"line":53,"column":24},"end":{"line":55,"column":13}},"32":{"start":{"line":56,"column":29},"end":{"line":56,"column":67}},"33":{"start":{"line":58,"column":12},"end":{"line":67,"column":13}},"34":{"start":{"line":59,"column":16},"end":{"line":59,"column":23}},"35":{"start":{"line":61,"column":16},"end":{"line":66,"column":19}},"36":{"start":{"line":72,"column":23},"end":{"line":74,"column":13}},"37":{"start":{"line":75,"column":24},"end":{"line":77,"column":13}},"38":{"start":{"line":78,"column":29},"end":{"line":78,"column":67}},"39":{"start":{"line":80,"column":12},"end":{"line":89,"column":13}},"40":{"start":{"line":81,"column":16},"end":{"line":81,"column":23}},"41":{"start":{"line":83,"column":16},"end":{"line":88,"column":19}},"42":{"start":{"line":93,"column":4},"end":{"line":93,"column":29}},"43":{"start":{"line":96,"column":19},"end":{"line":96,"column":42}},"44":{"start":{"line":97,"column":0},"end":{"line":97,"column":31}}},"fnMap":{"0":{"name":"(anonymous_0)","decl":{"start":{"line":7,"column":19},"end":{"line":7,"column":20}},"loc":{"start":{"line":7,"column":31},"end":{"line":7,"column":561}},"line":7},"1":{"name":"defineProperties","decl":{"start":{"line":7,"column":42},"end":{"line":7,"column":58}},"loc":{"start":{"line":7,"column":74},"end":{"line":7,"column":349}},"line":7},"2":{"name":"(anonymous_2)","decl":{"start":{"line":7,"column":357},"end":{"line":7,"column":358}},"loc":{"start":{"line":7,"column":405},"end":{"line":7,"column":558}},"line":7},"3":{"name":"_interopRequireDefault","decl":{"start":{"line":13,"column":9},"end":{"line":13,"column":31}},"loc":{"start":{"line":13,"column":37},"end":{"line":13,"column":95}},"line":13},"4":{"name":"_classCallCheck","decl":{"start":{"line":15,"column":9},"end":{"line":15,"column":24}},"loc":{"start":{"line":15,"column":48},"end":{"line":15,"column":153}},"line":15},"5":{"name":"(anonymous_5)","decl":{"start":{"line":17,"column":24},"end":{"line":17,"column":25}},"loc":{"start":{"line":17,"column":36},"end":{"line":94,"column":1}},"line":17},"6":{"name":"AccountValidation","decl":{"start":{"line":18,"column":13},"end":{"line":18,"column":30}},"loc":{"start":{"line":18,"column":33},"end":{"line":20,"column":5}},"line":18},"7":{"name":"createAccountValidation","decl":{"start":{"line":24,"column":24},"end":{"line":24,"column":47}},"loc":{"start":{"line":24,"column":64},"end":{"line":46,"column":9}},"line":24},"8":{"name":"validateAccountNumber","decl":{"start":{"line":49,"column":24},"end":{"line":49,"column":45}},"loc":{"start":{"line":49,"column":62},"end":{"line":68,"column":9}},"line":49},"9":{"name":"validateEmail","decl":{"start":{"line":71,"column":24},"end":{"line":71,"column":37}},"loc":{"start":{"line":71,"column":54},"end":{"line":90,"column":9}},"line":71}},"branchMap":{"0":{"loc":{"start":{"line":7,"column":168},"end":{"line":7,"column":198}},"type":"binary-expr","locations":[{"start":{"line":7,"column":168},"end":{"line":7,"column":189}},{"start":{"line":7,"column":193},"end":{"line":7,"column":198}}],"line":7},"1":{"loc":{"start":{"line":7,"column":232},"end":{"line":7,"column":286}},"type":"if","locations":[{"start":{"line":7,"column":232},"end":{"line":7,"column":286}},{"start":{"line":7,"column":232},"end":{"line":7,"column":286}}],"line":7},"2":{"loc":{"start":{"line":7,"column":407},"end":{"line":7,"column":475}},"type":"if","locations":[{"start":{"line":7,"column":407},"end":{"line":7,"column":475}},{"start":{"line":7,"column":407},"end":{"line":7,"column":475}}],"line":7},"3":{"loc":{"start":{"line":7,"column":476},"end":{"line":7,"column":536}},"type":"if","locations":[{"start":{"line":7,"column":476},"end":{"line":7,"column":536}},{"start":{"line":7,"column":476},"end":{"line":7,"column":536}}],"line":7},"4":{"loc":{"start":{"line":13,"column":46},"end":{"line":13,"column":92}},"type":"cond-expr","locations":[{"start":{"line":13,"column":70},"end":{"line":13,"column":73}},{"start":{"line":13,"column":76},"end":{"line":13,"column":92}}],"line":13},"5":{"loc":{"start":{"line":13,"column":46},"end":{"line":13,"column":67}},"type":"binary-expr","locations":[{"start":{"line":13,"column":46},"end":{"line":13,"column":49}},{"start":{"line":13,"column":53},"end":{"line":13,"column":67}}],"line":13},"6":{"loc":{"start":{"line":15,"column":50},"end":{"line":15,"column":151}},"type":"if","locations":[{"start":{"line":15,"column":50},"end":{"line":15,"column":151}},{"start":{"line":15,"column":50},"end":{"line":15,"column":151}}],"line":15},"7":{"loc":{"start":{"line":35,"column":12},"end":{"line":45,"column":13}},"type":"if","locations":[{"start":{"line":35,"column":12},"end":{"line":45,"column":13}},{"start":{"line":35,"column":12},"end":{"line":45,"column":13}}],"line":35},"8":{"loc":{"start":{"line":58,"column":12},"end":{"line":67,"column":13}},"type":"if","locations":[{"start":{"line":58,"column":12},"end":{"line":67,"column":13}},{"start":{"line":58,"column":12},"end":{"line":67,"column":13}}],"line":58},"9":{"loc":{"start":{"line":80,"column":12},"end":{"line":89,"column":13}},"type":"if","locations":[{"start":{"line":80,"column":12},"end":{"line":89,"column":13}},{"start":{"line":80,"column":12},"end":{"line":89,"column":13}}],"line":80}},"s":{"0":1,"1":1,"2":1,"3":1,"4":3,"5":3,"6":3,"7":3,"8":3,"9":3,"10":1,"11":1,"12":1,"13":1,"14":0,"15":1,"16":1,"17":1,"18":1,"19":1,"20":0,"21":1,"22":1,"23":1,"24":0,"25":0,"26":0,"27":0,"28":0,"29":0,"30":0,"31":0,"32":0,"33":0,"34":0,"35":0,"36":0,"37":0,"38":0,"39":0,"40":0,"41":0,"42":1,"43":1,"44":1},"f":{"0":1,"1":1,"2":1,"3":1,"4":1,"5":1,"6":1,"7":0,"8":0,"9":0},"b":{"0":[3,3],"1":[3,0],"2":[1,0],"3":[0,1],"4":[0,1],"5":[1,1],"6":[0,1],"7":[0,0],"8":[0,0],"9":[0,0]},"_coverageSchema":"43e27e138ebf9cfc5966b082cf9a028302ed4184","hash":"c16aff461a8d622fce882a41626a7ad399cc7a65","contentHash":"101e9388ca9b3f2d693cf5f4cc3f503ac718406a94f0c576efec1383b4ee5685"}}