{"/home/kagabo/banka1/Banka/server/tests/testAccount.js":{"path":"/home/kagabo/banka1/Banka/server/tests/testAccount.js","statementMap":{"0":{"start":{"line":3,"column":12},"end":{"line":3,"column":27}},"1":{"start":{"line":5,"column":13},"end":{"line":5,"column":42}},"2":{"start":{"line":7,"column":16},"end":{"line":7,"column":36}},"3":{"start":{"line":9,"column":17},"end":{"line":9,"column":50}},"4":{"start":{"line":11,"column":11},"end":{"line":11,"column":28}},"5":{"start":{"line":13,"column":12},"end":{"line":13,"column":40}},"6":{"start":{"line":15,"column":39},"end":{"line":15,"column":93}},"7":{"start":{"line":17,"column":0},"end":{"line":17,"column":39}},"8":{"start":{"line":18,"column":0},"end":{"line":18,"column":24}},"9":{"start":{"line":20,"column":0},"end":{"line":173,"column":3}},"10":{"start":{"line":21,"column":4},"end":{"line":55,"column":7}},"11":{"start":{"line":22,"column":8},"end":{"line":33,"column":11}},"12":{"start":{"line":23,"column":23},"end":{"line":26,"column":13}},"13":{"start":{"line":27,"column":12},"end":{"line":32,"column":15}},"14":{"start":{"line":28,"column":16},"end":{"line":28,"column":44}},"15":{"start":{"line":29,"column":16},"end":{"line":29,"column":47}},"16":{"start":{"line":30,"column":16},"end":{"line":30,"column":77}},"17":{"start":{"line":31,"column":16},"end":{"line":31,"column":23}},"18":{"start":{"line":34,"column":8},"end":{"line":44,"column":11}},"19":{"start":{"line":35,"column":23},"end":{"line":38,"column":13}},"20":{"start":{"line":40,"column":12},"end":{"line":43,"column":15}},"21":{"start":{"line":41,"column":16},"end":{"line":41,"column":44}},"22":{"start":{"line":42,"column":16},"end":{"line":42,"column":23}},"23":{"start":{"line":45,"column":8},"end":{"line":54,"column":11}},"24":{"start":{"line":46,"column":23},"end":{"line":48,"column":13}},"25":{"start":{"line":50,"column":12},"end":{"line":53,"column":15}},"26":{"start":{"line":51,"column":16},"end":{"line":51,"column":44}},"27":{"start":{"line":52,"column":16},"end":{"line":52,"column":23}},"28":{"start":{"line":56,"column":4},"end":{"line":106,"column":7}},"29":{"start":{"line":57,"column":8},"end":{"line":67,"column":11}},"30":{"start":{"line":58,"column":32},"end":{"line":58,"column":38}},"31":{"start":{"line":60,"column":12},"end":{"line":66,"column":15}},"32":{"start":{"line":61,"column":16},"end":{"line":61,"column":44}},"33":{"start":{"line":62,"column":16},"end":{"line":62,"column":47}},"34":{"start":{"line":63,"column":16},"end":{"line":63,"column":65}},"35":{"start":{"line":64,"column":16},"end":{"line":64,"column":76}},"36":{"start":{"line":65,"column":16},"end":{"line":65,"column":23}},"37":{"start":{"line":68,"column":8},"end":{"line":77,"column":11}},"38":{"start":{"line":69,"column":32},"end":{"line":69,"column":38}},"39":{"start":{"line":70,"column":12},"end":{"line":76,"column":15}},"40":{"start":{"line":71,"column":16},"end":{"line":71,"column":44}},"41":{"start":{"line":72,"column":16},"end":{"line":72,"column":47}},"42":{"start":{"line":73,"column":16},"end":{"line":73,"column":65}},"43":{"start":{"line":74,"column":16},"end":{"line":74,"column":76}},"44":{"start":{"line":75,"column":16},"end":{"line":75,"column":23}},"45":{"start":{"line":78,"column":8},"end":{"line":87,"column":11}},"46":{"start":{"line":79,"column":32},"end":{"line":79,"column":37}},"47":{"start":{"line":80,"column":12},"end":{"line":86,"column":15}},"48":{"start":{"line":81,"column":16},"end":{"line":81,"column":44}},"49":{"start":{"line":82,"column":16},"end":{"line":82,"column":47}},"50":{"start":{"line":83,"column":16},"end":{"line":83,"column":65}},"51":{"start":{"line":84,"column":16},"end":{"line":84,"column":107}},"52":{"start":{"line":85,"column":16},"end":{"line":85,"column":23}},"53":{"start":{"line":88,"column":8},"end":{"line":96,"column":11}},"54":{"start":{"line":89,"column":32},"end":{"line":89,"column":38}},"55":{"start":{"line":90,"column":12},"end":{"line":95,"column":15}},"56":{"start":{"line":91,"column":16},"end":{"line":91,"column":44}},"57":{"start":{"line":92,"column":16},"end":{"line":92,"column":47}},"58":{"start":{"line":93,"column":16},"end":{"line":93,"column":65}},"59":{"start":{"line":94,"column":16},"end":{"line":94,"column":23}},"60":{"start":{"line":97,"column":8},"end":{"line":105,"column":11}},"61":{"start":{"line":98,"column":32},"end":{"line":98,"column":38}},"62":{"start":{"line":99,"column":12},"end":{"line":104,"column":15}},"63":{"start":{"line":100,"column":16},"end":{"line":100,"column":44}},"64":{"start":{"line":101,"column":16},"end":{"line":101,"column":47}},"65":{"start":{"line":102,"column":16},"end":{"line":102,"column":65}},"66":{"start":{"line":103,"column":16},"end":{"line":103,"column":23}},"67":{"start":{"line":107,"column":4},"end":{"line":142,"column":7}},"68":{"start":{"line":108,"column":8},"end":{"line":116,"column":11}},"69":{"start":{"line":109,"column":32},"end":{"line":109,"column":38}},"70":{"start":{"line":110,"column":12},"end":{"line":115,"column":15}},"71":{"start":{"line":111,"column":16},"end":{"line":111,"column":46}},"72":{"start":{"line":112,"column":16},"end":{"line":112,"column":65}},"73":{"start":{"line":113,"column":16},"end":{"line":113,"column":98}},"74":{"start":{"line":114,"column":16},"end":{"line":114,"column":23}},"75":{"start":{"line":117,"column":8},"end":{"line":125,"column":11}},"76":{"start":{"line":118,"column":32},"end":{"line":118,"column":36}},"77":{"start":{"line":119,"column":12},"end":{"line":124,"column":15}},"78":{"start":{"line":120,"column":16},"end":{"line":120,"column":46}},"79":{"start":{"line":121,"column":16},"end":{"line":121,"column":65}},"80":{"start":{"line":122,"column":16},"end":{"line":122,"column":107}},"81":{"start":{"line":123,"column":16},"end":{"line":123,"column":23}},"82":{"start":{"line":126,"column":8},"end":{"line":133,"column":11}},"83":{"start":{"line":127,"column":32},"end":{"line":127,"column":39}},"84":{"start":{"line":128,"column":12},"end":{"line":132,"column":15}},"85":{"start":{"line":129,"column":16},"end":{"line":129,"column":46}},"86":{"start":{"line":130,"column":16},"end":{"line":130,"column":65}},"87":{"start":{"line":131,"column":16},"end":{"line":131,"column":23}},"88":{"start":{"line":134,"column":8},"end":{"line":141,"column":11}},"89":{"start":{"line":135,"column":32},"end":{"line":135,"column":38}},"90":{"start":{"line":136,"column":12},"end":{"line":140,"column":15}},"91":{"start":{"line":137,"column":16},"end":{"line":137,"column":46}},"92":{"start":{"line":138,"column":16},"end":{"line":138,"column":65}},"93":{"start":{"line":139,"column":16},"end":{"line":139,"column":23}},"94":{"start":{"line":143,"column":4},"end":{"line":172,"column":7}},"95":{"start":{"line":144,"column":8},"end":{"line":150,"column":11}},"96":{"start":{"line":145,"column":12},"end":{"line":149,"column":15}},"97":{"start":{"line":146,"column":16},"end":{"line":146,"column":46}},"98":{"start":{"line":148,"column":16},"end":{"line":148,"column":23}},"99":{"start":{"line":151,"column":8},"end":{"line":157,"column":11}},"100":{"start":{"line":152,"column":32},"end":{"line":152,"column":39}},"101":{"start":{"line":153,"column":12},"end":{"line":156,"column":15}},"102":{"start":{"line":154,"column":16},"end":{"line":154,"column":46}},"103":{"start":{"line":155,"column":16},"end":{"line":155,"column":23}},"104":{"start":{"line":158,"column":8},"end":{"line":164,"column":11}},"105":{"start":{"line":159,"column":32},"end":{"line":159,"column":35}},"106":{"start":{"line":160,"column":12},"end":{"line":163,"column":15}},"107":{"start":{"line":161,"column":16},"end":{"line":161,"column":46}},"108":{"start":{"line":162,"column":16},"end":{"line":162,"column":23}},"109":{"start":{"line":165,"column":8},"end":{"line":171,"column":11}},"110":{"start":{"line":166,"column":32},"end":{"line":166,"column":38}},"111":{"start":{"line":167,"column":12},"end":{"line":170,"column":15}},"112":{"start":{"line":168,"column":16},"end":{"line":168,"column":46}},"113":{"start":{"line":169,"column":16},"end":{"line":169,"column":23}}},"fnMap":{"0":{"name":"_interopRequireDefault","decl":{"start":{"line":15,"column":9},"end":{"line":15,"column":31}},"loc":{"start":{"line":15,"column":37},"end":{"line":15,"column":95}},"line":15},"1":{"name":"(anonymous_1)","decl":{"start":{"line":20,"column":20},"end":{"line":20,"column":21}},"loc":{"start":{"line":20,"column":32},"end":{"line":173,"column":1}},"line":20},"2":{"name":"(anonymous_2)","decl":{"start":{"line":21,"column":23},"end":{"line":21,"column":24}},"loc":{"start":{"line":21,"column":35},"end":{"line":55,"column":5}},"line":21},"3":{"name":"(anonymous_3)","decl":{"start":{"line":22,"column":32},"end":{"line":22,"column":33}},"loc":{"start":{"line":22,"column":48},"end":{"line":33,"column":9}},"line":22},"4":{"name":"(anonymous_4)","decl":{"start":{"line":27,"column":90},"end":{"line":27,"column":91}},"loc":{"start":{"line":27,"column":110},"end":{"line":32,"column":13}},"line":27},"5":{"name":"(anonymous_5)","decl":{"start":{"line":34,"column":62},"end":{"line":34,"column":63}},"loc":{"start":{"line":34,"column":78},"end":{"line":44,"column":9}},"line":34},"6":{"name":"(anonymous_6)","decl":{"start":{"line":40,"column":90},"end":{"line":40,"column":91}},"loc":{"start":{"line":40,"column":110},"end":{"line":43,"column":13}},"line":40},"7":{"name":"(anonymous_7)","decl":{"start":{"line":45,"column":60},"end":{"line":45,"column":61}},"loc":{"start":{"line":45,"column":76},"end":{"line":54,"column":9}},"line":45},"8":{"name":"(anonymous_8)","decl":{"start":{"line":50,"column":90},"end":{"line":50,"column":91}},"loc":{"start":{"line":50,"column":110},"end":{"line":53,"column":13}},"line":50},"9":{"name":"(anonymous_9)","decl":{"start":{"line":56,"column":24},"end":{"line":56,"column":25}},"loc":{"start":{"line":56,"column":36},"end":{"line":106,"column":5}},"line":56},"10":{"name":"(anonymous_10)","decl":{"start":{"line":57,"column":35},"end":{"line":57,"column":36}},"loc":{"start":{"line":57,"column":51},"end":{"line":67,"column":9}},"line":57},"11":{"name":"(anonymous_11)","decl":{"start":{"line":60,"column":96},"end":{"line":60,"column":97}},"loc":{"start":{"line":60,"column":116},"end":{"line":66,"column":13}},"line":60},"12":{"name":"(anonymous_12)","decl":{"start":{"line":68,"column":48},"end":{"line":68,"column":49}},"loc":{"start":{"line":68,"column":64},"end":{"line":77,"column":9}},"line":68},"13":{"name":"(anonymous_13)","decl":{"start":{"line":70,"column":96},"end":{"line":70,"column":97}},"loc":{"start":{"line":70,"column":116},"end":{"line":76,"column":13}},"line":70},"14":{"name":"(anonymous_14)","decl":{"start":{"line":78,"column":59},"end":{"line":78,"column":60}},"loc":{"start":{"line":78,"column":75},"end":{"line":87,"column":9}},"line":78},"15":{"name":"(anonymous_15)","decl":{"start":{"line":80,"column":96},"end":{"line":80,"column":97}},"loc":{"start":{"line":80,"column":116},"end":{"line":86,"column":13}},"line":80},"16":{"name":"(anonymous_16)","decl":{"start":{"line":88,"column":66},"end":{"line":88,"column":67}},"loc":{"start":{"line":88,"column":82},"end":{"line":96,"column":9}},"line":88},"17":{"name":"(anonymous_17)","decl":{"start":{"line":90,"column":96},"end":{"line":90,"column":97}},"loc":{"start":{"line":90,"column":116},"end":{"line":95,"column":13}},"line":90},"18":{"name":"(anonymous_18)","decl":{"start":{"line":97,"column":64},"end":{"line":97,"column":65}},"loc":{"start":{"line":97,"column":80},"end":{"line":105,"column":9}},"line":97},"19":{"name":"(anonymous_19)","decl":{"start":{"line":99,"column":96},"end":{"line":99,"column":97}},"loc":{"start":{"line":99,"column":116},"end":{"line":104,"column":13}},"line":99},"20":{"name":"(anonymous_20)","decl":{"start":{"line":107,"column":25},"end":{"line":107,"column":26}},"loc":{"start":{"line":107,"column":37},"end":{"line":142,"column":5}},"line":107},"21":{"name":"(anonymous_21)","decl":{"start":{"line":108,"column":66},"end":{"line":108,"column":67}},"loc":{"start":{"line":108,"column":82},"end":{"line":116,"column":9}},"line":108},"22":{"name":"(anonymous_22)","decl":{"start":{"line":110,"column":98},"end":{"line":110,"column":99}},"loc":{"start":{"line":110,"column":118},"end":{"line":115,"column":13}},"line":110},"23":{"name":"(anonymous_23)","decl":{"start":{"line":117,"column":78},"end":{"line":117,"column":79}},"loc":{"start":{"line":117,"column":94},"end":{"line":125,"column":9}},"line":117},"24":{"name":"(anonymous_24)","decl":{"start":{"line":119,"column":98},"end":{"line":119,"column":99}},"loc":{"start":{"line":119,"column":118},"end":{"line":124,"column":13}},"line":119},"25":{"name":"(anonymous_25)","decl":{"start":{"line":126,"column":80},"end":{"line":126,"column":81}},"loc":{"start":{"line":126,"column":96},"end":{"line":133,"column":9}},"line":126},"26":{"name":"(anonymous_26)","decl":{"start":{"line":128,"column":98},"end":{"line":128,"column":99}},"loc":{"start":{"line":128,"column":118},"end":{"line":132,"column":13}},"line":128},"27":{"name":"(anonymous_27)","decl":{"start":{"line":134,"column":73},"end":{"line":134,"column":74}},"loc":{"start":{"line":134,"column":89},"end":{"line":141,"column":9}},"line":134},"28":{"name":"(anonymous_28)","decl":{"start":{"line":136,"column":98},"end":{"line":136,"column":99}},"loc":{"start":{"line":136,"column":118},"end":{"line":140,"column":13}},"line":136},"29":{"name":"(anonymous_29)","decl":{"start":{"line":143,"column":22},"end":{"line":143,"column":23}},"loc":{"start":{"line":143,"column":34},"end":{"line":172,"column":5}},"line":143},"30":{"name":"(anonymous_30)","decl":{"start":{"line":144,"column":37},"end":{"line":144,"column":38}},"loc":{"start":{"line":144,"column":53},"end":{"line":150,"column":9}},"line":144},"31":{"name":"(anonymous_31)","decl":{"start":{"line":145,"column":77},"end":{"line":145,"column":78}},"loc":{"start":{"line":145,"column":97},"end":{"line":149,"column":13}},"line":145},"32":{"name":"(anonymous_32)","decl":{"start":{"line":151,"column":36},"end":{"line":151,"column":37}},"loc":{"start":{"line":151,"column":52},"end":{"line":157,"column":9}},"line":151},"33":{"name":"(anonymous_33)","decl":{"start":{"line":153,"column":94},"end":{"line":153,"column":95}},"loc":{"start":{"line":153,"column":114},"end":{"line":156,"column":13}},"line":153},"34":{"name":"(anonymous_34)","decl":{"start":{"line":158,"column":75},"end":{"line":158,"column":76}},"loc":{"start":{"line":158,"column":91},"end":{"line":164,"column":9}},"line":158},"35":{"name":"(anonymous_35)","decl":{"start":{"line":160,"column":94},"end":{"line":160,"column":95}},"loc":{"start":{"line":160,"column":114},"end":{"line":163,"column":13}},"line":160},"36":{"name":"(anonymous_36)","decl":{"start":{"line":165,"column":53},"end":{"line":165,"column":54}},"loc":{"start":{"line":165,"column":69},"end":{"line":171,"column":9}},"line":165},"37":{"name":"(anonymous_37)","decl":{"start":{"line":167,"column":94},"end":{"line":167,"column":95}},"loc":{"start":{"line":167,"column":114},"end":{"line":170,"column":13}},"line":167}},"branchMap":{"0":{"loc":{"start":{"line":15,"column":46},"end":{"line":15,"column":92}},"type":"cond-expr","locations":[{"start":{"line":15,"column":70},"end":{"line":15,"column":73}},{"start":{"line":15,"column":76},"end":{"line":15,"column":92}}],"line":15},"1":{"loc":{"start":{"line":15,"column":46},"end":{"line":15,"column":67}},"type":"binary-expr","locations":[{"start":{"line":15,"column":46},"end":{"line":15,"column":49}},{"start":{"line":15,"column":53},"end":{"line":15,"column":67}}],"line":15}},"s":{"0":1,"1":1,"2":1,"3":1,"4":1,"5":1,"6":3,"7":1,"8":1,"9":1,"10":1,"11":1,"12":1,"13":1,"14":1,"15":1,"16":1,"17":1,"18":1,"19":1,"20":1,"21":1,"22":1,"23":1,"24":1,"25":1,"26":1,"27":1,"28":1,"29":1,"30":1,"31":1,"32":1,"33":1,"34":1,"35":1,"36":1,"37":1,"38":1,"39":1,"40":1,"41":1,"42":1,"43":1,"44":1,"45":1,"46":1,"47":1,"48":1,"49":1,"50":1,"51":1,"52":1,"53":1,"54":1,"55":1,"56":1,"57":1,"58":1,"59":1,"60":1,"61":1,"62":1,"63":1,"64":1,"65":1,"66":1,"67":1,"68":1,"69":1,"70":1,"71":1,"72":1,"73":1,"74":1,"75":1,"76":1,"77":1,"78":1,"79":1,"80":1,"81":1,"82":1,"83":1,"84":1,"85":1,"86":1,"87":1,"88":1,"89":1,"90":1,"91":1,"92":1,"93":1,"94":1,"95":1,"96":1,"97":1,"98":1,"99":1,"100":1,"101":1,"102":1,"103":1,"104":1,"105":1,"106":1,"107":1,"108":1,"109":1,"110":1,"111":1,"112":1,"113":1},"f":{"0":3,"1":1,"2":1,"3":1,"4":1,"5":1,"6":1,"7":1,"8":1,"9":1,"10":1,"11":1,"12":1,"13":1,"14":1,"15":1,"16":1,"17":1,"18":1,"19":1,"20":1,"21":1,"22":1,"23":1,"24":1,"25":1,"26":1,"27":1,"28":1,"29":1,"30":1,"31":1,"32":1,"33":1,"34":1,"35":1,"36":1,"37":1},"b":{"0":[1,2],"1":[3,3]},"_coverageSchema":"43e27e138ebf9cfc5966b082cf9a028302ed4184","hash":"c42f67475c60bbee193e0e02b75f381b8134efce","contentHash":"2873b161feafc74ce343c9fe576fa07be1765b7718058e75f5c59f483721fa4e"},"/home/kagabo/banka1/Banka/server/app.js":{"path":"/home/kagabo/banka1/Banka/server/app.js","statementMap":{"0":{"start":{"line":3,"column":0},"end":{"line":5,"column":3}},"1":{"start":{"line":7,"column":15},"end":{"line":7,"column":33}},"2":{"start":{"line":9,"column":16},"end":{"line":9,"column":48}},"3":{"start":{"line":11,"column":18},"end":{"line":11,"column":40}},"4":{"start":{"line":13,"column":19},"end":{"line":13,"column":54}},"5":{"start":{"line":15,"column":26},"end":{"line":15,"column":64}},"6":{"start":{"line":17,"column":27},"end":{"line":17,"column":70}},"7":{"start":{"line":19,"column":19},"end":{"line":19,"column":50}},"8":{"start":{"line":21,"column":20},"end":{"line":21,"column":56}},"9":{"start":{"line":23,"column":22},"end":{"line":23,"column":56}},"10":{"start":{"line":25,"column":23},"end":{"line":25,"column":62}},"11":{"start":{"line":27,"column":39},"end":{"line":27,"column":93}},"12":{"start":{"line":29,"column":10},"end":{"line":29,"column":34}},"13":{"start":{"line":31,"column":0},"end":{"line":31,"column":37}},"14":{"start":{"line":32,"column":0},"end":{"line":32,"column":62}},"15":{"start":{"line":33,"column":0},"end":{"line":33,"column":38}},"16":{"start":{"line":34,"column":0},"end":{"line":34,"column":31}},"17":{"start":{"line":35,"column":0},"end":{"line":35,"column":34}},"18":{"start":{"line":37,"column":11},"end":{"line":37,"column":35}},"19":{"start":{"line":39,"column":0},"end":{"line":41,"column":3}},"20":{"start":{"line":40,"column":4},"end":{"line":40,"column":58}},"21":{"start":{"line":43,"column":0},"end":{"line":43,"column":22}}},"fnMap":{"0":{"name":"_interopRequireDefault","decl":{"start":{"line":27,"column":9},"end":{"line":27,"column":31}},"loc":{"start":{"line":27,"column":37},"end":{"line":27,"column":95}},"line":27},"1":{"name":"(anonymous_1)","decl":{"start":{"line":39,"column":17},"end":{"line":39,"column":18}},"loc":{"start":{"line":39,"column":29},"end":{"line":41,"column":1}},"line":39}},"branchMap":{"0":{"loc":{"start":{"line":27,"column":46},"end":{"line":27,"column":92}},"type":"cond-expr","locations":[{"start":{"line":27,"column":70},"end":{"line":27,"column":73}},{"start":{"line":27,"column":76},"end":{"line":27,"column":92}}],"line":27},"1":{"loc":{"start":{"line":27,"column":46},"end":{"line":27,"column":67}},"type":"binary-expr","locations":[{"start":{"line":27,"column":46},"end":{"line":27,"column":49}},{"start":{"line":27,"column":53},"end":{"line":27,"column":67}}],"line":27},"2":{"loc":{"start":{"line":37,"column":11},"end":{"line":37,"column":35}},"type":"binary-expr","locations":[{"start":{"line":37,"column":11},"end":{"line":37,"column":27}},{"start":{"line":37,"column":31},"end":{"line":37,"column":35}}],"line":37}},"s":{"0":1,"1":1,"2":1,"3":1,"4":1,"5":1,"6":1,"7":1,"8":1,"9":1,"10":1,"11":5,"12":1,"13":1,"14":1,"15":1,"16":1,"17":1,"18":1,"19":1,"20":1,"21":1},"f":{"0":5,"1":1},"b":{"0":[3,2],"1":[5,5],"2":[1,1]},"_coverageSchema":"43e27e138ebf9cfc5966b082cf9a028302ed4184","hash":"3448e3eb1d77f28d3476e7c28f55271296c70449","contentHash":"a6e4eb192cba24ebc8101c7ffb7ac22e3aea748fac12333fa31787a439d9aafe"},"/home/kagabo/banka1/Banka/server/routes/transactionRouters.js":{"path":"/home/kagabo/banka1/Banka/server/routes/transactionRouters.js","statementMap":{"0":{"start":{"line":3,"column":0},"end":{"line":5,"column":3}},"1":{"start":{"line":7,"column":29},"end":{"line":7,"column":76}},"2":{"start":{"line":9,"column":30},"end":{"line":9,"column":76}},"3":{"start":{"line":11,"column":15},"end":{"line":11,"column":33}},"4":{"start":{"line":13,"column":16},"end":{"line":13,"column":48}},"5":{"start":{"line":15,"column":29},"end":{"line":15,"column":75}},"6":{"start":{"line":17,"column":30},"end":{"line":17,"column":76}},"7":{"start":{"line":19,"column":39},"end":{"line":19,"column":93}},"8":{"start":{"line":21,"column":13},"end":{"line":21,"column":39}},"9":{"start":{"line":23,"column":0},"end":{"line":23,"column":162}},"10":{"start":{"line":24,"column":0},"end":{"line":24,"column":163}},"11":{"start":{"line":25,"column":0},"end":{"line":25,"column":93}},"12":{"start":{"line":26,"column":0},"end":{"line":26,"column":166}},"13":{"start":{"line":28,"column":0},"end":{"line":28,"column":25}}},"fnMap":{"0":{"name":"_interopRequireDefault","decl":{"start":{"line":19,"column":9},"end":{"line":19,"column":31}},"loc":{"start":{"line":19,"column":37},"end":{"line":19,"column":95}},"line":19}},"branchMap":{"0":{"loc":{"start":{"line":19,"column":46},"end":{"line":19,"column":92}},"type":"cond-expr","locations":[{"start":{"line":19,"column":70},"end":{"line":19,"column":73}},{"start":{"line":19,"column":76},"end":{"line":19,"column":92}}],"line":19},"1":{"loc":{"start":{"line":19,"column":46},"end":{"line":19,"column":67}},"type":"binary-expr","locations":[{"start":{"line":19,"column":46},"end":{"line":19,"column":49}},{"start":{"line":19,"column":53},"end":{"line":19,"column":67}}],"line":19}},"s":{"0":1,"1":1,"2":1,"3":1,"4":1,"5":1,"6":1,"7":3,"8":1,"9":1,"10":1,"11":1,"12":1,"13":1},"f":{"0":3},"b":{"0":[2,1],"1":[3,3]},"_coverageSchema":"43e27e138ebf9cfc5966b082cf9a028302ed4184","hash":"5e9608cc2e393fb4b540a2b2dbcca5c4daee0537","contentHash":"94f2d009d17ed14dfefcbb1aec6f20b949d4c7bb76d6be816f05fee820322075"},"/home/kagabo/banka1/Banka/server/controllers/transactionController.js":{"path":"/home/kagabo/banka1/Banka/server/controllers/transactionController.js","statementMap":{"0":{"start":{"line":3,"column":0},"end":{"line":5,"column":3}},"1":{"start":{"line":7,"column":19},"end":{"line":7,"column":563}},"2":{"start":{"line":7,"column":76},"end":{"line":7,"column":347}},"3":{"start":{"line":7,"column":89},"end":{"line":7,"column":90}},"4":{"start":{"line":7,"column":134},"end":{"line":7,"column":142}},"5":{"start":{"line":7,"column":144},"end":{"line":7,"column":199}},"6":{"start":{"line":7,"column":200},"end":{"line":7,"column":231}},"7":{"start":{"line":7,"column":232},"end":{"line":7,"column":286}},"8":{"start":{"line":7,"column":259},"end":{"line":7,"column":286}},"9":{"start":{"line":7,"column":287},"end":{"line":7,"column":345}},"10":{"start":{"line":7,"column":350},"end":{"line":7,"column":559}},"11":{"start":{"line":7,"column":407},"end":{"line":7,"column":475}},"12":{"start":{"line":7,"column":423},"end":{"line":7,"column":475}},"13":{"start":{"line":7,"column":476},"end":{"line":7,"column":536}},"14":{"start":{"line":7,"column":493},"end":{"line":7,"column":536}},"15":{"start":{"line":7,"column":537},"end":{"line":7,"column":556}},"16":{"start":{"line":9,"column":14},"end":{"line":9,"column":39}},"17":{"start":{"line":11,"column":15},"end":{"line":11,"column":46}},"18":{"start":{"line":13,"column":17},"end":{"line":13,"column":45}},"19":{"start":{"line":15,"column":18},"end":{"line":15,"column":52}},"20":{"start":{"line":17,"column":21},"end":{"line":17,"column":53}},"21":{"start":{"line":19,"column":22},"end":{"line":19,"column":60}},"22":{"start":{"line":21,"column":19},"end":{"line":21,"column":41}},"23":{"start":{"line":23,"column":20},"end":{"line":23,"column":56}},"24":{"start":{"line":25,"column":39},"end":{"line":25,"column":93}},"25":{"start":{"line":27,"column":50},"end":{"line":27,"column":151}},"26":{"start":{"line":27,"column":92},"end":{"line":27,"column":149}},"27":{"start":{"line":29,"column":28},"end":{"line":185,"column":3}},"28":{"start":{"line":31,"column":8},"end":{"line":31,"column":53}},"29":{"start":{"line":34,"column":4},"end":{"line":182,"column":8}},"30":{"start":{"line":37,"column":31},"end":{"line":37,"column":37}},"31":{"start":{"line":38,"column":31},"end":{"line":38,"column":37}},"32":{"start":{"line":40,"column":12},"end":{"line":45,"column":15}},"33":{"start":{"line":41,"column":16},"end":{"line":44,"column":17}},"34":{"start":{"line":42,"column":20},"end":{"line":42,"column":43}},"35":{"start":{"line":43,"column":20},"end":{"line":43,"column":41}},"36":{"start":{"line":47,"column":12},"end":{"line":94,"column":13}},"37":{"start":{"line":48,"column":16},"end":{"line":51,"column":19}},"38":{"start":{"line":52,"column":19},"end":{"line":94,"column":13}},"39":{"start":{"line":53,"column":16},"end":{"line":56,"column":19}},"40":{"start":{"line":58,"column":37},"end":{"line":67,"column":17}},"41":{"start":{"line":69,"column":16},"end":{"line":69,"column":61}},"42":{"start":{"line":71,"column":33},"end":{"line":79,"column":17}},"43":{"start":{"line":80,"column":16},"end":{"line":80,"column":72}},"44":{"start":{"line":81,"column":16},"end":{"line":93,"column":19}},"45":{"start":{"line":99,"column":31},"end":{"line":99,"column":37}},"46":{"start":{"line":100,"column":31},"end":{"line":100,"column":37}},"47":{"start":{"line":102,"column":12},"end":{"line":107,"column":15}},"48":{"start":{"line":103,"column":16},"end":{"line":106,"column":17}},"49":{"start":{"line":104,"column":20},"end":{"line":104,"column":43}},"50":{"start":{"line":105,"column":20},"end":{"line":105,"column":41}},"51":{"start":{"line":109,"column":12},"end":{"line":151,"column":13}},"52":{"start":{"line":110,"column":16},"end":{"line":113,"column":19}},"53":{"start":{"line":115,"column":37},"end":{"line":124,"column":17}},"54":{"start":{"line":126,"column":16},"end":{"line":126,"column":61}},"55":{"start":{"line":128,"column":33},"end":{"line":136,"column":17}},"56":{"start":{"line":137,"column":16},"end":{"line":137,"column":72}},"57":{"start":{"line":138,"column":16},"end":{"line":150,"column":19}},"58":{"start":{"line":156,"column":12},"end":{"line":159,"column":15}},"59":{"start":{"line":164,"column":44},"end":{"line":166,"column":14}},"60":{"start":{"line":165,"column":16},"end":{"line":165,"column":79}},"61":{"start":{"line":167,"column":31},"end":{"line":169,"column":14}},"62":{"start":{"line":168,"column":16},"end":{"line":168,"column":85}},"63":{"start":{"line":170,"column":12},"end":{"line":180,"column":13}},"64":{"start":{"line":171,"column":16},"end":{"line":174,"column":19}},"65":{"start":{"line":176,"column":16},"end":{"line":179,"column":19}},"66":{"start":{"line":184,"column":4},"end":{"line":184,"column":33}},"67":{"start":{"line":187,"column":11},"end":{"line":187,"column":38}},"68":{"start":{"line":189,"column":0},"end":{"line":189,"column":23}}},"fnMap":{"0":{"name":"(anonymous_0)","decl":{"start":{"line":7,"column":19},"end":{"line":7,"column":20}},"loc":{"start":{"line":7,"column":31},"end":{"line":7,"column":561}},"line":7},"1":{"name":"defineProperties","decl":{"start":{"line":7,"column":42},"end":{"line":7,"column":58}},"loc":{"start":{"line":7,"column":74},"end":{"line":7,"column":349}},"line":7},"2":{"name":"(anonymous_2)","decl":{"start":{"line":7,"column":357},"end":{"line":7,"column":358}},"loc":{"start":{"line":7,"column":405},"end":{"line":7,"column":558}},"line":7},"3":{"name":"_interopRequireDefault","decl":{"start":{"line":25,"column":9},"end":{"line":25,"column":31}},"loc":{"start":{"line":25,"column":37},"end":{"line":25,"column":95}},"line":25},"4":{"name":"_classCallCheck","decl":{"start":{"line":27,"column":9},"end":{"line":27,"column":24}},"loc":{"start":{"line":27,"column":48},"end":{"line":27,"column":153}},"line":27},"5":{"name":"(anonymous_5)","decl":{"start":{"line":29,"column":28},"end":{"line":29,"column":29}},"loc":{"start":{"line":29,"column":40},"end":{"line":185,"column":1}},"line":29},"6":{"name":"TransactionController","decl":{"start":{"line":30,"column":13},"end":{"line":30,"column":34}},"loc":{"start":{"line":30,"column":37},"end":{"line":32,"column":5}},"line":30},"7":{"name":"debiteAccount","decl":{"start":{"line":36,"column":24},"end":{"line":36,"column":37}},"loc":{"start":{"line":36,"column":48},"end":{"line":95,"column":9}},"line":36},"8":{"name":"(anonymous_8)","decl":{"start":{"line":40,"column":36},"end":{"line":40,"column":37}},"loc":{"start":{"line":40,"column":62},"end":{"line":45,"column":13}},"line":40},"9":{"name":"creditAccount","decl":{"start":{"line":98,"column":24},"end":{"line":98,"column":37}},"loc":{"start":{"line":98,"column":48},"end":{"line":152,"column":9}},"line":98},"10":{"name":"(anonymous_10)","decl":{"start":{"line":102,"column":36},"end":{"line":102,"column":37}},"loc":{"start":{"line":102,"column":62},"end":{"line":107,"column":13}},"line":102},"11":{"name":"getAllTransaction","decl":{"start":{"line":155,"column":24},"end":{"line":155,"column":41}},"loc":{"start":{"line":155,"column":52},"end":{"line":160,"column":9}},"line":155},"12":{"name":"getAllTransactionForAccount","decl":{"start":{"line":163,"column":24},"end":{"line":163,"column":51}},"loc":{"start":{"line":163,"column":62},"end":{"line":181,"column":9}},"line":163},"13":{"name":"(anonymous_13)","decl":{"start":{"line":164,"column":73},"end":{"line":164,"column":74}},"loc":{"start":{"line":164,"column":87},"end":{"line":166,"column":13}},"line":164},"14":{"name":"(anonymous_14)","decl":{"start":{"line":167,"column":62},"end":{"line":167,"column":63}},"loc":{"start":{"line":167,"column":82},"end":{"line":169,"column":13}},"line":167}},"branchMap":{"0":{"loc":{"start":{"line":7,"column":168},"end":{"line":7,"column":198}},"type":"binary-expr","locations":[{"start":{"line":7,"column":168},"end":{"line":7,"column":189}},{"start":{"line":7,"column":193},"end":{"line":7,"column":198}}],"line":7},"1":{"loc":{"start":{"line":7,"column":232},"end":{"line":7,"column":286}},"type":"if","locations":[{"start":{"line":7,"column":232},"end":{"line":7,"column":286}},{"start":{"line":7,"column":232},"end":{"line":7,"column":286}}],"line":7},"2":{"loc":{"start":{"line":7,"column":407},"end":{"line":7,"column":475}},"type":"if","locations":[{"start":{"line":7,"column":407},"end":{"line":7,"column":475}},{"start":{"line":7,"column":407},"end":{"line":7,"column":475}}],"line":7},"3":{"loc":{"start":{"line":7,"column":476},"end":{"line":7,"column":536}},"type":"if","locations":[{"start":{"line":7,"column":476},"end":{"line":7,"column":536}},{"start":{"line":7,"column":476},"end":{"line":7,"column":536}}],"line":7},"4":{"loc":{"start":{"line":25,"column":46},"end":{"line":25,"column":92}},"type":"cond-expr","locations":[{"start":{"line":25,"column":70},"end":{"line":25,"column":73}},{"start":{"line":25,"column":76},"end":{"line":25,"column":92}}],"line":25},"5":{"loc":{"start":{"line":25,"column":46},"end":{"line":25,"column":67}},"type":"binary-expr","locations":[{"start":{"line":25,"column":46},"end":{"line":25,"column":49}},{"start":{"line":25,"column":53},"end":{"line":25,"column":67}}],"line":25},"6":{"loc":{"start":{"line":27,"column":50},"end":{"line":27,"column":151}},"type":"if","locations":[{"start":{"line":27,"column":50},"end":{"line":27,"column":151}},{"start":{"line":27,"column":50},"end":{"line":27,"column":151}}],"line":27},"7":{"loc":{"start":{"line":41,"column":16},"end":{"line":44,"column":17}},"type":"if","locations":[{"start":{"line":41,"column":16},"end":{"line":44,"column":17}},{"start":{"line":41,"column":16},"end":{"line":44,"column":17}}],"line":41},"8":{"loc":{"start":{"line":47,"column":12},"end":{"line":94,"column":13}},"type":"if","locations":[{"start":{"line":47,"column":12},"end":{"line":94,"column":13}},{"start":{"line":47,"column":12},"end":{"line":94,"column":13}}],"line":47},"9":{"loc":{"start":{"line":52,"column":19},"end":{"line":94,"column":13}},"type":"if","locations":[{"start":{"line":52,"column":19},"end":{"line":94,"column":13}},{"start":{"line":52,"column":19},"end":{"line":94,"column":13}}],"line":52},"10":{"loc":{"start":{"line":103,"column":16},"end":{"line":106,"column":17}},"type":"if","locations":[{"start":{"line":103,"column":16},"end":{"line":106,"column":17}},{"start":{"line":103,"column":16},"end":{"line":106,"column":17}}],"line":103},"11":{"loc":{"start":{"line":109,"column":12},"end":{"line":151,"column":13}},"type":"if","locations":[{"start":{"line":109,"column":12},"end":{"line":151,"column":13}},{"start":{"line":109,"column":12},"end":{"line":151,"column":13}}],"line":109},"12":{"loc":{"start":{"line":170,"column":12},"end":{"line":180,"column":13}},"type":"if","locations":[{"start":{"line":170,"column":12},"end":{"line":180,"column":13}},{"start":{"line":170,"column":12},"end":{"line":180,"column":13}}],"line":170}},"s":{"0":1,"1":1,"2":1,"3":1,"4":4,"5":4,"6":4,"7":4,"8":4,"9":4,"10":1,"11":1,"12":1,"13":1,"14":0,"15":1,"16":1,"17":1,"18":1,"19":1,"20":1,"21":1,"22":1,"23":1,"24":4,"25":1,"26":0,"27":1,"28":1,"29":1,"30":3,"31":3,"32":3,"33":6,"34":2,"35":2,"36":3,"37":1,"38":2,"39":1,"40":1,"41":1,"42":1,"43":1,"44":1,"45":2,"46":2,"47":2,"48":4,"49":1,"50":1,"51":2,"52":1,"53":1,"54":1,"55":1,"56":1,"57":1,"58":1,"59":2,"60":4,"61":2,"62":6,"63":2,"64":1,"65":1,"66":1,"67":1,"68":1},"f":{"0":1,"1":1,"2":1,"3":4,"4":1,"5":1,"6":1,"7":3,"8":6,"9":2,"10":4,"11":1,"12":2,"13":4,"14":6},"b":{"0":[4,4],"1":[4,0],"2":[1,0],"3":[0,1],"4":[3,1],"5":[4,4],"6":[0,1],"7":[2,4],"8":[1,2],"9":[1,1],"10":[1,3],"11":[1,1],"12":[1,1]},"_coverageSchema":"43e27e138ebf9cfc5966b082cf9a028302ed4184","hash":"9c44bdec3b42259a86687bce6677f8ec118037df","contentHash":"f57d2591be826111d623603f25b9348cd7f94a7f67105906df7340757831784e"},"/home/kagabo/banka1/Banka/server/db/userDB.js":{"path":"/home/kagabo/banka1/Banka/server/db/userDB.js","statementMap":{"0":{"start":{"line":3,"column":0},"end":{"line":5,"column":3}},"1":{"start":{"line":6,"column":9},"end":{"line":22,"column":2}},"2":{"start":{"line":24,"column":0},"end":{"line":24,"column":21}}},"fnMap":{},"branchMap":{},"s":{"0":1,"1":1,"2":1},"f":{},"b":{},"_coverageSchema":"43e27e138ebf9cfc5966b082cf9a028302ed4184","hash":"fc25c548cc443e642a44abd2e004c80656ae02bf","contentHash":"5bafe7e2245b81a6d4509ed56b8cb0aca44b1d0aed849a4dbd9ec44f2c92ef13"},"/home/kagabo/banka1/Banka/server/db/accountDB.js":{"path":"/home/kagabo/banka1/Banka/server/db/accountDB.js","statementMap":{"0":{"start":{"line":3,"column":0},"end":{"line":5,"column":3}},"1":{"start":{"line":7,"column":15},"end":{"line":23,"column":2}},"2":{"start":{"line":25,"column":0},"end":{"line":25,"column":27}}},"fnMap":{},"branchMap":{},"s":{"0":1,"1":1,"2":1},"f":{},"b":{},"_coverageSchema":"43e27e138ebf9cfc5966b082cf9a028302ed4184","hash":"61d7a83500c0c8b531fb46edf5701861fe66f623","contentHash":"6d8ec30b1958a30b8bcb1c59fd6a2af4f59a6082358cc61028f8dd66f35683b6"},"/home/kagabo/banka1/Banka/server/db/transactionDB.js":{"path":"/home/kagabo/banka1/Banka/server/db/transactionDB.js","statementMap":{"0":{"start":{"line":3,"column":0},"end":{"line":5,"column":3}},"1":{"start":{"line":6,"column":9},"end":{"line":15,"column":2}},"2":{"start":{"line":16,"column":0},"end":{"line":16,"column":21}}},"fnMap":{},"branchMap":{},"s":{"0":1,"1":1,"2":1},"f":{},"b":{},"_coverageSchema":"43e27e138ebf9cfc5966b082cf9a028302ed4184","hash":"55c4233fc7de4124c0d43e68b51903b92d2bac5b","contentHash":"e2d20953643d2ad9dacf75d0edba0c2feb5075bb9820c8a81b1526562fddaa1d"},"/home/kagabo/banka1/Banka/server/middleware/transactionValidation.js":{"path":"/home/kagabo/banka1/Banka/server/middleware/transactionValidation.js","statementMap":{"0":{"start":{"line":3,"column":0},"end":{"line":5,"column":3}},"1":{"start":{"line":7,"column":19},"end":{"line":7,"column":563}},"2":{"start":{"line":7,"column":76},"end":{"line":7,"column":347}},"3":{"start":{"line":7,"column":89},"end":{"line":7,"column":90}},"4":{"start":{"line":7,"column":134},"end":{"line":7,"column":142}},"5":{"start":{"line":7,"column":144},"end":{"line":7,"column":199}},"6":{"start":{"line":7,"column":200},"end":{"line":7,"column":231}},"7":{"start":{"line":7,"column":232},"end":{"line":7,"column":286}},"8":{"start":{"line":7,"column":259},"end":{"line":7,"column":286}},"9":{"start":{"line":7,"column":287},"end":{"line":7,"column":345}},"10":{"start":{"line":7,"column":350},"end":{"line":7,"column":559}},"11":{"start":{"line":7,"column":407},"end":{"line":7,"column":475}},"12":{"start":{"line":7,"column":423},"end":{"line":7,"column":475}},"13":{"start":{"line":7,"column":476},"end":{"line":7,"column":536}},"14":{"start":{"line":7,"column":493},"end":{"line":7,"column":536}},"15":{"start":{"line":7,"column":537},"end":{"line":7,"column":556}},"16":{"start":{"line":9,"column":19},"end":{"line":9,"column":41}},"17":{"start":{"line":11,"column":20},"end":{"line":11,"column":56}},"18":{"start":{"line":13,"column":39},"end":{"line":13,"column":93}},"19":{"start":{"line":15,"column":50},"end":{"line":15,"column":151}},"20":{"start":{"line":15,"column":92},"end":{"line":15,"column":149}},"21":{"start":{"line":17,"column":28},"end":{"line":77,"column":3}},"22":{"start":{"line":19,"column":8},"end":{"line":19,"column":53}},"23":{"start":{"line":22,"column":4},"end":{"line":74,"column":8}},"24":{"start":{"line":25,"column":23},"end":{"line":29,"column":13}},"25":{"start":{"line":31,"column":24},"end":{"line":35,"column":13}},"26":{"start":{"line":37,"column":29},"end":{"line":37,"column":67}},"27":{"start":{"line":39,"column":12},"end":{"line":50,"column":13}},"28":{"start":{"line":40,"column":16},"end":{"line":40,"column":23}},"29":{"start":{"line":42,"column":16},"end":{"line":49,"column":19}},"30":{"start":{"line":55,"column":23},"end":{"line":57,"column":13}},"31":{"start":{"line":58,"column":24},"end":{"line":60,"column":13}},"32":{"start":{"line":61,"column":29},"end":{"line":61,"column":67}},"33":{"start":{"line":63,"column":12},"end":{"line":72,"column":13}},"34":{"start":{"line":64,"column":16},"end":{"line":64,"column":23}},"35":{"start":{"line":66,"column":16},"end":{"line":71,"column":19}},"36":{"start":{"line":76,"column":4},"end":{"line":76,"column":33}},"37":{"start":{"line":79,"column":23},"end":{"line":79,"column":50}},"38":{"start":{"line":80,"column":0},"end":{"line":80,"column":35}}},"fnMap":{"0":{"name":"(anonymous_0)","decl":{"start":{"line":7,"column":19},"end":{"line":7,"column":20}},"loc":{"start":{"line":7,"column":31},"end":{"line":7,"column":561}},"line":7},"1":{"name":"defineProperties","decl":{"start":{"line":7,"column":42},"end":{"line":7,"column":58}},"loc":{"start":{"line":7,"column":74},"end":{"line":7,"column":349}},"line":7},"2":{"name":"(anonymous_2)","decl":{"start":{"line":7,"column":357},"end":{"line":7,"column":358}},"loc":{"start":{"line":7,"column":405},"end":{"line":7,"column":558}},"line":7},"3":{"name":"_interopRequireDefault","decl":{"start":{"line":13,"column":9},"end":{"line":13,"column":31}},"loc":{"start":{"line":13,"column":37},"end":{"line":13,"column":95}},"line":13},"4":{"name":"_classCallCheck","decl":{"start":{"line":15,"column":9},"end":{"line":15,"column":24}},"loc":{"start":{"line":15,"column":48},"end":{"line":15,"column":153}},"line":15},"5":{"name":"(anonymous_5)","decl":{"start":{"line":17,"column":28},"end":{"line":17,"column":29}},"loc":{"start":{"line":17,"column":40},"end":{"line":77,"column":1}},"line":17},"6":{"name":"TransactionValidation","decl":{"start":{"line":18,"column":13},"end":{"line":18,"column":34}},"loc":{"start":{"line":18,"column":37},"end":{"line":20,"column":5}},"line":18},"7":{"name":"debiteCreaditAccountValidation","decl":{"start":{"line":24,"column":24},"end":{"line":24,"column":54}},"loc":{"start":{"line":24,"column":71},"end":{"line":51,"column":9}},"line":24},"8":{"name":"validateAccountNumber","decl":{"start":{"line":54,"column":24},"end":{"line":54,"column":45}},"loc":{"start":{"line":54,"column":62},"end":{"line":73,"column":9}},"line":54}},"branchMap":{"0":{"loc":{"start":{"line":7,"column":168},"end":{"line":7,"column":198}},"type":"binary-expr","locations":[{"start":{"line":7,"column":168},"end":{"line":7,"column":189}},{"start":{"line":7,"column":193},"end":{"line":7,"column":198}}],"line":7},"1":{"loc":{"start":{"line":7,"column":232},"end":{"line":7,"column":286}},"type":"if","locations":[{"start":{"line":7,"column":232},"end":{"line":7,"column":286}},{"start":{"line":7,"column":232},"end":{"line":7,"column":286}}],"line":7},"2":{"loc":{"start":{"line":7,"column":407},"end":{"line":7,"column":475}},"type":"if","locations":[{"start":{"line":7,"column":407},"end":{"line":7,"column":475}},{"start":{"line":7,"column":407},"end":{"line":7,"column":475}}],"line":7},"3":{"loc":{"start":{"line":7,"column":476},"end":{"line":7,"column":536}},"type":"if","locations":[{"start":{"line":7,"column":476},"end":{"line":7,"column":536}},{"start":{"line":7,"column":476},"end":{"line":7,"column":536}}],"line":7},"4":{"loc":{"start":{"line":13,"column":46},"end":{"line":13,"column":92}},"type":"cond-expr","locations":[{"start":{"line":13,"column":70},"end":{"line":13,"column":73}},{"start":{"line":13,"column":76},"end":{"line":13,"column":92}}],"line":13},"5":{"loc":{"start":{"line":13,"column":46},"end":{"line":13,"column":67}},"type":"binary-expr","locations":[{"start":{"line":13,"column":46},"end":{"line":13,"column":49}},{"start":{"line":13,"column":53},"end":{"line":13,"column":67}}],"line":13},"6":{"loc":{"start":{"line":15,"column":50},"end":{"line":15,"column":151}},"type":"if","locations":[{"start":{"line":15,"column":50},"end":{"line":15,"column":151}},{"start":{"line":15,"column":50},"end":{"line":15,"column":151}}],"line":15},"7":{"loc":{"start":{"line":39,"column":12},"end":{"line":50,"column":13}},"type":"if","locations":[{"start":{"line":39,"column":12},"end":{"line":50,"column":13}},{"start":{"line":39,"column":12},"end":{"line":50,"column":13}}],"line":39},"8":{"loc":{"start":{"line":63,"column":12},"end":{"line":72,"column":13}},"type":"if","locations":[{"start":{"line":63,"column":12},"end":{"line":72,"column":13}},{"start":{"line":63,"column":12},"end":{"line":72,"column":13}}],"line":63}},"s":{"0":1,"1":1,"2":1,"3":1,"4":2,"5":2,"6":2,"7":2,"8":2,"9":2,"10":1,"11":1,"12":1,"13":1,"14":0,"15":1,"16":1,"17":1,"18":1,"19":1,"20":0,"21":1,"22":1,"23":1,"24":9,"25":9,"26":9,"27":9,"28":5,"29":4,"30":4,"31":4,"32":4,"33":4,"34":2,"35":2,"36":1,"37":1,"38":1},"f":{"0":1,"1":1,"2":1,"3":1,"4":1,"5":1,"6":1,"7":9,"8":4},"b":{"0":[2,2],"1":[2,0],"2":[1,0],"3":[0,1],"4":[0,1],"5":[1,1],"6":[0,1],"7":[5,4],"8":[2,2]},"_coverageSchema":"43e27e138ebf9cfc5966b082cf9a028302ed4184","hash":"a381e52ab5ae0fdd4e559baa340371d945249921","contentHash":"47dd0e47f1d107f370c2fac79979f1857ee709091006fbfa7002f3e9660da065"},"/home/kagabo/banka1/Banka/server/routes/userRouters.js":{"path":"/home/kagabo/banka1/Banka/server/routes/userRouters.js","statementMap":{"0":{"start":{"line":3,"column":0},"end":{"line":5,"column":3}},"1":{"start":{"line":7,"column":15},"end":{"line":7,"column":33}},"2":{"start":{"line":9,"column":16},"end":{"line":9,"column":48}},"3":{"start":{"line":11,"column":22},"end":{"line":11,"column":62}},"4":{"start":{"line":13,"column":23},"end":{"line":13,"column":62}},"5":{"start":{"line":15,"column":17},"end":{"line":15,"column":55}},"6":{"start":{"line":17,"column":18},"end":{"line":17,"column":52}},"7":{"start":{"line":19,"column":23},"end":{"line":19,"column":63}},"8":{"start":{"line":21,"column":24},"end":{"line":21,"column":64}},"9":{"start":{"line":23,"column":39},"end":{"line":23,"column":93}},"10":{"start":{"line":25,"column":13},"end":{"line":25,"column":39}},"11":{"start":{"line":27,"column":0},"end":{"line":27,"column":93}},"12":{"start":{"line":28,"column":0},"end":{"line":28,"column":120}},"13":{"start":{"line":29,"column":0},"end":{"line":29,"column":112}},"14":{"start":{"line":30,"column":0},"end":{"line":30,"column":25}}},"fnMap":{"0":{"name":"_interopRequireDefault","decl":{"start":{"line":23,"column":9},"end":{"line":23,"column":31}},"loc":{"start":{"line":23,"column":37},"end":{"line":23,"column":95}},"line":23}},"branchMap":{"0":{"loc":{"start":{"line":23,"column":46},"end":{"line":23,"column":92}},"type":"cond-expr","locations":[{"start":{"line":23,"column":70},"end":{"line":23,"column":73}},{"start":{"line":23,"column":76},"end":{"line":23,"column":92}}],"line":23},"1":{"loc":{"start":{"line":23,"column":46},"end":{"line":23,"column":67}},"type":"binary-expr","locations":[{"start":{"line":23,"column":46},"end":{"line":23,"column":49}},{"start":{"line":23,"column":53},"end":{"line":23,"column":67}}],"line":23}},"s":{"0":1,"1":1,"2":1,"3":1,"4":1,"5":1,"6":1,"7":1,"8":1,"9":4,"10":1,"11":1,"12":1,"13":1,"14":1},"f":{"0":4},"b":{"0":[3,1],"1":[4,4]},"_coverageSchema":"43e27e138ebf9cfc5966b082cf9a028302ed4184","hash":"a7fa96e9964390508e4708125e0c096b2271673b","contentHash":"569c52cf71af7067a4f75f12cce99772c333d657dda5252c7b3444f214eb729f"},"/home/kagabo/banka1/Banka/server/controllers/userController.js":{"path":"/home/kagabo/banka1/Banka/server/controllers/userController.js","statementMap":{"0":{"start":{"line":3,"column":0},"end":{"line":5,"column":3}},"1":{"start":{"line":7,"column":19},"end":{"line":7,"column":563}},"2":{"start":{"line":7,"column":76},"end":{"line":7,"column":347}},"3":{"start":{"line":7,"column":89},"end":{"line":7,"column":90}},"4":{"start":{"line":7,"column":134},"end":{"line":7,"column":142}},"5":{"start":{"line":7,"column":144},"end":{"line":7,"column":199}},"6":{"start":{"line":7,"column":200},"end":{"line":7,"column":231}},"7":{"start":{"line":7,"column":232},"end":{"line":7,"column":286}},"8":{"start":{"line":7,"column":259},"end":{"line":7,"column":286}},"9":{"start":{"line":7,"column":287},"end":{"line":7,"column":345}},"10":{"start":{"line":7,"column":350},"end":{"line":7,"column":559}},"11":{"start":{"line":7,"column":407},"end":{"line":7,"column":475}},"12":{"start":{"line":7,"column":423},"end":{"line":7,"column":475}},"13":{"start":{"line":7,"column":476},"end":{"line":7,"column":536}},"14":{"start":{"line":7,"column":493},"end":{"line":7,"column":536}},"15":{"start":{"line":7,"column":537},"end":{"line":7,"column":556}},"16":{"start":{"line":9,"column":14},"end":{"line":9,"column":39}},"17":{"start":{"line":11,"column":15},"end":{"line":11,"column":46}},"18":{"start":{"line":13,"column":20},"end":{"line":13,"column":43}},"19":{"start":{"line":15,"column":21},"end":{"line":15,"column":58}},"20":{"start":{"line":17,"column":14},"end":{"line":17,"column":31}},"21":{"start":{"line":19,"column":15},"end":{"line":19,"column":46}},"22":{"start":{"line":21,"column":21},"end":{"line":21,"column":46}},"23":{"start":{"line":23,"column":22},"end":{"line":23,"column":60}},"24":{"start":{"line":25,"column":39},"end":{"line":25,"column":93}},"25":{"start":{"line":27,"column":50},"end":{"line":27,"column":151}},"26":{"start":{"line":27,"column":92},"end":{"line":27,"column":149}},"27":{"start":{"line":29,"column":21},"end":{"line":106,"column":3}},"28":{"start":{"line":31,"column":8},"end":{"line":31,"column":46}},"29":{"start":{"line":34,"column":4},"end":{"line":103,"column":8}},"30":{"start":{"line":37,"column":12},"end":{"line":40,"column":15}},"31":{"start":{"line":46,"column":24},"end":{"line":51,"column":14}},"32":{"start":{"line":53,"column":25},"end":{"line":55,"column":13}},"33":{"start":{"line":54,"column":16},"end":{"line":54,"column":57}},"34":{"start":{"line":56,"column":23},"end":{"line":64,"column":13}},"35":{"start":{"line":65,"column":12},"end":{"line":65,"column":40}},"36":{"start":{"line":66,"column":12},"end":{"line":70,"column":15}},"37":{"start":{"line":75,"column":23},"end":{"line":77,"column":14}},"38":{"start":{"line":76,"column":16},"end":{"line":76,"column":92}},"39":{"start":{"line":78,"column":12},"end":{"line":101,"column":13}},"40":{"start":{"line":79,"column":28},"end":{"line":85,"column":18}},"41":{"start":{"line":86,"column":16},"end":{"line":95,"column":19}},"42":{"start":{"line":97,"column":16},"end":{"line":100,"column":19}},"43":{"start":{"line":105,"column":4},"end":{"line":105,"column":26}},"44":{"start":{"line":108,"column":12},"end":{"line":108,"column":32}},"45":{"start":{"line":109,"column":0},"end":{"line":109,"column":24}}},"fnMap":{"0":{"name":"(anonymous_0)","decl":{"start":{"line":7,"column":19},"end":{"line":7,"column":20}},"loc":{"start":{"line":7,"column":31},"end":{"line":7,"column":561}},"line":7},"1":{"name":"defineProperties","decl":{"start":{"line":7,"column":42},"end":{"line":7,"column":58}},"loc":{"start":{"line":7,"column":74},"end":{"line":7,"column":349}},"line":7},"2":{"name":"(anonymous_2)","decl":{"start":{"line":7,"column":357},"end":{"line":7,"column":358}},"loc":{"start":{"line":7,"column":405},"end":{"line":7,"column":558}},"line":7},"3":{"name":"_interopRequireDefault","decl":{"start":{"line":25,"column":9},"end":{"line":25,"column":31}},"loc":{"start":{"line":25,"column":37},"end":{"line":25,"column":95}},"line":25},"4":{"name":"_classCallCheck","decl":{"start":{"line":27,"column":9},"end":{"line":27,"column":24}},"loc":{"start":{"line":27,"column":48},"end":{"line":27,"column":153}},"line":27},"5":{"name":"(anonymous_5)","decl":{"start":{"line":29,"column":21},"end":{"line":29,"column":22}},"loc":{"start":{"line":29,"column":33},"end":{"line":106,"column":1}},"line":29},"6":{"name":"UserController","decl":{"start":{"line":30,"column":13},"end":{"line":30,"column":27}},"loc":{"start":{"line":30,"column":30},"end":{"line":32,"column":5}},"line":30},"7":{"name":"getAllUsers","decl":{"start":{"line":36,"column":24},"end":{"line":36,"column":35}},"loc":{"start":{"line":36,"column":46},"end":{"line":41,"column":9}},"line":36},"8":{"name":"createUser","decl":{"start":{"line":44,"column":24},"end":{"line":44,"column":34}},"loc":{"start":{"line":44,"column":45},"end":{"line":71,"column":9}},"line":44},"9":{"name":"random","decl":{"start":{"line":53,"column":34},"end":{"line":53,"column":40}},"loc":{"start":{"line":53,"column":46},"end":{"line":55,"column":13}},"line":53},"10":{"name":"signIn","decl":{"start":{"line":74,"column":24},"end":{"line":74,"column":30}},"loc":{"start":{"line":74,"column":41},"end":{"line":102,"column":9}},"line":74},"11":{"name":"(anonymous_11)","decl":{"start":{"line":75,"column":45},"end":{"line":75,"column":46}},"loc":{"start":{"line":75,"column":61},"end":{"line":77,"column":13}},"line":75}},"branchMap":{"0":{"loc":{"start":{"line":7,"column":168},"end":{"line":7,"column":198}},"type":"binary-expr","locations":[{"start":{"line":7,"column":168},"end":{"line":7,"column":189}},{"start":{"line":7,"column":193},"end":{"line":7,"column":198}}],"line":7},"1":{"loc":{"start":{"line":7,"column":232},"end":{"line":7,"column":286}},"type":"if","locations":[{"start":{"line":7,"column":232},"end":{"line":7,"column":286}},{"start":{"line":7,"column":232},"end":{"line":7,"column":286}}],"line":7},"2":{"loc":{"start":{"line":7,"column":407},"end":{"line":7,"column":475}},"type":"if","locations":[{"start":{"line":7,"column":407},"end":{"line":7,"column":475}},{"start":{"line":7,"column":407},"end":{"line":7,"column":475}}],"line":7},"3":{"loc":{"start":{"line":7,"column":476},"end":{"line":7,"column":536}},"type":"if","locations":[{"start":{"line":7,"column":476},"end":{"line":7,"column":536}},{"start":{"line":7,"column":476},"end":{"line":7,"column":536}}],"line":7},"4":{"loc":{"start":{"line":25,"column":46},"end":{"line":25,"column":92}},"type":"cond-expr","locations":[{"start":{"line":25,"column":70},"end":{"line":25,"column":73}},{"start":{"line":25,"column":76},"end":{"line":25,"column":92}}],"line":25},"5":{"loc":{"start":{"line":25,"column":46},"end":{"line":25,"column":67}},"type":"binary-expr","locations":[{"start":{"line":25,"column":46},"end":{"line":25,"column":49}},{"start":{"line":25,"column":53},"end":{"line":25,"column":67}}],"line":25},"6":{"loc":{"start":{"line":27,"column":50},"end":{"line":27,"column":151}},"type":"if","locations":[{"start":{"line":27,"column":50},"end":{"line":27,"column":151}},{"start":{"line":27,"column":50},"end":{"line":27,"column":151}}],"line":27},"7":{"loc":{"start":{"line":76,"column":23},"end":{"line":76,"column":91}},"type":"binary-expr","locations":[{"start":{"line":76,"column":23},"end":{"line":76,"column":52}},{"start":{"line":76,"column":56},"end":{"line":76,"column":91}}],"line":76},"8":{"loc":{"start":{"line":78,"column":12},"end":{"line":101,"column":13}},"type":"if","locations":[{"start":{"line":78,"column":12},"end":{"line":101,"column":13}},{"start":{"line":78,"column":12},"end":{"line":101,"column":13}}],"line":78}},"s":{"0":1,"1":1,"2":1,"3":1,"4":3,"5":3,"6":3,"7":3,"8":3,"9":3,"10":1,"11":1,"12":1,"13":1,"14":0,"15":1,"16":1,"17":1,"18":1,"19":1,"20":1,"21":1,"22":1,"23":1,"24":4,"25":1,"26":0,"27":1,"28":1,"29":1,"30":1,"31":1,"32":1,"33":1,"34":1,"35":1,"36":1,"37":2,"38":4,"39":2,"40":1,"41":1,"42":1,"43":1,"44":1,"45":1},"f":{"0":1,"1":1,"2":1,"3":4,"4":1,"5":1,"6":1,"7":1,"8":1,"9":1,"10":2,"11":4},"b":{"0":[3,3],"1":[3,0],"2":[1,0],"3":[0,1],"4":[1,3],"5":[4,4],"6":[0,1],"7":[4,2],"8":[1,1]},"_coverageSchema":"43e27e138ebf9cfc5966b082cf9a028302ed4184","hash":"b6816be0092bbc5e463e2502a4310a5ad5566631","contentHash":"7cb3ec926017bc4cdcd7dfa64d4ef1380b26477ba560d45930f8e35d2577cf33"},"/home/kagabo/banka1/Banka/server/middleware/check-user.js":{"path":"/home/kagabo/banka1/Banka/server/middleware/check-user.js","statementMap":{"0":{"start":{"line":3,"column":0},"end":{"line":5,"column":3}},"1":{"start":{"line":7,"column":20},"end":{"line":7,"column":43}},"2":{"start":{"line":9,"column":21},"end":{"line":9,"column":58}},"3":{"start":{"line":11,"column":39},"end":{"line":11,"column":93}},"4":{"start":{"line":13,"column":10},"end":{"line":26,"column":1}},"5":{"start":{"line":15,"column":4},"end":{"line":25,"column":5}},"6":{"start":{"line":16,"column":20},"end":{"line":16,"column":59}},"7":{"start":{"line":17,"column":22},"end":{"line":17,"column":68}},"8":{"start":{"line":18,"column":8},"end":{"line":18,"column":31}},"9":{"start":{"line":19,"column":8},"end":{"line":19,"column":15}},"10":{"start":{"line":21,"column":8},"end":{"line":24,"column":11}},"11":{"start":{"line":28,"column":0},"end":{"line":28,"column":22}}},"fnMap":{"0":{"name":"_interopRequireDefault","decl":{"start":{"line":11,"column":9},"end":{"line":11,"column":31}},"loc":{"start":{"line":11,"column":37},"end":{"line":11,"column":95}},"line":11},"1":{"name":"mid","decl":{"start":{"line":13,"column":19},"end":{"line":13,"column":22}},"loc":{"start":{"line":13,"column":39},"end":{"line":26,"column":1}},"line":13}},"branchMap":{"0":{"loc":{"start":{"line":11,"column":46},"end":{"line":11,"column":92}},"type":"cond-expr","locations":[{"start":{"line":11,"column":70},"end":{"line":11,"column":73}},{"start":{"line":11,"column":76},"end":{"line":11,"column":92}}],"line":11},"1":{"loc":{"start":{"line":11,"column":46},"end":{"line":11,"column":67}},"type":"binary-expr","locations":[{"start":{"line":11,"column":46},"end":{"line":11,"column":49}},{"start":{"line":11,"column":53},"end":{"line":11,"column":67}}],"line":11}},"s":{"0":1,"1":1,"2":1,"3":1,"4":1,"5":2,"6":2,"7":1,"8":1,"9":1,"10":1,"11":1},"f":{"0":1,"1":2},"b":{"0":[0,1],"1":[1,1]},"_coverageSchema":"43e27e138ebf9cfc5966b082cf9a028302ed4184","hash":"e86f9b62eeec6d88b72e0db3ae293fd7b5319606","contentHash":"5f4528f6a606f1d49af4f1d2332d2142716620375127f84869e65815908bab79"},"/home/kagabo/banka1/Banka/server/middleware/userValidations.js":{"path":"/home/kagabo/banka1/Banka/server/middleware/userValidations.js","statementMap":{"0":{"start":{"line":3,"column":0},"end":{"line":5,"column":3}},"1":{"start":{"line":7,"column":19},"end":{"line":7,"column":563}},"2":{"start":{"line":7,"column":76},"end":{"line":7,"column":347}},"3":{"start":{"line":7,"column":89},"end":{"line":7,"column":90}},"4":{"start":{"line":7,"column":134},"end":{"line":7,"column":142}},"5":{"start":{"line":7,"column":144},"end":{"line":7,"column":199}},"6":{"start":{"line":7,"column":200},"end":{"line":7,"column":231}},"7":{"start":{"line":7,"column":232},"end":{"line":7,"column":286}},"8":{"start":{"line":7,"column":259},"end":{"line":7,"column":286}},"9":{"start":{"line":7,"column":287},"end":{"line":7,"column":345}},"10":{"start":{"line":7,"column":350},"end":{"line":7,"column":559}},"11":{"start":{"line":7,"column":407},"end":{"line":7,"column":475}},"12":{"start":{"line":7,"column":423},"end":{"line":7,"column":475}},"13":{"start":{"line":7,"column":476},"end":{"line":7,"column":536}},"14":{"start":{"line":7,"column":493},"end":{"line":7,"column":536}},"15":{"start":{"line":7,"column":537},"end":{"line":7,"column":556}},"16":{"start":{"line":9,"column":19},"end":{"line":9,"column":41}},"17":{"start":{"line":11,"column":20},"end":{"line":11,"column":56}},"18":{"start":{"line":13,"column":39},"end":{"line":13,"column":93}},"19":{"start":{"line":15,"column":50},"end":{"line":15,"column":151}},"20":{"start":{"line":15,"column":92},"end":{"line":15,"column":149}},"21":{"start":{"line":17,"column":21},"end":{"line":80,"column":3}},"22":{"start":{"line":19,"column":8},"end":{"line":19,"column":46}},"23":{"start":{"line":22,"column":4},"end":{"line":77,"column":8}},"24":{"start":{"line":25,"column":23},"end":{"line":28,"column":13}},"25":{"start":{"line":29,"column":24},"end":{"line":32,"column":13}},"26":{"start":{"line":34,"column":29},"end":{"line":34,"column":67}},"27":{"start":{"line":35,"column":12},"end":{"line":45,"column":13}},"28":{"start":{"line":36,"column":16},"end":{"line":36,"column":23}},"29":{"start":{"line":38,"column":16},"end":{"line":44,"column":19}},"30":{"start":{"line":50,"column":23},"end":{"line":55,"column":13}},"31":{"start":{"line":56,"column":24},"end":{"line":61,"column":13}},"32":{"start":{"line":62,"column":29},"end":{"line":62,"column":67}},"33":{"start":{"line":63,"column":12},"end":{"line":75,"column":13}},"34":{"start":{"line":64,"column":16},"end":{"line":64,"column":23}},"35":{"start":{"line":66,"column":16},"end":{"line":74,"column":19}},"36":{"start":{"line":79,"column":4},"end":{"line":79,"column":26}},"37":{"start":{"line":82,"column":12},"end":{"line":82,"column":32}},"38":{"start":{"line":84,"column":0},"end":{"line":84,"column":24}}},"fnMap":{"0":{"name":"(anonymous_0)","decl":{"start":{"line":7,"column":19},"end":{"line":7,"column":20}},"loc":{"start":{"line":7,"column":31},"end":{"line":7,"column":561}},"line":7},"1":{"name":"defineProperties","decl":{"start":{"line":7,"column":42},"end":{"line":7,"column":58}},"loc":{"start":{"line":7,"column":74},"end":{"line":7,"column":349}},"line":7},"2":{"name":"(anonymous_2)","decl":{"start":{"line":7,"column":357},"end":{"line":7,"column":358}},"loc":{"start":{"line":7,"column":405},"end":{"line":7,"column":558}},"line":7},"3":{"name":"_interopRequireDefault","decl":{"start":{"line":13,"column":9},"end":{"line":13,"column":31}},"loc":{"start":{"line":13,"column":37},"end":{"line":13,"column":95}},"line":13},"4":{"name":"_classCallCheck","decl":{"start":{"line":15,"column":9},"end":{"line":15,"column":24}},"loc":{"start":{"line":15,"column":48},"end":{"line":15,"column":153}},"line":15},"5":{"name":"(anonymous_5)","decl":{"start":{"line":17,"column":21},"end":{"line":17,"column":22}},"loc":{"start":{"line":17,"column":33},"end":{"line":80,"column":1}},"line":17},"6":{"name":"UserValidation","decl":{"start":{"line":18,"column":13},"end":{"line":18,"column":27}},"loc":{"start":{"line":18,"column":30},"end":{"line":20,"column":5}},"line":18},"7":{"name":"signInValidation","decl":{"start":{"line":24,"column":24},"end":{"line":24,"column":40}},"loc":{"start":{"line":24,"column":57},"end":{"line":46,"column":9}},"line":24},"8":{"name":"createUserValidation","decl":{"start":{"line":49,"column":24},"end":{"line":49,"column":44}},"loc":{"start":{"line":49,"column":61},"end":{"line":76,"column":9}},"line":49}},"branchMap":{"0":{"loc":{"start":{"line":7,"column":168},"end":{"line":7,"column":198}},"type":"binary-expr","locations":[{"start":{"line":7,"column":168},"end":{"line":7,"column":189}},{"start":{"line":7,"column":193},"end":{"line":7,"column":198}}],"line":7},"1":{"loc":{"start":{"line":7,"column":232},"end":{"line":7,"column":286}},"type":"if","locations":[{"start":{"line":7,"column":232},"end":{"line":7,"column":286}},{"start":{"line":7,"column":232},"end":{"line":7,"column":286}}],"line":7},"2":{"loc":{"start":{"line":7,"column":407},"end":{"line":7,"column":475}},"type":"if","locations":[{"start":{"line":7,"column":407},"end":{"line":7,"column":475}},{"start":{"line":7,"column":407},"end":{"line":7,"column":475}}],"line":7},"3":{"loc":{"start":{"line":7,"column":476},"end":{"line":7,"column":536}},"type":"if","locations":[{"start":{"line":7,"column":476},"end":{"line":7,"column":536}},{"start":{"line":7,"column":476},"end":{"line":7,"column":536}}],"line":7},"4":{"loc":{"start":{"line":13,"column":46},"end":{"line":13,"column":92}},"type":"cond-expr","locations":[{"start":{"line":13,"column":70},"end":{"line":13,"column":73}},{"start":{"line":13,"column":76},"end":{"line":13,"column":92}}],"line":13},"5":{"loc":{"start":{"line":13,"column":46},"end":{"line":13,"column":67}},"type":"binary-expr","locations":[{"start":{"line":13,"column":46},"end":{"line":13,"column":49}},{"start":{"line":13,"column":53},"end":{"line":13,"column":67}}],"line":13},"6":{"loc":{"start":{"line":15,"column":50},"end":{"line":15,"column":151}},"type":"if","locations":[{"start":{"line":15,"column":50},"end":{"line":15,"column":151}},{"start":{"line":15,"column":50},"end":{"line":15,"column":151}}],"line":15},"7":{"loc":{"start":{"line":35,"column":12},"end":{"line":45,"column":13}},"type":"if","locations":[{"start":{"line":35,"column":12},"end":{"line":45,"column":13}},{"start":{"line":35,"column":12},"end":{"line":45,"column":13}}],"line":35},"8":{"loc":{"start":{"line":63,"column":12},"end":{"line":75,"column":13}},"type":"if","locations":[{"start":{"line":63,"column":12},"end":{"line":75,"column":13}},{"start":{"line":63,"column":12},"end":{"line":75,"column":13}}],"line":63}},"s":{"0":1,"1":1,"2":1,"3":1,"4":2,"5":2,"6":2,"7":2,"8":2,"9":2,"10":1,"11":1,"12":1,"13":1,"14":0,"15":1,"16":1,"17":1,"18":1,"19":1,"20":0,"21":1,"22":1,"23":1,"24":3,"25":3,"26":3,"27":3,"28":2,"29":1,"30":2,"31":2,"32":2,"33":2,"34":1,"35":1,"36":1,"37":1,"38":1},"f":{"0":1,"1":1,"2":1,"3":1,"4":1,"5":1,"6":1,"7":3,"8":2},"b":{"0":[2,2],"1":[2,0],"2":[1,0],"3":[0,1],"4":[0,1],"5":[1,1],"6":[0,1],"7":[2,1],"8":[1,1]},"_coverageSchema":"43e27e138ebf9cfc5966b082cf9a028302ed4184","hash":"abad79543e59f8e2a052f432984123262718e963","contentHash":"d4e0b4b2e079058ed0835c719c89c51fe19c7c306b54acfaf32b198e8363e9c5"},"/home/kagabo/banka1/Banka/server/routes/accountRouters.js":{"path":"/home/kagabo/banka1/Banka/server/routes/accountRouters.js","statementMap":{"0":{"start":{"line":3,"column":0},"end":{"line":5,"column":3}},"1":{"start":{"line":7,"column":15},"end":{"line":7,"column":33}},"2":{"start":{"line":9,"column":16},"end":{"line":9,"column":48}},"3":{"start":{"line":11,"column":25},"end":{"line":11,"column":68}},"4":{"start":{"line":13,"column":26},"end":{"line":13,"column":68}},"5":{"start":{"line":15,"column":25},"end":{"line":15,"column":67}},"6":{"start":{"line":17,"column":26},"end":{"line":17,"column":68}},"7":{"start":{"line":19,"column":39},"end":{"line":19,"column":93}},"8":{"start":{"line":21,"column":13},"end":{"line":21,"column":39}},"9":{"start":{"line":21,"column":40},"end":{"line":21,"column":90}},"10":{"start":{"line":23,"column":0},"end":{"line":23,"column":128}},"11":{"start":{"line":24,"column":0},"end":{"line":24,"column":153}},"12":{"start":{"line":25,"column":0},"end":{"line":25,"column":143}},"13":{"start":{"line":26,"column":0},"end":{"line":26,"column":139}},"14":{"start":{"line":27,"column":0},"end":{"line":27,"column":75}},"15":{"start":{"line":29,"column":0},"end":{"line":29,"column":25}}},"fnMap":{"0":{"name":"_interopRequireDefault","decl":{"start":{"line":19,"column":9},"end":{"line":19,"column":31}},"loc":{"start":{"line":19,"column":37},"end":{"line":19,"column":95}},"line":19}},"branchMap":{"0":{"loc":{"start":{"line":19,"column":46},"end":{"line":19,"column":92}},"type":"cond-expr","locations":[{"start":{"line":19,"column":70},"end":{"line":19,"column":73}},{"start":{"line":19,"column":76},"end":{"line":19,"column":92}}],"line":19},"1":{"loc":{"start":{"line":19,"column":46},"end":{"line":19,"column":67}},"type":"binary-expr","locations":[{"start":{"line":19,"column":46},"end":{"line":19,"column":49}},{"start":{"line":19,"column":53},"end":{"line":19,"column":67}}],"line":19}},"s":{"0":1,"1":1,"2":1,"3":1,"4":1,"5":1,"6":1,"7":3,"8":1,"9":1,"10":1,"11":1,"12":1,"13":1,"14":1,"15":1},"f":{"0":3},"b":{"0":[2,1],"1":[3,3]},"_coverageSchema":"43e27e138ebf9cfc5966b082cf9a028302ed4184","hash":"456044641d371ba37851af9c2981c12b245484c6","contentHash":"d6e346d9de260c8bdcef75d38c3a6c3de57b4651baa7595c751b3ade6b27eb28"},"/home/kagabo/banka1/Banka/server/controllers/accountController.js":{"path":"/home/kagabo/banka1/Banka/server/controllers/accountController.js","statementMap":{"0":{"start":{"line":3,"column":0},"end":{"line":5,"column":3}},"1":{"start":{"line":7,"column":19},"end":{"line":7,"column":563}},"2":{"start":{"line":7,"column":76},"end":{"line":7,"column":347}},"3":{"start":{"line":7,"column":89},"end":{"line":7,"column":90}},"4":{"start":{"line":7,"column":134},"end":{"line":7,"column":142}},"5":{"start":{"line":7,"column":144},"end":{"line":7,"column":199}},"6":{"start":{"line":7,"column":200},"end":{"line":7,"column":231}},"7":{"start":{"line":7,"column":232},"end":{"line":7,"column":286}},"8":{"start":{"line":7,"column":259},"end":{"line":7,"column":286}},"9":{"start":{"line":7,"column":287},"end":{"line":7,"column":345}},"10":{"start":{"line":7,"column":350},"end":{"line":7,"column":559}},"11":{"start":{"line":7,"column":407},"end":{"line":7,"column":475}},"12":{"start":{"line":7,"column":423},"end":{"line":7,"column":475}},"13":{"start":{"line":7,"column":476},"end":{"line":7,"column":536}},"14":{"start":{"line":7,"column":493},"end":{"line":7,"column":536}},"15":{"start":{"line":7,"column":537},"end":{"line":7,"column":556}},"16":{"start":{"line":9,"column":17},"end":{"line":9,"column":45}},"17":{"start":{"line":11,"column":18},"end":{"line":11,"column":52}},"18":{"start":{"line":13,"column":14},"end":{"line":13,"column":39}},"19":{"start":{"line":15,"column":15},"end":{"line":15,"column":46}},"20":{"start":{"line":17,"column":14},"end":{"line":17,"column":31}},"21":{"start":{"line":19,"column":15},"end":{"line":19,"column":46}},"22":{"start":{"line":21,"column":21},"end":{"line":21,"column":46}},"23":{"start":{"line":23,"column":22},"end":{"line":23,"column":60}},"24":{"start":{"line":25,"column":39},"end":{"line":25,"column":93}},"25":{"start":{"line":27,"column":50},"end":{"line":27,"column":151}},"26":{"start":{"line":27,"column":92},"end":{"line":27,"column":149}},"27":{"start":{"line":29,"column":24},"end":{"line":211,"column":3}},"28":{"start":{"line":31,"column":8},"end":{"line":31,"column":49}},"29":{"start":{"line":34,"column":4},"end":{"line":208,"column":8}},"30":{"start":{"line":38,"column":28},"end":{"line":38,"column":34}},"31":{"start":{"line":39,"column":27},"end":{"line":39,"column":33}},"32":{"start":{"line":41,"column":12},"end":{"line":46,"column":15}},"33":{"start":{"line":42,"column":16},"end":{"line":45,"column":17}},"34":{"start":{"line":43,"column":20},"end":{"line":43,"column":36}},"35":{"start":{"line":44,"column":20},"end":{"line":44,"column":38}},"36":{"start":{"line":48,"column":12},"end":{"line":53,"column":13}},"37":{"start":{"line":49,"column":16},"end":{"line":52,"column":19}},"38":{"start":{"line":55,"column":25},"end":{"line":57,"column":13}},"39":{"start":{"line":56,"column":16},"end":{"line":56,"column":57}},"40":{"start":{"line":58,"column":26},"end":{"line":66,"column":13}},"41":{"start":{"line":68,"column":12},"end":{"line":68,"column":46}},"42":{"start":{"line":69,"column":12},"end":{"line":79,"column":15}},"43":{"start":{"line":84,"column":26},"end":{"line":86,"column":14}},"44":{"start":{"line":85,"column":16},"end":{"line":85,"column":88}},"45":{"start":{"line":87,"column":31},"end":{"line":87,"column":37}},"46":{"start":{"line":88,"column":31},"end":{"line":88,"column":37}},"47":{"start":{"line":90,"column":12},"end":{"line":95,"column":15}},"48":{"start":{"line":91,"column":16},"end":{"line":94,"column":17}},"49":{"start":{"line":92,"column":20},"end":{"line":92,"column":43}},"50":{"start":{"line":93,"column":20},"end":{"line":93,"column":41}},"51":{"start":{"line":97,"column":12},"end":{"line":145,"column":13}},"52":{"start":{"line":98,"column":16},"end":{"line":101,"column":19}},"53":{"start":{"line":102,"column":19},"end":{"line":145,"column":13}},"54":{"start":{"line":103,"column":33},"end":{"line":111,"column":17}},"55":{"start":{"line":112,"column":16},"end":{"line":112,"column":72}},"56":{"start":{"line":113,"column":31},"end":{"line":115,"column":18}},"57":{"start":{"line":114,"column":20},"end":{"line":114,"column":88}},"58":{"start":{"line":116,"column":16},"end":{"line":122,"column":19}},"59":{"start":{"line":124,"column":34},"end":{"line":132,"column":17}},"60":{"start":{"line":133,"column":16},"end":{"line":133,"column":73}},"61":{"start":{"line":134,"column":31},"end":{"line":136,"column":18}},"62":{"start":{"line":135,"column":20},"end":{"line":135,"column":92}},"63":{"start":{"line":138,"column":16},"end":{"line":144,"column":19}},"64":{"start":{"line":151,"column":31},"end":{"line":151,"column":37}},"65":{"start":{"line":152,"column":31},"end":{"line":152,"column":37}},"66":{"start":{"line":154,"column":12},"end":{"line":159,"column":15}},"67":{"start":{"line":155,"column":16},"end":{"line":158,"column":17}},"68":{"start":{"line":156,"column":20},"end":{"line":156,"column":43}},"69":{"start":{"line":157,"column":20},"end":{"line":157,"column":41}},"70":{"start":{"line":161,"column":12},"end":{"line":173,"column":13}},"71":{"start":{"line":162,"column":16},"end":{"line":165,"column":19}},"72":{"start":{"line":167,"column":16},"end":{"line":167,"column":60}},"73":{"start":{"line":168,"column":16},"end":{"line":172,"column":19}},"74":{"start":{"line":178,"column":12},"end":{"line":181,"column":15}},"75":{"start":{"line":186,"column":31},"end":{"line":186,"column":37}},"76":{"start":{"line":187,"column":31},"end":{"line":187,"column":37}},"77":{"start":{"line":189,"column":12},"end":{"line":194,"column":15}},"78":{"start":{"line":190,"column":16},"end":{"line":193,"column":17}},"79":{"start":{"line":191,"column":20},"end":{"line":191,"column":43}},"80":{"start":{"line":192,"column":20},"end":{"line":192,"column":41}},"81":{"start":{"line":195,"column":12},"end":{"line":206,"column":13}},"82":{"start":{"line":196,"column":16},"end":{"line":199,"column":19}},"83":{"start":{"line":201,"column":16},"end":{"line":205,"column":19}},"84":{"start":{"line":210,"column":4},"end":{"line":210,"column":29}},"85":{"start":{"line":213,"column":10},"end":{"line":213,"column":33}},"86":{"start":{"line":214,"column":0},"end":{"line":214,"column":22}}},"fnMap":{"0":{"name":"(anonymous_0)","decl":{"start":{"line":7,"column":19},"end":{"line":7,"column":20}},"loc":{"start":{"line":7,"column":31},"end":{"line":7,"column":561}},"line":7},"1":{"name":"defineProperties","decl":{"start":{"line":7,"column":42},"end":{"line":7,"column":58}},"loc":{"start":{"line":7,"column":74},"end":{"line":7,"column":349}},"line":7},"2":{"name":"(anonymous_2)","decl":{"start":{"line":7,"column":357},"end":{"line":7,"column":358}},"loc":{"start":{"line":7,"column":405},"end":{"line":7,"column":558}},"line":7},"3":{"name":"_interopRequireDefault","decl":{"start":{"line":25,"column":9},"end":{"line":25,"column":31}},"loc":{"start":{"line":25,"column":37},"end":{"line":25,"column":95}},"line":25},"4":{"name":"_classCallCheck","decl":{"start":{"line":27,"column":9},"end":{"line":27,"column":24}},"loc":{"start":{"line":27,"column":48},"end":{"line":27,"column":153}},"line":27},"5":{"name":"(anonymous_5)","decl":{"start":{"line":29,"column":24},"end":{"line":29,"column":25}},"loc":{"start":{"line":29,"column":36},"end":{"line":211,"column":1}},"line":29},"6":{"name":"AccountController","decl":{"start":{"line":30,"column":13},"end":{"line":30,"column":30}},"loc":{"start":{"line":30,"column":33},"end":{"line":32,"column":5}},"line":30},"7":{"name":"createAccount","decl":{"start":{"line":36,"column":24},"end":{"line":36,"column":37}},"loc":{"start":{"line":36,"column":48},"end":{"line":80,"column":9}},"line":36},"8":{"name":"(anonymous_8)","decl":{"start":{"line":41,"column":33},"end":{"line":41,"column":34}},"loc":{"start":{"line":41,"column":56},"end":{"line":46,"column":13}},"line":41},"9":{"name":"random","decl":{"start":{"line":55,"column":34},"end":{"line":55,"column":40}},"loc":{"start":{"line":55,"column":46},"end":{"line":57,"column":13}},"line":55},"10":{"name":"activateDeactivateAccount","decl":{"start":{"line":83,"column":24},"end":{"line":83,"column":49}},"loc":{"start":{"line":83,"column":60},"end":{"line":146,"column":9}},"line":83},"11":{"name":"(anonymous_11)","decl":{"start":{"line":84,"column":51},"end":{"line":84,"column":52}},"loc":{"start":{"line":84,"column":70},"end":{"line":86,"column":13}},"line":84},"12":{"name":"(anonymous_12)","decl":{"start":{"line":90,"column":36},"end":{"line":90,"column":37}},"loc":{"start":{"line":90,"column":62},"end":{"line":95,"column":13}},"line":90},"13":{"name":"(anonymous_13)","decl":{"start":{"line":113,"column":56},"end":{"line":113,"column":57}},"loc":{"start":{"line":113,"column":75},"end":{"line":115,"column":17}},"line":113},"14":{"name":"(anonymous_14)","decl":{"start":{"line":134,"column":56},"end":{"line":134,"column":57}},"loc":{"start":{"line":134,"column":75},"end":{"line":136,"column":17}},"line":134},"15":{"name":"accountDelete","decl":{"start":{"line":149,"column":24},"end":{"line":149,"column":37}},"loc":{"start":{"line":149,"column":48},"end":{"line":174,"column":9}},"line":149},"16":{"name":"(anonymous_16)","decl":{"start":{"line":154,"column":36},"end":{"line":154,"column":37}},"loc":{"start":{"line":154,"column":62},"end":{"line":159,"column":13}},"line":154},"17":{"name":"findAllAccounts","decl":{"start":{"line":177,"column":24},"end":{"line":177,"column":39}},"loc":{"start":{"line":177,"column":50},"end":{"line":182,"column":9}},"line":177},"18":{"name":"findAnAccount","decl":{"start":{"line":185,"column":24},"end":{"line":185,"column":37}},"loc":{"start":{"line":185,"column":48},"end":{"line":207,"column":9}},"line":185},"19":{"name":"(anonymous_19)","decl":{"start":{"line":189,"column":36},"end":{"line":189,"column":37}},"loc":{"start":{"line":189,"column":62},"end":{"line":194,"column":13}},"line":189}},"branchMap":{"0":{"loc":{"start":{"line":7,"column":168},"end":{"line":7,"column":198}},"type":"binary-expr","locations":[{"start":{"line":7,"column":168},"end":{"line":7,"column":189}},{"start":{"line":7,"column":193},"end":{"line":7,"column":198}}],"line":7},"1":{"loc":{"start":{"line":7,"column":232},"end":{"line":7,"column":286}},"type":"if","locations":[{"start":{"line":7,"column":232},"end":{"line":7,"column":286}},{"start":{"line":7,"column":232},"end":{"line":7,"column":286}}],"line":7},"2":{"loc":{"start":{"line":7,"column":407},"end":{"line":7,"column":475}},"type":"if","locations":[{"start":{"line":7,"column":407},"end":{"line":7,"column":475}},{"start":{"line":7,"column":407},"end":{"line":7,"column":475}}],"line":7},"3":{"loc":{"start":{"line":7,"column":476},"end":{"line":7,"column":536}},"type":"if","locations":[{"start":{"line":7,"column":476},"end":{"line":7,"column":536}},{"start":{"line":7,"column":476},"end":{"line":7,"column":536}}],"line":7},"4":{"loc":{"start":{"line":25,"column":46},"end":{"line":25,"column":92}},"type":"cond-expr","locations":[{"start":{"line":25,"column":70},"end":{"line":25,"column":73}},{"start":{"line":25,"column":76},"end":{"line":25,"column":92}}],"line":25},"5":{"loc":{"start":{"line":25,"column":46},"end":{"line":25,"column":67}},"type":"binary-expr","locations":[{"start":{"line":25,"column":46},"end":{"line":25,"column":49}},{"start":{"line":25,"column":53},"end":{"line":25,"column":67}}],"line":25},"6":{"loc":{"start":{"line":27,"column":50},"end":{"line":27,"column":151}},"type":"if","locations":[{"start":{"line":27,"column":50},"end":{"line":27,"column":151}},{"start":{"line":27,"column":50},"end":{"line":27,"column":151}}],"line":27},"7":{"loc":{"start":{"line":42,"column":16},"end":{"line":45,"column":17}},"type":"if","locations":[{"start":{"line":42,"column":16},"end":{"line":45,"column":17}},{"start":{"line":42,"column":16},"end":{"line":45,"column":17}}],"line":42},"8":{"loc":{"start":{"line":48,"column":12},"end":{"line":53,"column":13}},"type":"if","locations":[{"start":{"line":48,"column":12},"end":{"line":53,"column":13}},{"start":{"line":48,"column":12},"end":{"line":53,"column":13}}],"line":48},"9":{"loc":{"start":{"line":91,"column":16},"end":{"line":94,"column":17}},"type":"if","locations":[{"start":{"line":91,"column":16},"end":{"line":94,"column":17}},{"start":{"line":91,"column":16},"end":{"line":94,"column":17}}],"line":91},"10":{"loc":{"start":{"line":97,"column":12},"end":{"line":145,"column":13}},"type":"if","locations":[{"start":{"line":97,"column":12},"end":{"line":145,"column":13}},{"start":{"line":97,"column":12},"end":{"line":145,"column":13}}],"line":97},"11":{"loc":{"start":{"line":102,"column":19},"end":{"line":145,"column":13}},"type":"if","locations":[{"start":{"line":102,"column":19},"end":{"line":145,"column":13}},{"start":{"line":102,"column":19},"end":{"line":145,"column":13}}],"line":102},"12":{"loc":{"start":{"line":155,"column":16},"end":{"line":158,"column":17}},"type":"if","locations":[{"start":{"line":155,"column":16},"end":{"line":158,"column":17}},{"start":{"line":155,"column":16},"end":{"line":158,"column":17}}],"line":155},"13":{"loc":{"start":{"line":161,"column":12},"end":{"line":173,"column":13}},"type":"if","locations":[{"start":{"line":161,"column":12},"end":{"line":173,"column":13}},{"start":{"line":161,"column":12},"end":{"line":173,"column":13}}],"line":161},"14":{"loc":{"start":{"line":190,"column":16},"end":{"line":193,"column":17}},"type":"if","locations":[{"start":{"line":190,"column":16},"end":{"line":193,"column":17}},{"start":{"line":190,"column":16},"end":{"line":193,"column":17}}],"line":190},"15":{"loc":{"start":{"line":195,"column":12},"end":{"line":206,"column":13}},"type":"if","locations":[{"start":{"line":195,"column":12},"end":{"line":206,"column":13}},{"start":{"line":195,"column":12},"end":{"line":206,"column":13}}],"line":195}},"s":{"0":1,"1":1,"2":1,"3":1,"4":5,"5":5,"6":5,"7":5,"8":5,"9":5,"10":1,"11":1,"12":1,"13":1,"14":0,"15":1,"16":1,"17":1,"18":1,"19":1,"20":1,"21":1,"22":1,"23":1,"24":4,"25":1,"26":0,"27":1,"28":1,"29":1,"30":2,"31":2,"32":2,"33":4,"34":1,"35":1,"36":2,"37":1,"38":1,"39":2,"40":1,"41":1,"42":1,"43":3,"44":5,"45":3,"46":3,"47":3,"48":9,"49":2,"50":2,"51":3,"52":1,"53":2,"54":1,"55":1,"56":1,"57":1,"58":1,"59":1,"60":1,"61":1,"62":1,"63":1,"64":2,"65":2,"66":2,"67":5,"68":1,"69":1,"70":2,"71":1,"72":1,"73":1,"74":1,"75":2,"76":2,"77":2,"78":4,"79":1,"80":1,"81":2,"82":1,"83":1,"84":1,"85":1,"86":1},"f":{"0":1,"1":1,"2":1,"3":4,"4":1,"5":1,"6":1,"7":2,"8":4,"9":2,"10":3,"11":5,"12":9,"13":1,"14":1,"15":2,"16":5,"17":1,"18":2,"19":4},"b":{"0":[5,5],"1":[5,0],"2":[1,0],"3":[0,1],"4":[2,2],"5":[4,4],"6":[0,1],"7":[1,3],"8":[1,1],"9":[2,7],"10":[1,2],"11":[1,1],"12":[1,4],"13":[1,1],"14":[1,3],"15":[1,1]},"_co
[...]
6},"end":{"line":99,"column":47}},"55":{"start":{"line":100,"column":16},"end":{"line":100,"column":23}},"56":{"start":{"line":103,"column":8},"end":{"line":115,"column":11}},"57":{"start":{"line":104,"column":24},"end":{"line":107,"column":13}},"58":{"start":{"line":108,"column":26},"end":{"line":108,"column":31}},"59":{"start":{"line":109,"column":12},"end":{"line":114,"column":15}},"60":{"start":{"line":110,"column":16},"end":{"line":110,"column":44}},"61":{"start":{"line":111,"column":16},"end":{"line":111,"column":47}},"62":{"start":{"line":112,"column":16},"end":{"line":112,"column":95}},"63":{"start":{"line":113,"column":16},"end":{"line":113,"column":23}},"64":{"start":{"line":117,"column":8},"end":{"line":127,"column":11}},"65":{"start":{"line":118,"column":24},"end":{"line":120,"column":13}},"66":{"start":{"line":121,"column":26},"end":{"line":121,"column":32}},"67":{"start":{"line":122,"column":12},"end":{"line":126,"column":15}},"68":{"start":{"line":123,"column":16},"end":{"line":123,"column":44}},"69":{"start":{"line":124,"column":16},"end":{"line":124,"column":47}},"70":{"start":{"line":125,"column":16},"end":{"line":125,"column":23}},"71":{"start":{"line":129,"column":8},"end":{"line":141,"column":11}},"72":{"start":{"line":130,"column":24},"end":{"line":133,"column":13}},"73":{"start":{"line":134,"column":26},"end":{"line":134,"column":33}},"74":{"start":{"line":135,"column":12},"end":{"line":140,"column":15}},"75":{"start":{"line":136,"column":16},"end":{"line":136,"column":44}},"76":{"start":{"line":137,"column":16},"end":{"line":137,"column":47}},"77":{"start":{"line":138,"column":16},"end":{"line":138,"column":76}},"78":{"start":{"line":139,"column":16},"end":{"line":139,"column":23}},"79":{"start":{"line":144,"column":4},"end":{"line":187,"column":7}},"80":{"start":{"line":145,"column":8},"end":{"line":152,"column":11}},"81":{"start":{"line":146,"column":12},"end":{"line":151,"column":15}},"82":{"start":{"line":147,"column":16},"end":{"line":147,"column":44}},"83":{"start":{"line":148,"column":16},"end":{"line":148,"column":47}},"84":{"start":{"line":149,"column":16},"end":{"line":149,"column":76}},"85":{"start":{"line":150,"column":16},"end":{"line":150,"column":23}},"86":{"start":{"line":154,"column":8},"end":{"line":161,"column":11}},"87":{"start":{"line":155,"column":26},"end":{"line":155,"column":32}},"88":{"start":{"line":156,"column":12},"end":{"line":160,"column":15}},"89":{"start":{"line":157,"column":16},"end":{"line":157,"column":44}},"90":{"start":{"line":158,"column":16},"end":{"line":158,"column":47}},"91":{"start":{"line":159,"column":16},"end":{"line":159,"column":23}},"92":{"start":{"line":162,"column":8},"end":{"line":170,"column":11}},"93":{"start":{"line":163,"column":26},"end":{"line":163,"column":33}},"94":{"start":{"line":164,"column":12},"end":{"line":169,"column":15}},"95":{"start":{"line":165,"column":16},"end":{"line":165,"column":44}},"96":{"start":{"line":166,"column":16},"end":{"line":166,"column":47}},"97":{"start":{"line":167,"column":16},"end":{"line":167,"column":100}},"98":{"start":{"line":168,"column":16},"end":{"line":168,"column":23}},"99":{"start":{"line":171,"column":8},"end":{"line":178,"column":11}},"100":{"start":{"line":172,"column":26},"end":{"line":172,"column":31}},"101":{"start":{"line":173,"column":12},"end":{"line":177,"column":15}},"102":{"start":{"line":174,"column":16},"end":{"line":174,"column":44}},"103":{"start":{"line":175,"column":16},"end":{"line":175,"column":47}},"104":{"start":{"line":176,"column":16},"end":{"line":176,"column":23}},"105":{"start":{"line":179,"column":8},"end":{"line":186,"column":11}},"106":{"start":{"line":180,"column":26},"end":{"line":180,"column":32}},"107":{"start":{"line":181,"column":12},"end":{"line":185,"column":15}},"108":{"start":{"line":182,"column":16},"end":{"line":182,"column":44}},"109":{"start":{"line":183,"column":16},"end":{"line":183,"column":47}},"110":{"start":{"line":184,"column":16},"end":{"line":184,"column":23}}},"fnMap":{"0":{"name":"_interopRequireDefault","decl":{"start":{"line":15,"column":9},"end":{"line":15,"column":31}},"loc":{"start":{"line":15,"column":37},"end":{"line":15,"column":95}},"line":15},"1":{"name":"(anonymous_1)","decl":{"start":{"line":20,"column":24},"end":{"line":20,"column":25}},"loc":{"start":{"line":20,"column":36},"end":{"line":188,"column":1}},"line":20},"2":{"name":"(anonymous_2)","decl":{"start":{"line":21,"column":23},"end":{"line":21,"column":24}},"loc":{"start":{"line":21,"column":35},"end":{"line":142,"column":5}},"line":21},"3":{"name":"(anonymous_3)","decl":{"start":{"line":22,"column":48},"end":{"line":22,"column":49}},"loc":{"start":{"line":22,"column":64},"end":{"line":33,"column":9}},"line":22},"4":{"name":"(anonymous_4)","decl":{"start":{"line":28,"column":117},"end":{"line":28,"column":118}},"loc":{"start":{"line":28,"column":137},"end":{"line":32,"column":13}},"line":28},"5":{"name":"(anonymous_5)","decl":{"start":{"line":34,"column":57},"end":{"line":34,"column":58}},"loc":{"start":{"line":34,"column":73},"end":{"line":46,"column":9}},"line":34},"6":{"name":"(anonymous_6)","decl":{"start":{"line":40,"column":117},"end":{"line":40,"column":118}},"loc":{"start":{"line":40,"column":137},"end":{"line":45,"column":13}},"line":40},"7":{"name":"(anonymous_7)","decl":{"start":{"line":48,"column":47},"end":{"line":48,"column":48}},"loc":{"start":{"line":48,"column":63},"end":{"line":59,"column":9}},"line":48},"8":{"name":"(anonymous_8)","decl":{"start":{"line":54,"column":117},"end":{"line":54,"column":118}},"loc":{"start":{"line":54,"column":137},"end":{"line":58,"column":13}},"line":54},"9":{"name":"(anonymous_9)","decl":{"start":{"line":61,"column":55},"end":{"line":61,"column":56}},"loc":{"start":{"line":61,"column":71},"end":{"line":73,"column":9}},"line":61},"10":{"name":"(anonymous_10)","decl":{"start":{"line":67,"column":117},"end":{"line":67,"column":118}},"loc":{"start":{"line":67,"column":137},"end":{"line":72,"column":13}},"line":67},"11":{"name":"(anonymous_11)","decl":{"start":{"line":75,"column":27},"end":{"line":75,"column":28}},"loc":{"start":{"line":75,"column":43},"end":{"line":87,"column":9}},"line":75},"12":{"name":"(anonymous_12)","decl":{"start":{"line":81,"column":117},"end":{"line":81,"column":118}},"loc":{"start":{"line":81,"column":137},"end":{"line":86,"column":13}},"line":81},"13":{"name":"(anonymous_13)","decl":{"start":{"line":91,"column":49},"end":{"line":91,"column":50}},"loc":{"start":{"line":91,"column":65},"end":{"line":102,"column":9}},"line":91},"14":{"name":"(anonymous_14)","decl":{"start":{"line":97,"column":118},"end":{"line":97,"column":119}},"loc":{"start":{"line":97,"column":138},"end":{"line":101,"column":13}},"line":97},"15":{"name":"(anonymous_15)","decl":{"start":{"line":103,"column":58},"end":{"line":103,"column":59}},"loc":{"start":{"line":103,"column":74},"end":{"line":115,"column":9}},"line":103},"16":{"name":"(anonymous_16)","decl":{"start":{"line":109,"column":118},"end":{"line":109,"column":119}},"loc":{"start":{"line":109,"column":138},"end":{"line":114,"column":13}},"line":109},"17":{"name":"(anonymous_17)","decl":{"start":{"line":117,"column":48},"end":{"line":117,"column":49}},"loc":{"start":{"line":117,"column":64},"end":{"line":127,"column":9}},"line":117},"18":{"name":"(anonymous_18)","decl":{"start":{"line":122,"column":118},"end":{"line":122,"column":119}},"loc":{"start":{"line":122,"column":138},"end":{"line":126,"column":13}},"line":122},"19":{"name":"(anonymous_19)","decl":{"start":{"line":129,"column":28},"end":{"line":129,"column":29}},"loc":{"start":{"line":129,"column":44},"end":{"line":141,"column":9}},"line":129},"20":{"name":"(anonymous_20)","decl":{"start":{"line":135,"column":118},"end":{"line":135,"column":119}},"loc":{"start":{"line":135,"column":138},"end":{"line":140,"column":13}},"line":135},"21":{"name":"(anonymous_21)","decl":{"start":{"line":144,"column":22},"end":{"line":144,"column":23}},"loc":{"start":{"line":144,"column":34},"end":{"line":187,"column":5}},"line":144},"22":{"name":"(anonymous_22)","decl":{"start":{"line":145,"column":42},"end":{"line":145,"column":43}},"loc":{"start":{"line":145,"column":58},"end":{"line":152,"column":9}},"line":145},"23":{"name":"(anonymous_23)","decl":{"start":{"line":146,"column":89},"end":{"line":146,"column":90}},"loc":{"start":{"line":146,"column":109},"end":{"line":151,"column":13}},"line":146},"24":{"name":"(anonymous_24)","decl":{"start":{"line":154,"column":37},"end":{"line":154,"column":38}},"loc":{"start":{"line":154,"column":53},"end":{"line":161,"column":9}},"line":154},"25":{"name":"(anonymous_25)","decl":{"start":{"line":156,"column":93},"end":{"line":156,"column":94}},"loc":{"start":{"line":156,"column":113},"end":{"line":160,"column":13}},"line":156},"26":{"name":"(anonymous_26)","decl":{"start":{"line":162,"column":79},"end":{"line":162,"column":80}},"loc":{"start":{"line":162,"column":95},"end":{"line":170,"column":9}},"line":162},"27":{"name":"(anonymous_27)","decl":{"start":{"line":164,"column":93},"end":{"line":164,"column":94}},"loc":{"start":{"line":164,"column":113},"end":{"line":169,"column":13}},"line":164},"28":{"name":"(anonymous_28)","decl":{"start":{"line":171,"column":71},"end":{"line":171,"column":72}},"loc":{"start":{"line":171,"column":87},"end":{"line":178,"column":9}},"line":171},"29":{"name":"(anonymous_29)","decl":{"start":{"line":173,"column":93},"end":{"line":173,"column":94}},"loc":{"start":{"line":173,"column":113},"end":{"line":177,"column":13}},"line":173},"30":{"name":"(anonymous_30)","decl":{"start":{"line":179,"column":63},"end":{"line":179,"column":64}},"loc":{"start":{"line":179,"column":79},"end":{"line":186,"column":9}},"line":179},"31":{"name":"(anonymous_31)","decl":{"start":{"line":181,"column":93},"end":{"line":181,"column":94}},"loc":{"start":{"line":181,"column":113},"end":{"line":185,"column":13}},"line":181}},"branchMap":{"0":{"loc":{"start":{"line":15,"column":46},"end":{"line":15,"column":92}},"type":"cond-expr","locations":[{"start":{"line":15,"column":70},"end":{"line":15,"column":73}},{"start":{"line":15,"column":76},"end":{"line":15,"column":92}}],"line":15},"1":{"loc":{"start":{"line":15,"column":46},"end":{"line":15,"column":67}},"type":"binary-expr","locations":[{"start":{"line":15,"column":46},"end":{"line":15,"column":49}},{"start":{"line":15,"column":53},"end":{"line":15,"column":67}}],"line":15}},"s":{"0":1,"1":1,"2":1,"3":1,"4":1,"5":1,"6":3,"7":1,"8":1,"9":1,"10":1,"11":1,"12":1,"13":1,"14":1,"15":1,"16":1,"17":1,"18":1,"19":1,"20":1,"21":1,"22":1,"23":1,"24":1,"25":1,"26":1,"27":1,"28":1,"29":1,"30":1,"31":1,"32":1,"33":1,"34":1,"35":1,"36":1,"37":1,"38":1,"39":1,"40":1,"41":1,"42":1,"43":1,"44":1,"45":1,"46":1,"47":1,"48":1,"49":1,"50":1,"51":1,"52":1,"53":1,"54":1,"55":1,"56":1,"57":1,"58":1,"59":1,"60":1,"61":1,"62":1,"63":1,"64":1,"65":1,"66":1,"67":1,"68":1,"69":1,"70":1,"71":1,"72":1,"73":1,"74":1,"75":1,"76":1,"77":1,"78":1,"79":1,"80":1,"81":1,"82":1,"83":1,"84":1,"85":1,"86":1,"87":1,"88":1,"89":1,"90":1,"91":1,"92":1,"93":1,"94":1,"95":1,"96":1,"97":1,"98":1,"99":1,"100":1,"101":1,"102":1,"103":1,"104":1,"105":1,"106":1,"107":1,"108":1,"109":1,"110":1},"f":{"0":3,"1":1,"2":1,"3":1,"4":1,"5":1,"6":1,"7":1,"8":1,"9":1,"10":1,"11":1,"12":1,"13":1,"14":1,"15":1,"16":1,"17":1,"18":1,"19":1,"20":1,"21":1,"22":1,"23":1,"24":1,"25":1,"26":1,"27":1,"28":1,"29":1,"30":1,"31":1},"b":{"0":[1,2],"1":[3,3]},"_coverageSchema":"43e27e138ebf9cfc5966b082cf9a028302ed4184","hash":"276e1e3ed0bb2e27984945ba87beee438af8a1a8","contentHash":"12ed2195131df88f05aa5e199f3daaeb4d262a1fd5d3fe4bb610ae91ee935f4b"},"/home/kagabo/banka1/Banka/server/tests/testUser.js":{"path":"/home/kagabo/banka1/Banka/server/tests/testUser.js","statementMap":{"0":{"start":{"line":3,"column":12},"end":{"line":3,"column":27}},"1":{"start":{"line":5,"column":13},"end":{"line":5,"column":42}},"2":{"start":{"line":7,"column":16},"end":{"line":7,"column":36}},"3":{"start":{"line":9,"column":17},"end":{"line":9,"column":50}},"4":{"start":{"line":11,"column":11},"end":{"line":11,"column":28}},"5":{"start":{"line":13,"column":12},"end":{"line":13,"column":40}},"6":{"start":{"line":15,"column":39},"end":{"line":15,"column":93}},"7":{"start":{"line":17,"column":0},"end":{"line":17,"column":39}},"8":{"start":{"line":18,"column":0},"end":{"line":18,"column":24}},"9":{"start":{"line":20,"column":12},"end":{"line":20,"column":14}},"10":{"start":{"line":21,"column":0},"end":{"line":102,"column":3}},"11":{"start":{"line":22,"column":4},"end":{"line":87,"column":7}},"12":{"start":{"line":23,"column":8},"end":{"line":35,"column":11}},"13":{"start":{"line":24,"column":23},"end":{"line":29,"column":13}},"14":{"start":{"line":30,"column":12},"end":{"line":34,"column":15}},"15":{"start":{"line":31,"column":16},"end":{"line":31,"column":44}},"16":{"start":{"line":32,"column":16},"end":{"line":32,"column":47}},"17":{"start":{"line":33,"column":16},"end":{"line":33,"column":23}},"18":{"start":{"line":37,"column":8},"end":{"line":50,"column":11}},"19":{"start":{"line":38,"column":23},"end":{"line":43,"column":13}},"20":{"start":{"line":44,"column":12},"end":{"line":49,"column":15}},"21":{"start":{"line":45,"column":16},"end":{"line":45,"column":44}},"22":{"start":{"line":46,"column":16},"end":{"line":46,"column":47}},"23":{"start":{"line":47,"column":16},"end":{"line":47,"column":65}},"24":{"start":{"line":48,"column":16},"end":{"line":48,"column":23}},"25":{"start":{"line":52,"column":8},"end":{"line":64,"column":11}},"26":{"start":{"line":53,"column":23},"end":{"line":56,"column":13}},"27":{"start":{"line":57,"column":12},"end":{"line":63,"column":15}},"28":{"start":{"line":58,"column":16},"end":{"line":58,"column":44}},"29":{"start":{"line":59,"column":16},"end":{"line":59,"column":47}},"30":{"start":{"line":60,"column":16},"end":{"line":60,"column":77}},"31":{"start":{"line":61,"column":16},"end":{"line":61,"column":44}},"32":{"start":{"line":62,"column":16},"end":{"line":62,"column":23}},"33":{"start":{"line":65,"column":8},"end":{"line":75,"column":11}},"34":{"start":{"line":66,"column":23},"end":{"line":69,"column":13}},"35":{"start":{"line":70,"column":12},"end":{"line":74,"column":15}},"36":{"start":{"line":71,"column":16},"end":{"line":71,"column":44}},"37":{"start":{"line":72,"column":16},"end":{"line":72,"column":47}},"38":{"start":{"line":73,"column":16},"end":{"line":73,"column":23}},"39":{"start":{"line":76,"column":8},"end":{"line":86,"column":11}},"40":{"start":{"line":77,"column":23},"end":{"line":80,"column":13}},"41":{"start":{"line":81,"column":12},"end":{"line":85,"column":15}},"42":{"start":{"line":82,"column":16},"end":{"line":82,"column":44}},"43":{"start":{"line":83,"column":16},"end":{"line":83,"column":47}},"44":{"start":{"line":84,"column":16},"end":{"line":84,"column":23}},"45":{"start":{"line":88,"column":4},"end":{"line":101,"column":7}},"46":{"start":{"line":89,"column":8},"end":{"line":94,"column":11}},"47":{"start":{"line":90,"column":12},"end":{"line":93,"column":15}},"48":{"start":{"line":91,"column":16},"end":{"line":91,"column":44}},"49":{"start":{"line":92,"column":16},"end":{"line":92,"column":23}},"50":{"start":{"line":95,"column":8},"end":{"line":100,"column":11}},"51":{"start":{"line":96,"column":12},"end":{"line":99,"column":15}},"52":{"start":{"line":97,"column":16},"end":{"line":97,"column":44}},"53":{"start":{"line":98,"column":16},"end":{"line":98,"column":23}}},"fnMap":{"0":{"name":"_interopRequireDefault","decl":{"start":{"line":15,"column":9},"end":{"line":15,"column":31}},"loc":{"start":{"line":15,"column":37},"end":{"line":15,"column":95}},"line":15},"1":{"name":"(anonymous_1)","decl":{"start":{"line":21,"column":18},"end":{"line":21,"column":19}},"loc":{"start":{"line":21,"column":30},"end":{"line":102,"column":1}},"line":21},"2":{"name":"(anonymous_2)","decl":{"start":{"line":22,"column":23},"end":{"line":22,"column":24}},"loc":{"start":{"line":22,"column":35},"end":{"line":87,"column":5}},"line":22},"3":{"name":"(anonymous_3)","decl":{"start":{"line":23,"column":39},"end":{"line":23,"column":40}},"loc":{"start":{"line":23,"column":55},"end":{"line":35,"column":9}},"line":23},"4":{"name":"(anonymous_4)","decl":{"start":{"line":30,"column":93},"end":{"line":30,"column":94}},"loc":{"start":{"line":30,"column":113},"end":{"line":34,"column":13}},"line":30},"5":{"name":"(anonymous_5)","decl":{"start":{"line":37,"column":57},"end":{"line":37,"column":58}},"loc":{"start":{"line":37,"column":73},"end":{"line":50,"column":9}},"line":37},"6":{"name":"(anonymous_6)","decl":{"start":{"line":44,"column":93},"end":{"line":44,"column":94}},"loc":{"start":{"line":44,"column":113},"end":{"line":49,"column":13}},"line":44},"7":{"name":"(anonymous_7)","decl":{"start":{"line":52,"column":28},"end":{"line":52,"column":29}},"loc":{"start":{"line":52,"column":44},"end":{"line":64,"column":9}},"line":52},"8":{"name":"(anonymous_8)","decl":{"start":{"line":57,"column":93},"end":{"line":57,"column":94}},"loc":{"start":{"line":57,"column":113},"end":{"line":63,"column":13}},"line":57},"9":{"name":"(anonymous_9)","decl":{"start":{"line":65,"column":56},"end":{"line":65,"column":57}},"loc":{"start":{"line":65,"column":72},"end":{"line":75,"column":9}},"line":65},"10":{"name":"(anonymous_10)","decl":{"start":{"line":70,"column":93},"end":{"line":70,"column":94}},"loc":{"start":{"line":70,"column":113},"end":{"line":74,"column":13}},"line":70},"11":{"name":"(anonymous_11)","decl":{"start":{"line":76,"column":49},"end":{"line":76,"column":50}},"loc":{"start":{"line":76,"column":65},"end":{"line":86,"column":9}},"line":76},"12":{"name":"(anonymous_12)","decl":{"start":{"line":81,"column":93},"end":{"line":81,"column":94}},"loc":{"start":{"line":81,"column":113},"end":{"line":85,"column":13}},"line":81},"13":{"name":"(anonymous_13)","decl":{"start":{"line":88,"column":22},"end":{"line":88,"column":23}},"loc":{"start":{"line":88,"column":34},"end":{"line":101,"column":5}},"line":88},"14":{"name":"(anonymous_14)","decl":{"start":{"line":89,"column":56},"end":{"line":89,"column":57}},"loc":{"start":{"line":89,"column":72},"end":{"line":94,"column":9}},"line":89},"15":{"name":"(anonymous_15)","decl":{"start":{"line":90,"column":81},"end":{"line":90,"column":82}},"loc":{"start":{"line":90,"column":101},"end":{"line":93,"column":13}},"line":90},"16":{"name":"(anonymous_16)","decl":{"start":{"line":95,"column":33},"end":{"line":95,"column":34}},"loc":{"start":{"line":95,"column":49},"end":{"line":100,"column":9}},"line":95},"17":{"name":"(anonymous_17)","decl":{"start":{"line":96,"column":121},"end":{"line":96,"column":122}},"loc":{"start":{"line":96,"column":141},"end":{"line":99,"column":13}},"line":96}},"branchMap":{"0":{"loc":{"start":{"line":15,"column":46},"end":{"line":15,"column":92}},"type":"cond-expr","locations":[{"start":{"line":15,"column":70},"end":{"line":15,"column":73}},{"start":{"line":15,"column":76},"end":{"line":15,"column":92}}],"line":15},"1":{"loc":{"start":{"line":15,"column":46},"end":{"line":15,"column":67}},"type":"binary-expr","locations":[{"start":{"line":15,"column":46},"end":{"line":15,"column":49}},{"start":{"line":15,"column":53},"end":{"line":15,"column":67}}],"line":15}},"s":{"0":1,"1":1,"2":1,"3":1,"4":1,"5":1,"6":3,"7":1,"8":1,"9":1,"10":1,"11":1,"12":1,"13":1,"14":1,"15":1,"16":1,"17":1,"18":1,"19":1,"20":1,"21":1,"22":1,"23":1,"24":1,"25":1,"26":1,"27":1,"28":1,"29":1,"30":1,"31":1,"32":1,"33":1,"34":1,"35":1,"36":1,"37":1,"38":1,"39":1,"40":1,"41":1,"42":1,"43":1,"44":1,"45":1,"46":1,"47":1,"48":1,"49":1,"50":1,"51":1,"52":1,"53":1},"f":{"0":3,"1":1,"2":1,"3":1,"4":1,"5":1,"6":1,"7":1,"8":1,"9":1,"10":1,"11":1,"12":1,"13":1,"14":1,"15":1,"16":1,"17":1},"b":{"0":[1,2],"1":[3,3]},"_coverageSchema":"43e27e138ebf9cfc5966b082cf9a028302ed4184","hash":"31133add79c5e976f96f31d03f6cd46fc4a3214c","contentHash":"1a65603275a6013a32050b609922b21b7e310f8d95e450c1a4712c2211ed4db8"}}