{"/home/kagabo/banka1/Banka/server/tests/testAccount.js":{"path":"/home/kagabo/banka1/Banka/server/tests/testAccount.js","statementMap":{},"fnMap":{},"branchMap":{},"s":{},"f":{},"b":{},"_coverageSchema":"43e27e138ebf9cfc5966b082cf9a028302ed4184","hash":"e9d600b658ba14672a569beeb7658b42bed02f09","contentHash":"3e6d4e9cadc1b46a9c6450ef6beea43bf3bb9636fdcba818ab625479cea59c0d"},"/home/kagabo/banka1/Banka/server/tests/testTransaction.js":{"path":"/home/kagabo/banka1/Banka/server/tests/testTransaction.js","statementMap":{},"fnMap":{},"branchMap":{},"s":{},"f":{},"b":{},"_coverageSchema":"43e27e138ebf9cfc5966b082cf9a028302ed4184","hash":"489177eade7d643056190394d1e5d6d2bcce6895","contentHash":"cd0bc9380bbe1cf847a03860dc13af17c5c74bedf8ab00a15c6786cd2f2675fd"},"/home/kagabo/banka1/Banka/server/tests/testUser.js":{"path":"/home/kagabo/banka1/Banka/server/tests/testUser.js","statementMap":{"0":{"start":{"line":3,"column":12},"end":{"line":3,"column":27}},"1":{"start":{"line":5,"column":13},"end":{"line":5,"column":42}},"2":{"start":{"line":7,"column":16},"end":{"line":7,"column":36}},"3":{"start":{"line":9,"column":17},"end":{"line":9,"column":50}},"4":{"start":{"line":11,"column":11},"end":{"line":11,"column":28}},"5":{"start":{"line":13,"column":12},"end":{"line":13,"column":40}},"6":{"start":{"line":15,"column":10},"end":{"line":15,"column":29}},"7":{"start":{"line":17,"column":11},"end":{"line":17,"column":38}},"8":{"start":{"line":19,"column":39},"end":{"line":19,"column":93}},"9":{"start":{"line":21,"column":0},"end":{"line":21,"column":39}},"10":{"start":{"line":22,"column":0},"end":{"line":22,"column":24}},"11":{"start":{"line":24,"column":12},"end":{"line":24,"column":14}},"12":{"start":{"line":25,"column":22},"end":{"line":25,"column":24}},"13":{"start":{"line":26,"column":17},"end":{"line":26,"column":19}},"14":{"start":{"line":28,"column":0},"end":{"line":199,"column":3}},"15":{"start":{"line":29,"column":4},"end":{"line":198,"column":7}},"16":{"start":{"line":30,"column":8},"end":{"line":43,"column":11}},"17":{"start":{"line":31,"column":23},"end":{"line":36,"column":13}},"18":{"start":{"line":37,"column":12},"end":{"line":42,"column":15}},"19":{"start":{"line":38,"column":16},"end":{"line":38,"column":44}},"20":{"start":{"line":39,"column":16},"end":{"line":39,"column":47}},"21":{"start":{"line":40,"column":16},"end":{"line":40,"column":39}},"22":{"start":{"line":41,"column":16},"end":{"line":41,"column":23}},"23":{"start":{"line":44,"column":8},"end":{"line":57,"column":11}},"24":{"start":{"line":45,"column":23},"end":{"line":50,"column":13}},"25":{"start":{"line":51,"column":12},"end":{"line":56,"column":15}},"26":{"start":{"line":52,"column":16},"end":{"line":52,"column":44}},"27":{"start":{"line":53,"column":16},"end":{"line":53,"column":47}},"28":{"start":{"line":54,"column":16},"end":{"line":54,"column":39}},"29":{"start":{"line":55,"column":16},"end":{"line":55,"column":23}},"30":{"start":{"line":59,"column":8},"end":{"line":72,"column":11}},"31":{"start":{"line":60,"column":23},"end":{"line":65,"column":13}},"32":{"start":{"line":66,"column":12},"end":{"line":71,"column":15}},"33":{"start":{"line":67,"column":16},"end":{"line":67,"column":44}},"34":{"start":{"line":68,"column":16},"end":{"line":68,"column":47}},"35":{"start":{"line":69,"column":16},"end":{"line":69,"column":39}},"36":{"start":{"line":70,"column":16},"end":{"line":70,"column":23}},"37":{"start":{"line":74,"column":8},"end":{"line":87,"column":11}},"38":{"start":{"line":75,"column":23},"end":{"line":80,"column":13}},"39":{"start":{"line":81,"column":12},"end":{"line":86,"column":15}},"40":{"start":{"line":82,"column":16},"end":{"line":82,"column":44}},"41":{"start":{"line":83,"column":16},"end":{"line":83,"column":47}},"42":{"start":{"line":84,"column":16},"end":{"line":84,"column":39}},"43":{"start":{"line":85,"column":16},"end":{"line":85,"column":23}},"44":{"start":{"line":89,"column":8},"end":{"line":100,"column":11}},"45":{"start":{"line":90,"column":23},"end":{"line":93,"column":13}},"46":{"start":{"line":94,"column":12},"end":{"line":99,"column":15}},"47":{"start":{"line":95,"column":16},"end":{"line":95,"column":44}},"48":{"start":{"line":96,"column":16},"end":{"line":96,"column":47}},"49":{"start":{"line":97,"column":16},"end":{"line":97,"column":49}},"50":{"start":{"line":98,"column":16},"end":{"line":98,"column":23}},"51":{"start":{"line":101,"column":8},"end":{"line":112,"column":11}},"52":{"start":{"line":102,"column":23},"end":{"line":105,"column":13}},"53":{"start":{"line":106,"column":12},"end":{"line":111,"column":15}},"54":{"start":{"line":107,"column":16},"end":{"line":107,"column":44}},"55":{"start":{"line":108,"column":16},"end":{"line":108,"column":47}},"56":{"start":{"line":109,"column":16},"end":{"line":109,"column":49}},"57":{"start":{"line":110,"column":16},"end":{"line":110,"column":23}},"58":{"start":{"line":113,"column":8},"end":{"line":124,"column":11}},"59":{"start":{"line":114,"column":23},"end":{"line":117,"column":13}},"60":{"start":{"line":118,"column":12},"end":{"line":123,"column":15}},"61":{"start":{"line":119,"column":16},"end":{"line":119,"column":44}},"62":{"start":{"line":120,"column":16},"end":{"line":120,"column":47}},"63":{"start":{"line":121,"column":16},"end":{"line":121,"column":49}},"64":{"start":{"line":122,"column":16},"end":{"line":122,"column":23}},"65":{"start":{"line":126,"column":8},"end":{"line":138,"column":11}},"66":{"start":{"line":127,"column":23},"end":{"line":130,"column":13}},"67":{"start":{"line":131,"column":12},"end":{"line":137,"column":15}},"68":{"start":{"line":132,"column":16},"end":{"line":132,"column":44}},"69":{"start":{"line":133,"column":16},"end":{"line":133,"column":47}},"70":{"start":{"line":134,"column":16},"end":{"line":134,"column":38}},"71":{"start":{"line":135,"column":16},"end":{"line":135,"column":44}},"72":{"start":{"line":136,"column":16},"end":{"line":136,"column":23}},"73":{"start":{"line":140,"column":8},"end":{"line":153,"column":11}},"74":{"start":{"line":141,"column":23},"end":{"line":146,"column":13}},"75":{"start":{"line":147,"column":12},"end":{"line":152,"column":15}},"76":{"start":{"line":148,"column":16},"end":{"line":148,"column":44}},"77":{"start":{"line":149,"column":16},"end":{"line":149,"column":47}},"78":{"start":{"line":150,"column":16},"end":{"line":150,"column":39}},"79":{"start":{"line":151,"column":16},"end":{"line":151,"column":23}},"80":{"start":{"line":154,"column":8},"end":{"line":167,"column":11}},"81":{"start":{"line":155,"column":23},"end":{"line":160,"column":13}},"82":{"start":{"line":161,"column":12},"end":{"line":166,"column":15}},"83":{"start":{"line":162,"column":16},"end":{"line":162,"column":44}},"84":{"start":{"line":163,"column":16},"end":{"line":163,"column":47}},"85":{"start":{"line":164,"column":16},"end":{"line":164,"column":39}},"86":{"start":{"line":165,"column":16},"end":{"line":165,"column":23}},"87":{"start":{"line":168,"column":8},"end":{"line":181,"column":11}},"88":{"start":{"line":169,"column":23},"end":{"line":174,"column":13}},"89":{"start":{"line":175,"column":12},"end":{"line":180,"column":15}},"90":{"start":{"line":176,"column":16},"end":{"line":176,"column":44}},"91":{"start":{"line":177,"column":16},"end":{"line":177,"column":47}},"92":{"start":{"line":178,"column":16},"end":{"line":178,"column":39}},"93":{"start":{"line":179,"column":16},"end":{"line":179,"column":23}},"94":{"start":{"line":182,"column":8},"end":{"line":197,"column":11}},"95":{"start":{"line":183,"column":23},"end":{"line":188,"column":13}},"96":{"start":{"line":189,"column":12},"end":{"line":196,"column":15}},"97":{"start":{"line":190,"column":16},"end":{"line":190,"column":44}},"98":{"start":{"line":191,"column":16},"end":{"line":191,"column":47}},"99":{"start":{"line":192,"column":16},"end":{"line":192,"column":39}},"100":{"start":{"line":193,"column":16},"end":{"line":193,"column":65}},"101":{"start":{"line":194,"column":16},"end":{"line":194,"column":116}},"102":{"start":{"line":195,"column":16},"end":{"line":195,"column":23}},"103":{"start":{"line":202,"column":0},"end":{"line":643,"column":3}},"104":{"start":{"line":203,"column":4},"end":{"line":305,"column":7}},"105":{"start":{"line":204,"column":8},"end":{"line":218,"column":11}},"106":{"start":{"line":205,"column":23},"end":{"line":208,"column":13}},"107":{"start":{"line":209,"column":12},"end":{"line":217,"column":15}},"108":{"start":{"line":210,"column":16},"end":{"line":210,"column":44}},"109":{"start":{"line":211,"column":16},"end":{"line":211,"column":47}},"110":{"start":{"line":212,"column":16},"end":{"line":212,"column":38}},"111":{"start":{"line":213,"column":16},"end":{"line":213,"column":49}},"112":{"start":{"line":214,"column":16},"end":{"line":214,"column":45}},"113":{"start":{"line":216,"column":16},"end":{"line":216,"column":23}},"114":{"start":{"line":219,"column":8},"end":{"line":230,"column":11}},"115":{"start":{"line":220,"column":23},"end":{"line":222,"column":13}},"116":{"start":{"line":223,"column":12},"end":{"line":229,"column":15}},"117":{"start":{"line":224,"column":16},"end":{"line":224,"column":69}},"118":{"start":{"line":225,"column":16},"end":{"line":225,"column":44}},"119":{"start":{"line":226,"column":16},"end":{"line":226,"column":47}},"120":{"start":{"line":227,"column":16},"end":{"line":227,"column":77}},"121":{"start":{"line":228,"column":16},"end":{"line":228,"column":23}},"122":{"start":{"line":231,"column":8},"end":{"line":242,"column":11}},"123":{"start":{"line":232,"column":23},"end":{"line":234,"column":13}},"124":{"start":{"line":235,"column":12},"end":{"line":241,"column":15}},"125":{"start":{"line":236,"column":16},"end":{"line":236,"column":69}},"126":{"start":{"line":237,"column":16},"end":{"line":237,"column":44}},"127":{"start":{"line":238,"column":16},"end":{"line":238,"column":47}},"128":{"start":{"line":239,"column":16},"end":{"line":239,"column":77}},"129":{"start":{"line":240,"column":16},"end":{"line":240,"column":23}},"130":{"start":{"line":244,"column":8},"end":{"line":253,"column":11}},"131":{"start":{"line":245,"column":23},"end":{"line":247,"column":13}},"132":{"start":{"line":248,"column":12},"end":{"line":252,"column":15}},"133":{"start":{"line":249,"column":16},"end":{"line":249,"column":44}},"134":{"start":{"line":250,"column":16},"end":{"line":250,"column":47}},"135":{"start":{"line":251,"column":16},"end":{"line":251,"column":23}},"136":{"start":{"line":255,"column":8},"end":{"line":267,"column":11}},"137":{"start":{"line":256,"column":23},"end":{"line":259,"column":13}},"138":{"start":{"line":260,"column":12},"end":{"line":266,"column":15}},"139":{"start":{"line":261,"column":16},"end":{"line":261,"column":44}},"140":{"start":{"line":262,"column":16},"end":{"line":262,"column":47}},"141":{"start":{"line":263,"column":16},"end":{"line":263,"column":38}},"142":{"start":{"line":264,"column":16},"end":{"line":264,"column":44}},"143":{"start":{"line":265,"column":16},"end":{"line":265,"column":23}},"144":{"start":{"line":269,"column":8},"end":{"line":286,"column":11}},"145":{"start":{"line":270,"column":24},"end":{"line":270,"column":42}},"146":{"start":{"line":271,"column":23},"end":{"line":273,"column":13}},"147":{"start":{"line":274,"column":22},"end":{"line":274,"column":71}},"148":{"start":{"line":275,"column":12},"end":{"line":285,"column":15}},"149":{"start":{"line":276,"column":27},"end":{"line":276,"column":93}},"150":{"start":{"line":277,"column":16},"end":{"line":284,"column":19}},"151":{"start":{"line":278,"column":20},"end":{"line":278,"column":92}},"152":{"start":{"line":279,"column":20},"end":{"line":283,"column":23}},"153":{"start":{"line":280,"column":24},"end":{"line":280,"column":52}},"154":{"start":{"line":281,"column":24},"end":{"line":281,"column":55}},"155":{"start":{"line":282,"column":24},"end":{"line":282,"column":31}},"156":{"start":{"line":287,"column":8},"end":{"line":296,"column":11}},"157":{"start":{"line":288,"column":23},"end":{"line":290,"column":13}},"158":{"start":{"line":291,"column":12},"end":{"line":295,"column":15}},"159":{"start":{"line":292,"column":16},"end":{"line":292,"column":44}},"160":{"start":{"line":293,"column":16},"end":{"line":293,"column":47}},"161":{"start":{"line":294,"column":16},"end":{"line":294,"column":23}},"162":{"start":{"line":297,"column":8},"end":{"line":304,"column":11}},"163":{"start":{"line":299,"column":12},"end":{"line":303,"column":15}},"164":{"start":{"line":300,"column":16},"end":{"line":300,"column":44}},"165":{"start":{"line":301,"column":16},"end":{"line":301,"column":47}},"166":{"start":{"line":302,"column":16},"end":{"line":302,"column":23}},"167":{"start":{"line":306,"column":4},"end":{"line":393,"column":7}},"168":{"start":{"line":307,"column":8},"end":{"line":322,"column":11}},"169":{"start":{"line":308,"column":24},"end":{"line":308,"column":42}},"170":{"start":{"line":309,"column":22},"end":{"line":309,"column":71}},"171":{"start":{"line":310,"column":12},"end":{"line":321,"column":15}},"172":{"start":{"line":311,"column":27},"end":{"line":311,"column":93}},"173":{"start":{"line":312,"column":16},"end":{"line":320,"column":19}},"174":{"start":{"line":313,"column":20},"end":{"line":313,"column":92}},"175":{"start":{"line":314,"column":20},"end":{"line":319,"column":23}},"176":{"start":{"line":315,"column":24},"end":{"line":315,"column":52}},"177":{"start":{"line":316,"column":24},"end":{"line":316,"column":55}},"178":{"start":{"line":317,"column":24},"end":{"line":317,"column":89}},"179":{"start":{"line":318,"column":24},"end":{"line":318,"column":31}},"180":{"start":{"line":323,"column":8},"end":{"line":338,"column":11}},"181":{"start":{"line":324,"column":24},"end":{"line":324,"column":42}},"182":{"start":{"line":325,"column":22},"end":{"line":325,"column":71}},"183":{"start":{"line":326,"column":12},"end":{"line":337,"column":15}},"184":{"start":{"line":327,"column":27},"end":{"line":327,"column":93}},"185":{"start":{"line":328,"column":16},"end":{"line":336,"column":19}},"186":{"start":{"line":329,"column":20},"end":{"line":329,"column":92}},"187":{"start":{"line":330,"column":20},"end":{"line":335,"column":23}},"188":{"start":{"line":331,"column":24},"end":{"line":331,"column":52}},"189":{"start":{"line":332,"column":24},"end":{"line":332,"column":55}},"190":{"start":{"line":333,"column":24},"end":{"line":333,"column":89}},"191":{"start":{"line":334,"column":24},"end":{"line":334,"column":31}},"192":{"start":{"line":340,"column":8},"end":{"line":346,"column":11}},"193":{"start":{"line":341,"column":12},"end":{"line":345,"column":15}},"194":{"start":{"line":342,"column":16},"end":{"line":342,"column":44}},"195":{"start":{"line":343,"column":16},"end":{"line":343,"column":47}},"196":{"start":{"line":344,"column":16},"end":{"line":344,"column":23}},"197":{"start":{"line":347,"column":8},"end":{"line":353,"column":11}},"198":{"start":{"line":348,"column":12},"end":{"line":352,"column":15}},"199":{"start":{"line":349,"column":16},"end":{"line":349,"column":44}},"200":{"start":{"line":350,"column":16},"end":{"line":350,"column":47}},"201":{"start":{"line":351,"column":16},"end":{"line":351,"column":23}},"202":{"start":{"line":357,"column":8},"end":{"line":374,"column":11}},"203":{"start":{"line":358,"column":24},"end":{"line":358,"column":42}},"204":{"start":{"line":359,"column":23},"end":{"line":361,"column":13}},"205":{"start":{"line":362,"column":22},"end":{"line":362,"column":71}},"206":{"start":{"line":363,"column":12},"end":{"line":373,"column":15}},"207":{"start":{"line":364,"column":27},"end":{"line":364,"column":93}},"208":{"start":{"line":365,"column":16},"end":{"line":372,"column":19}},"209":{"start":{"line":366,"column":20},"end":{"line":366,"column":92}},"210":{"start":{"line":367,"column":20},"end":{"line":371,"column":23}},"211":{"start":{"line":368,"column":24},"end":{"line":368,"column":52}},"212":{"start":{"line":369,"column":24},"end":{"line":369,"column":55}},"213":{"start":{"line":370,"column":24},"end":{"line":370,"column":31}},"214":{"start":{"line":375,"column":8},"end":{"line":384,"column":11}},"215":{"start":{"line":376,"column":23},"end":{"line":378,"column":13}},"216":{"start":{"line":379,"column":12},"end":{"line":383,"column":15}},"217":{"start":{"line":380,"column":16},"end":{"line":380,"column":44}},"218":{"start":{"line":381,"column":16},"end":{"line":381,"column":47}},"219":{"start":{"line":382,"column":16},"end":{"line":382,"column":23}},"220":{"start":{"line":385,"column":8},"end":{"line":392,"column":11}},"221":{"start":{"line":387,"column":12},"end":{"line":391,"column":15}},"222":{"start":{"line":388,"column":16},"end":{"line":388,"column":44}},"223":{"start":{"line":389,"column":16},"end":{"line":389,"column":47}},"224":{"start":{"line":390,"column":16},"end":{"line":390,"column":23}},"225":{"start":{"line":394,"column":4},"end":{"line":442,"column":7}},"226":{"start":{"line":395,"column":8},"end":{"line":410,"column":11}},"227":{"start":{"line":396,"column":24},"end":{"line":396,"column":42}},"228":{"start":{"line":397,"column":22},"end":{"line":397,"column":71}},"229":{"start":{"line":398,"column":12},"end":{"line":409,"column":15}},"230":{"start":{"line":399,"column":27},"end":{"line":399,"column":93}},"231":{"start":{"line":400,"column":16},"end":{"line":408,"column":19}},"232":{"start":{"line":401,"column":20},"end":{"line":401,"column":92}},"233":{"start":{"line":402,"column":20},"end":{"line":407,"column":23}},"234":{"start":{"line":403,"column":24},"end":{"line":403,"column":52}},"235":{"start":{"line":404,"column":24},"end":{"line":404,"column":55}},"236":{"start":{"line":405,"column":24},"end":{"line":405,"column":89}},"237":{"start":{"line":406,"column":24},"end":{"line":406,"column":31}},"238":{"start":{"line":411,"column":8},"end":{"line":426,"column":11}},"239":{"start":{"line":412,"column":24},"end":{"line":412,"column":42}},"240":{"start":{"line":413,"column":22},"end":{"line":413,"column":71}},"241":{"start":{"line":414,"column":12},"end":{"line":425,"column":15}},"242":{"start":{"line":415,"column":27},"end":{"line":415,"column":93}},"243":{"start":{"line":416,"column":16},"end":{"line":424,"column":19}},"244":{"start":{"line":417,"column":20},"end":{"line":417,"column":92}},"245":{"start":{"line":418,"column":20},"end":{"line":423,"column":23}},"246":{"start":{"line":419,"column":24},"end":{"line":419,"column":52}},"247":{"start":{"line":420,"column":24},"end":{"line":420,"column":55}},"248":{"start":{"line":421,"column":24},"end":{"line":421,"column":89}},"249":{"start":{"line":422,"column":24},"end":{"line":422,"column":31}},"250":{"start":{"line":428,"column":8},"end":{"line":434,"column":11}},"251":{"start":{"line":429,"column":12},"end":{"line":433,"column":15}},"252":{"start":{"line":430,"column":16},"end":{"line":430,"column":44}},"253":{"start":{"line":431,"column":16},"end":{"line":431,"column":47}},"254":{"start":{"line":432,"column":16},"end":{"line":432,"column":23}},"255":{"start":{"line":435,"column":8},"end":{"line":441,"column":11}},"256":{"start":{"line":436,"column":12},"end":{"line":440,"column":15}},"257":{"start":{"line":437,"column":16},"end":{"line":437,"column":44}},"258":{"start":{"line":438,"column":16},"end":{"line":438,"column":47}},"259":{"start":{"line":439,"column":16},"end":{"line":439,"column":23}},"260":{"start":{"line":445,"column":4},"end":{"line":613,"column":7}},"261":{"start":{"line":446,"column":8},"end":{"line":452,"column":11}},"262":{"start":{"line":447,"column":12},"end":{"line":451,"column":15}},"263":{"start":{"line":448,"column":16},"end":{"line":448,"column":46}},"264":{"start":{"line":449,"column":16},"end":{"line":449,"column":47}},"265":{"start":{"line":450,"column":16},"end":{"line":450,"column":23}},"266":{"start":{"line":453,"column":8},"end":{"line":459,"column":11}},"267":{"start":{"line":454,"column":12},"end":{"line":458,"column":15}},"268":{"start":{"line":455,"column":16},"end":{"line":455,"column":46}},"269":{"start":{"line":456,"column":16},"end":{"line":456,"column":47}},"270":{"start":{"line":457,"column":16},"end":{"line":457,"column":23}},"271":{"start":{"line":460,"column":8},"end":{"line":477,"column":11}},"272":{"start":{"line":461,"column":25},"end":{"line":461,"column":33}},"273":{"start":{"line":462,"column":12},"end":{"line":476,"column":15}},"274":{"start":{"line":463,"column":27},"end":{"line":463,"column":82}},"275":{"start":{"line":464,"column":16},"end":{"line":475,"column":19}},"276":{"start":{"line":465,"column":20},"end":{"line":465,"column":45}},"277":{"start":{"line":466,"column":20},"end":{"line":474,"column":21}},"278":{"start":{"line":467,"column":24},"end":{"line":467,"column":54}},"279":{"start":{"line":468,"column":24},"end":{"line":468,"column":55}},"280":{"start":{"line":469,"column":24},"end":{"line":469,"column":31}},"281":{"start":{"line":470,"column":27},"end":{"line":474,"column":21}},"282":{"start":{"line":471,"column":24},"end":{"line":471,"column":54}},"283":{"start":{"line":472,"column":24},"end":{"line":472,"column":55}},"284":{"start":{"line":473,"column":24},"end":{"line":473,"column":31}},"285":{"start":{"line":478,"column":8},"end":{"line":484,"column":11}},"286":{"start":{"line":479,"column":12},"end":{"line":483,"column":15}},"287":{"start":{"line":480,"column":16},"end":{"line":480,"column":46}},"288":{"start":{"line":481,"column":16},"end":{"line":481,"column":47}},"289":{"start":{"line":482,"column":16},"end":{"line":482,"column":23}},"290":{"start":{"line":485,"column":8},"end":{"line":491,"column":11}},"291":{"start":{"line":486,"column":12},"end":{"line":490,"column":15}},"292":{"start":{"line":487,"column":16},"end":{"line":487,"column":46}},"293":{"start":{"line":488,"column":16},"end":{"line":488,"column":47}},"294":{"start":{"line":489,"column":16},"end":{"line":489,"column":23}},"295":{"start":{"line":492,"column":8},"end":{"line":498,"column":11}},"296":{"start":{"line":493,"column":12},"end":{"line":497,"column":15}},"297":{"start":{"line":494,"column":16},"end":{"line":494,"column":46}},"298":{"start":{"line":495,"column":16},"end":{"line":495,"column":47}},"299":{"start":{"line":496,"column":16},"end":{"line":496,"column":23}},"300":{"start":{"line":499,"column":8},"end":{"line":505,"column":11}},"301":{"start":{"line":500,"column":12},"end":{"line":504,"column":15}},"302":{"start":{"line":501,"column":16},"end":{"line":501,"column":46}},"303":{"start":{"line":502,"column":16},"end":{"line":502,"column":47}},"304":{"start":{"line":503,"column":16},"end":{"line":503,"column":23}},"305":{"start":{"line":506,"column":8},"end":{"line":520,"column":11}},"306":{"start":{"line":507,"column":24},"end":{"line":507,"column":42}},"307":{"start":{"line":508,"column":22},"end":{"line":508,"column":71}},"308":{"start":{"line":509,"column":12},"end":{"line":519,"column":15}},"309":{"start":{"line":510,"column":27},"end":{"line":510,"column":93}},"310":{"start":{"line":511,"column":16},"end":{"line":518,"column":19}},"311":{"start":{"line":512,"column":20},"end":{"line":512,"column":92}},"312":{"start":{"line":513,"column":20},"end":{"line":517,"column":23}},"313":{"start":{"line":514,"column":24},"end":{"line":514,"column":52}},"314":{"start":{"line":515,"column":24},"end":{"line":515,"column":55}},"315":{"start":{"line":516,"column":24},"end":{"line":516,"column":31}},"316":{"start":{"line":521,"column":8},"end":{"line":527,"column":11}},"317":{"start":{"line":522,"column":12},"end":{"line":526,"column":15}},"318":{"start":{"line":523,"column":16},"end":{"line":523,"column":46}},"319":{"start":{"line":524,"column":16},"end":{"line":524,"column":47}},"320":{"start":{"line":525,"column":16},"end":{"line":525,"column":23}},"321":{"start":{"line":530,"column":8},"end":{"line":604,"column":11}},"322":{"start":{"line":531,"column":24},"end":{"line":531,"column":42}},"323":{"start":{"line":532,"column":22},"end":{"line":532,"column":71}},"324":{"start":{"line":533,"column":12},"end":{"line":543,"column":15}},"325":{"start":{"line":534,"column":27},"end":{"line":534,"column":93}},"326":{"start":{"line":535,"column":16},"end":{"line":542,"column":19}},"327":{"start":{"line":536,"column":20},"end":{"line":536,"column":92}},"328":{"start":{"line":537,"column":20},"end":{"line":541,"column":23}},"329":{"start":{"line":538,"column":24},"end":{"line":538,"column":52}},"330":{"start":{"line":539,"column":24},"end":{"line":539,"column":55}},"331":{"start":{"line":540,"column":24},"end":{"line":540,"column":31}},"332":{"start":{"line":544,"column":12},"end":{"line":564,"column":15}},"333":{"start":{"line":545,"column":28},"end":{"line":545,"column":46}},"334":{"start":{"line":546,"column":26},"end":{"line":546,"column":75}},"335":{"start":{"line":547,"column":16},"end":{"line":563,"column":19}},"336":{"start":{"line":548,"column":31},"end":{"line":548,"column":97}},"337":{"start":{"line":549,"column":20},"end":{"line":562,"column":23}},"338":{"start":{"line":550,"column":24},"end":{"line":550,"column":96}},"339":{"start":{"line":551,"column":35},"end":{"line":551,"column":102}},"340":{"start":{"line":552,"column":24},"end":{"line":561,"column":27}},"341":{"start":{"line":553,"column":28},"end":{"line":560,"column":31}},"342":{"start":{"line":554,"column":32},"end":{"line":554,"column":60}},"343":{"start":{"line":555,"column":32},"end":{"line":555,"column":63}},"344":{"start":{"line":556,"column":32},"end":{"line":556,"column":97}},"345":{"start":{"line":557,"column":32},"end":{"line":557,"column":54}},"346":{"start":{"line":559,"column":32},"end":{"line":559,"column":39}},"347":{"start":{"line":565,"column":12},"end":{"line":571,"column":15}},"348":{"start":{"line":566,"column":16},"end":{"line":570,"column":19}},"349":{"start":{"line":567,"column":20},"end":{"line":567,"column":48}},"350":{"start":{"line":568,"column":20},"end":{"line":568,"column":51}},"351":{"start":{"line":569,"column":20},"end":{"line":569,"column":27}},"352":{"start":{"line":572,"column":12},"end":{"line":578,"column":15}},"353":{"start":{"line":573,"column":16},"end":{"line":577,"column":19}},"354":{"start":{"line":574,"column":20},"end":{"line":574,"column":48}},"355":{"start":{"line":575,"column":20},"end":{"line":575,"column":51}},"356":{"start":{"line":576,"column":20},"end":{"line":576,"column":27}},"357":{"start":{"line":579,"column":12},"end":{"line":585,"column":15}},"358":{"start":{"line":580,"column":16},"end":{"line":584,"column":19}},"359":{"start":{"line":581,"column":20},"end":{"line":581,"column":48}},"360":{"start":{"line":582,"column":20},"end":{"line":582,"column":51}},"361":{"start":{"line":583,"column":20},"end":{"line":583,"column":27}},"362":{"start":{"line":586,"column":12},"end":{"line":603,"column":15}},"363":{"start":{"line":587,"column":28},"end":{"line":587,"column":46}},"364":{"start":{"line":588,"column":26},"end":{"line":588,"column":75}},"365":{"start":{"line":589,"column":16},"end":{"line":602,"column":19}},"366":{"start":{"line":590,"column":31},"end":{"line":590,"column":97}},"367":{"start":{"line":591,"column":20},"end":{"line":601,"column":23}},"368":{"start":{"line":592,"column":24},"end":{"line":592,"column":96}},"369":{"start":{"line":593,"column":35},"end":{"line":593,"column":102}},"370":{"start":{"line":594,"column":24},"end":{"line":600,"column":27}},"371":{"start":{"line":595,"column":28},"end":{"line":599,"column":31}},"372":{"start":{"line":596,"column":32},"end":{"line":596,"column":60}},"373":{"start":{"line":597,"column":32},"end":{"line":597,"column":63}},"374":{"start":{"line":598,"column":32},"end":{"line":598,"column":39}},"375":{"start":{"line":605,"column":8},"end":{"line":612,"column":11}},"376":{"start":{"line":607,"column":12},"end":{"line":611,"column":15}},"377":{"start":{"line":608,"column":16},"end":{"line":608,"column":44}},"378":{"start":{"line":609,"column":16},"end":{"line":609,"column":47}},"379":{"start":{"line":610,"column":16},"end":{"line":610,"column":23}},"380":{"start":{"line":615,"column":4},"end":{"line":642,"column":7}},"381":{"start":{"line":616,"column":8},"end":{"line":632,"column":11}},"382":{"start":{"line":617,"column":24},"end":{"line":617,"column":42}},"383":{"start":{"line":618,"column":22},"end":{"line":618,"column":71}},"384":{"start":{"line":619,"column":12},"end":{"line":631,"column":15}},"385":{"start":{"line":620,"column":27},"end":{"line":620,"column":93}},"386":{"start":{"line":621,"column":16},"end":{"line":630,"column":19}},"387":{"start":{"line":622,"column":20},"end":{"line":622,"column":45}},"388":{"start":{"line":623,"column":34},"end":{"line":623,"column":62}},"389":{"start":{"line":624,"column":20},"end":{"line":624,"column":91}},"390":{"start":{"line":625,"column":20},"end":{"line":629,"column":23}},"391":{"start":{"line":626,"column":24},"end":{"line":626,"column":52}},"392":{"start":{"line":627,"column":24},"end":{"line":627,"column":55}},"393":{"start":{"line":628,"column":24},"end":{"line":628,"column":31}},"394":{"start":{"line":634,"column":8},"end":{"line":641,"column":11}},"395":{"start":{"line":636,"column":12},"end":{"line":640,"column":15}},"396":{"start":{"line":637,"column":16},"end":{"line":637,"column":44}},"397":{"start":{"line":638,"column":16},"end":{"line":638,"column":47}},"398":{"start":{"line":639,"column":16},"end":{"line":639,"column":23}},"399":{"start":{"line":645,"column":0},"end":{"line":688,"column":3}},"400":{"start":{"line":646,"column":4},"end":{"line":687,"column":7}},"401":{"start":{"line":647,"column":8},"end":{"line":656,"column":11}},"402":{"start":{"line":648,"column":23},"end":{"line":650,"column":13}},"403":{"start":{"line":651,"column":12},"end":{"line":655,"column":15}},"404":{"start":{"line":652,"column":16},"end":{"line":652,"column":44}},"405":{"start":{"line":653,"column":16},"end":{"line":653,"column":47}},"406":{"start":{"line":654,"column":16},"end":{"line":654,"column":23}},"407":{"start":{"line":657,"column":8},"end":{"line":666,"column":11}},"408":{"start":{"line":658,"column":23},"end":{"line":660,"column":13}},"409":{"start":{"line":661,"column":12},"end":{"line":665,"column":15}},"410":{"start":{"line":662,"column":16},"end":{"line":662,"column":44}},"411":{"start":{"line":663,"column":16},"end":{"line":663,"column":47}},"412":{"start":{"line":664,"column":16},"end":{"line":664,"column":23}},"413":{"start":{"line":667,"column":8},"end":{"line":676,"column":11}},"414":{"start":{"line":668,"column":23},"end":{"line":670,"column":13}},"415":{"start":{"line":671,"column":12},"end":{"line":675,"column":15}},"416":{"start":{"line":672,"column":16},"end":{"line":672,"column":44}},"417":{"start":{"line":673,"column":16},"end":{"line":673,"column":47}},"418":{"start":{"line":674,"column":16},"end":{"line":674,"column":23}},"419":{"start":{"line":677,"column":8},"end":{"line":686,"column":11}},"420":{"start":{"line":678,"column":23},"end":{"line":680,"column":13}},"421":{"start":{"line":681,"column":12},"end":{"line":685,"column":15}},"422":{"start":{"line":682,"column":16},"end":{"line":682,"column":44}},"423":{"start":{"line":683,"column":16},"end":{"line":683,"column":47}},"424":{"start":{"line":684,"column":16},"end":{"line":684,"column":23}}},"fnMap":{"0":{"name":"_interopRequireDefault","decl":{"start":{"line":19,"column":9},"end":{"line":19,"column":31}},"loc":{"start":{"line":19,"column":37},"end":{"line":19,"column":95}},"line":19},"1":{"name":"(anonymous_1)","decl":{"start":{"line":28,"column":18},"end":{"line":28,"column":19}},"loc":{"start":{"line":28,"column":30},"end":{"line":199,"column":1}},"line":28},"2":{"name":"(anonymous_2)","decl":{"start":{"line":29,"column":23},"end":{"line":29,"column":24}},"loc":{"start":{"line":29,"column":35},"end":{"line":198,"column":5}},"line":29},"3":{"name":"(anonymous_3)","decl":{"start":{"line":30,"column":47},"end":{"line":30,"column":48}},"loc":{"start":{"line":30,"column":63},"end":{"line":43,"column":9}},"line":30},"4":{"name":"(anonymous_4)","decl":{"start":{"line":37,"column":93},"end":{"line":37,"column":94}},"loc":{"start":{"line":37,"column":113},"end":{"line":42,"column":13}},"line":37},"5":{"name":"(anonymous_5)","decl":{"start":{"line":44,"column":80},"end":{"line":44,"column":81}},"loc":{"start":{"line":44,"column":96},"end":{"line":57,"column":9}},"line":44},"6":{"name":"(anonymous_6)","decl":{"start":{"line":51,"column":93},"end":{"line":51,"column":94}},"loc":{"start":{"line":51,"column":113},"end":{"line":56,"column":13}},"line":51},"7":{"name":"(anonymous_7)","decl":{"start":{"line":59,"column":62},"end":{"line":59,"column":63}},"loc":{"start":{"line":59,"column":78},"end":{"line":72,"column":9}},"line":59},"8":{"name":"(anonymous_8)","decl":{"start":{"line":66,"column":93},"end":{"line":66,"column":94}},"loc":{"start":{"line":66,"column":113},"end":{"line":71,"column":13}},"line":66},"9":{"name":"(anonymous_9)","decl":{"start":{"line":74,"column":89},"end":{"line":74,"column":90}},"loc":{"start":{"line":74,"column":105},"end":{"line":87,"column":9}},"line":74},"10":{"name":"(anonymous_10)","decl":{"start":{"line":81,"column":93},"end":{"line":81,"column":94}},"loc":{"start":{"line":81,"column":113},"end":{"line":86,"column":13}},"line":81},"11":{"name":"(anonymous_11)","decl":{"start":{"line":89,"column":65},"end":{"line":89,"column":66}},"loc":{"start":{"line":89,"column":81},"end":{"line":100,"column":9}},"line":89},"12":{"name":"(anonymous_12)","decl":{"start":{"line":94,"column":93},"end":{"line":94,"column":94}},"loc":{"start":{"line":94,"column":113},"end":{"line":99,"column":13}},"line":94},"13":{"name":"(anonymous_13)","decl":{"start":{"line":101,"column":58},"end":{"line":101,"column":59}},"loc":{"start":{"line":101,"column":74},"end":{"line":112,"column":9}},"line":101},"14":{"name":"(anonymous_14)","decl":{"start":{"line":106,"column":93},"end":{"line":106,"column":94}},"loc":{"start":{"line":106,"column":113},"end":{"line":111,"column":13}},"line":106},"15":{"name":"(anonymous_15)","decl":{"start":{"line":113,"column":48},"end":{"line":113,"column":49}},"loc":{"start":{"line":113,"column":64},"end":{"line":124,"column":9}},"line":113},"16":{"name":"(anonymous_16)","decl":{"start":{"line":118,"column":93},"end":{"line":118,"column":94}},"loc":{"start":{"line":118,"column":113},"end":{"line":123,"column":13}},"line":118},"17":{"name":"(anonymous_17)","decl":{"start":{"line":126,"column":37},"end":{"line":126,"column":38}},"loc":{"start":{"line":126,"column":53},"end":{"line":138,"column":9}},"line":126},"18":{"name":"(anonymous_18)","decl":{"start":{"line":131,"column":93},"end":{"line":131,"column":94}},"loc":{"start":{"line":131,"column":113},"end":{"line":137,"column":13}},"line":131},"19":{"name":"(anonymous_19)","decl":{"start":{"line":140,"column":46},"end":{"line":140,"column":47}},"loc":{"start":{"line":140,"column":62},"end":{"line":153,"column":9}},"line":140},"20":{"name":"(anonymous_20)","decl":{"start":{"line":147,"column":144},"end":{"line":147,"column":145}},"loc":{"start":{"line":147,"column":164},"end":{"line":152,"column":13}},"line":147},"21":{"name":"(anonymous_21)","decl":{"start":{"line":154,"column":70},"end":{"line":154,"column":71}},"loc":{"start":{"line":154,"column":86},"end":{"line":167,"column":9}},"line":154},"22":{"name":"(anonymous_22)","decl":{"start":{"line":161,"column":144},"end":{"line":161,"column":145}},"loc":{"start":{"line":161,"column":164},"end":{"line":166,"column":13}},"line":161},"23":{"name":"(anonymous_23)","decl":{"start":{"line":168,"column":46},"end":{"line":168,"column":47}},"loc":{"start":{"line":168,"column":62},"end":{"line":181,"column":9}},"line":168},"24":{"name":"(anonymous_24)","decl":{"start":{"line":175,"column":144},"end":{"line":175,"column":145}},"loc":{"start":{"line":175,"column":164},"end":{"line":180,"column":13}},"line":175},"25":{"name":"(anonymous_25)","decl":{"start":{"line":182,"column":57},"end":{"line":182,"column":58}},"loc":{"start":{"line":182,"column":73},"end":{"line":197,"column":9}},"line":182},"26":{"name":"(anonymous_26)","decl":{"start":{"line":189,"column":144},"end":{"line":189,"column":145}},"loc":{"start":{"line":189,"column":164},"end":{"line":196,"column":13}},"line":189},"27":{"name":"(anonymous_27)","decl":{"start":{"line":202,"column":20},"end":{"line":202,"column":21}},"loc":{"start":{"line":202,"column":32},"end":{"line":643,"column":1}},"line":202},"28":{"name":"(anonymous_28)","decl":{"start":{"line":203,"column":23},"end":{"line":203,"column":24}},"loc":{"start":{"line":203,"column":35},"end":{"line":305,"column":5}},"line":203},"29":{"name":"(anonymous_29)","decl":{"start":{"line":204,"column":37},"end":{"line":204,"column":38}},"loc":{"start":{"line":204,"column":53},"end":{"line":218,"column":9}},"line":204},"30":{"name":"(anonymous_30)","decl":{"start":{"line":209,"column":93},"end":{"line":209,"column":94}},"loc":{"start":{"line":209,"column":113},"end":{"line":217,"column":13}},"line":209},"31":{"name":"(anonymous_31)","decl":{"start":{"line":219,"column":32},"end":{"line":219,"column":33}},"loc":{"start":{"line":219,"column":48},"end":{"line":230,"column":9}},"line":219},"32":{"name":"(anonymous_32)","decl":{"start":{"line":223,"column":140},"end":{"line":223,"column":141}},"loc":{"start":{"line":223,"column":160},"end":{"line":229,"column":13}},"line":223},"33":{"name":"(anonymous_33)","decl":{"start":{"line":231,"column":32},"end":{"line":231,"column":33}},"loc":{"start":{"line":231,"column":48},"end":{"line":242,"column":9}},"line":231},"34":{"name":"(anonymous_34)","decl":{"start":{"line":235,"column":140},"end":{"line":235,"column":141}},"loc":{"start":{"line":235,"column":160},"end":{"line":241,"column":13}},"line":235},"35":{"name":"(anonymous_35)","decl":{"start":{"line":244,"column":60},"end":{"line":244,"column":61}},"loc":{"start":{"line":244,"column":76},"end":{"line":253,"column":9}},"line":244},"36":{"name":"(anonymous_36)","decl":{"start":{"line":248,"column":142},"end":{"line":248,"column":143}},"loc":{"start":{"line":248,"column":162},"end":{"line":252,"column":13}},"line":248},"37":{"name":"(anonymous_37)","decl":{"start":{"line":255,"column":37},"end":{"line":255,"column":38}},"loc":{"start":{"line":255,"column":53},"end":{"line":267,"column":9}},"line":255},"38":{"name":"(anonymous_38)","decl":{"start":{"line":260,"column":93},"end":{"line":260,"column":94}},"loc":{"start":{"line":260,"column":113},"end":{"line":266,"column":13}},"line":260},"39":{"name":"(anonymous_39)","decl":{"start":{"line":269,"column":29},"end":{"line":269,"column":30}},"loc":{"start":{"line":269,"column":45},"end":{"line":286,"column":9}},"line":269},"40":{"name":"(anonymous_40)","decl":{"start":{"line":275,"column":41},"end":{"line":275,"column":42}},"loc":{"start":{"line":275,"column":59},"end":{"line":285,"column":13}},"line":275},"41":{"name":"(anonymous_41)","decl":{"start":{"line":277,"column":46},"end":{"line":277,"column":47}},"loc":{"start":{"line":277,"column":64},"end":{"line":284,"column":17}},"line":277},"42":{"name":"(anonymous_42)","decl":{"start":{"line":279,"column":191},"end":{"line":279,"column":192}},"loc":{"start":{"line":279,"column":211},"end":{"line":283,"column":21}},"line":279},"43":{"name":"(anonymous_43)","decl":{"start":{"line":287,"column":37},"end":{"line":287,"column":38}},"loc":{"start":{"line":287,"column":53},"end":{"line":296,"column":9}},"line":287},"44":{"name":"(anonymous_44)","decl":{"start":{"line":291,"column":148},"end":{"line":291,"column":149}},"loc":{"start":{"line":291,"column":168},"end":{"line":295,"column":13}},"line":291},"45":{"name":"(anonymous_45)","decl":{"start":{"line":297,"column":52},"end":{"line":297,"column":53}},"loc":{"start":{"line":297,"column":68},"end":{"line":304,"column":9}},"line":297},"46":{"name":"(anonymous_46)","decl":{"start":{"line":299,"column":137},"end":{"line":299,"column":138}},"loc":{"start":{"line":299,"column":157},"end":{"line":303,"column":13}},"line":299},"47":{"name":"(anonymous_47)","decl":{"start":{"line":306,"column":24},"end":{"line":306,"column":25}},"loc":{"start":{"line":306,"column":36},"end":{"line":393,"column":5}},"line":306},"48":{"name":"(anonymous_48)","decl":{"start":{"line":307,"column":35},"end":{"line":307,"column":36}},"loc":{"start":{"line":307,"column":51},"end":{"line":322,"column":9}},"line":307},"49":{"name":"(anonymous_49)","decl":{"start":{"line":310,"column":41},"end":{"line":310,"column":42}},"loc":{"start":{"line":310,"column":59},"end":{"line":321,"column":13}},"line":310},"50":{"name":"(anonymous_50)","decl":{"start":{"line":312,"column":46},"end":{"line":312,"column":47}},"loc":{"start":{"line":312,"column":64},"end":{"line":320,"column":17}},"line":312},"51":{"name":"(anonymous_51)","decl":{"start":{"line":314,"column":164},"end":{"line":314,"column":165}},"loc":{"start":{"line":314,"column":184},"end":{"line":319,"column":21}},"line":314},"52":{"name":"(anonymous_52)","decl":{"start":{"line":323,"column":38},"end":{"line":323,"column":39}},"loc":{"start":{"line":323,"column":54},"end":{"line":338,"column":9}},"line":323},"53":{"name":"(anonymous_53)","decl":{"start":{"line":326,"column":41},"end":{"line":326,"column":42}},"loc":{"start":{"line":326,"column":59},"end":{"line":337,"column":13}},"line":326},"54":{"name":"(anonymous_54)","decl":{"start":{"line":328,"column":46},"end":{"line":328,"column":47}},"loc":{"start":{"line":328,"column":64},"end":{"line":336,"column":17}},"line":328},"55":{"name":"(anonymous_55)","decl":{"start":{"line":330,"column":164},"end":{"line":330,"column":165}},"loc":{"start":{"line":330,"column":184},"end":{"line":335,"column":21}},"line":330},"56":{"name":"(anonymous_56)","decl":{"start":{"line":340,"column":60},"end":{"line":340,"column":61}},"loc":{"start":{"line":340,"column":76},"end":{"line":346,"column":9}},"line":340},"57":{"name":"(anonymous_57)","decl":{"start":{"line":341,"column":129},"end":{"line":341,"column":130}},"loc":{"start":{"line":341,"column":149},"end":{"line":345,"column":13}},"line":341},"58":{"name":"(anonymous_58)","decl":{"start":{"line":347,"column":60},"end":{"line":347,"column":61}},"loc":{"start":{"line":347,"column":76},"end":{"line":353,"column":9}},"line":347},"59":{"name":"(anonymous_59)","decl":{"start":{"line":348,"column":127},"end":{"line":348,"column":128}},"loc":{"start":{"line":348,"column":147},"end":{"line":352,"column":13}},"line":348},"60":{"name":"(anonymous_60)","decl":{"start":{"line":357,"column":28},"end":{"line":357,"column":29}},"loc":{"start":{"line":357,"column":44},"end":{"line":374,"column":9}},"line":357},"61":{"name":"(anonymous_61)","decl":{"start":{"line":363,"column":41},"end":{"line":363,"column":42}},"loc":{"start":{"line":363,"column":59},"end":{"line":373,"column":13}},"line":363},"62":{"name":"(anonymous_62)","decl":{"start":{"line":365,"column":46},"end":{"line":365,"column":47}},"loc":{"start":{"line":365,"column":64},"end":{"line":372,"column":17}},"line":365},"63":{"name":"(anonymous_63)","decl":{"start":{"line":367,"column":190},"end":{"line":367,"column":191}},"loc":{"start":{"line":367,"column":210},"end":{"line":371,"column":21}},"line":367},"64":{"name":"(anonymous_64)","decl":{"start":{"line":375,"column":36},"end":{"line":375,"column":37}},"loc":{"start":{"line":375,"column":52},"end":{"line":384,"column":9}},"line":375},"65":{"name":"(anonymous_65)","decl":{"start":{"line":379,"column":147},"end":{"line":379,"column":148}},"loc":{"start":{"line":379,"column":167},"end":{"line":383,"column":13}},"line":379},"66":{"name":"(anonymous_66)","decl":{"start":{"line":385,"column":52},"end":{"line":385,"column":53}},"loc":{"start":{"line":385,"column":68},"end":{"line":392,"column":9}},"line":385},"67":{"name":"(anonymous_67)","decl":{"start":{"line":387,"column":136},"end":{"line":387,"column":137}},"loc":{"start":{"line":387,"column":156},"end":{"line":391,"column":13}},"line":387},"68":{"name":"(anonymous_68)","decl":{"start":{"line":394,"column":24},"end":{"line":394,"column":25}},"loc":{"start":{"line":394,"column":36},"end":{"line":442,"column":5}},"line":394},"69":{"name":"(anonymous_69)","decl":{"start":{"line":395,"column":35},"end":{"line":395,"column":36}},"loc":{"start":{"line":395,"column":51},"end":{"line":410,"column":9}},"line":395},"70":{"name":"(anonymous_70)","decl":{"start":{"line":398,"column":41},"end":{"line":398,"column":42}},"loc":{"start":{"line":398,"column":59},"end":{"line":409,"column":13}},"line":398},"71":{"name":"(anonymous_71)","decl":{"start":{"line":400,"column":46},"end":{"line":400,"column":47}},"loc":{"start":{"line":400,"column":64},"end":{"line":408,"column":17}},"line":400},"72":{"name":"(anonymous_72)","decl":{"start":{"line":402,"column":164},"end":{"line":402,"column":165}},"loc":{"start":{"line":402,"column":184},"end":{"line":407,"column":21}},"line":402},"73":{"name":"(anonymous_73)","decl":{"start":{"line":411,"column":38},"end":{"line":411,"column":39}},"loc":{"start":{"line":411,"column":54},"end":{"line":426,"column":9}},"line":411},"74":{"name":"(anonymous_74)","decl":{"start":{"line":414,"column":41},"end":{"line":414,"column":42}},"loc":{"start":{"line":414,"column":59},"end":{"line":425,"column":13}},"line":414},"75":{"name":"(anonymous_75)","decl":{"start":{"line":416,"column":46},"end":{"line":416,"column":47}},"loc":{"start":{"line":416,"column":64},"end":{"line":424,"column":17}},"line":416},"76":{"name":"(anonymous_76)","decl":{"start":{"line":418,"column":164},"end":{"line":418,"column":165}},"loc":{"start":{"line":418,"column":184},"end":{"line":423,"column":21}},"line":418},"77":{"name":"(anonymous_77)","decl":{"start":{"line":428,"column":60},"end":{"line":428,"column":61}},"loc":{"start":{"line":428,"column":76},"end":{"line":434,"column":9}},"line":428},"78":{"name":"(anonymous_78)","decl":{"start":{"line":429,"column":129},"end":{"line":429,"column":130}},"loc":{"start":{"line":429,"column":149},"end":{"line":433,"column":13}},"line":429},"79":{"name":"(anonymous_79)","decl":{"start":{"line":435,"column":60},"end":{"line":435,"column":61}},"loc":{"start":{"line":435,"column":76},"end":{"line":441,"column":9}},"line":435},"80":{"name":"(anonymous_80)","decl":{"start":{"line":436,"column":127},"end":{"line":436,"column":128}},"loc":{"start":{"line":436,"column":147},"end":{"line":440,"column":13}},"line":436},"81":{"name":"(anonymous_81)","decl":{"start":{"line":445,"column":22},"end":{"line":445,"column":23}},"loc":{"start":{"line":445,"column":34},"end":{"line":613,"column":5}},"line":445},"82":{"name":"(anonymous_82)","decl":{"start":{"line":446,"column":37},"end":{"line":446,"column":38}},"loc":{"start":{"line":446,"column":53},"end":{"line":452,"column":9}},"line":446},"83":{"name":"(anonymous_83)","decl":{"start":{"line":447,"column":123},"end":{"line":447,"column":124}},"loc":{"start":{"line":447,"column":143},"end":{"line":451,"column":13}},"line":447},"84":{"name":"(anonymous_84)","decl":{"start":{"line":453,"column":57},"end":{"line":453,"column":58}},"loc":{"start":{"line":453,"column":73},"end":{"line":459,"column":9}},"line":453},"85":{"name":"(anonymous_85)","decl":{"start":{"line":454,"column":138},"end":{"line":454,"column":139}},"loc":{"start":{"line":454,"column":158},"end":{"line":458,"column":13}},"line":454},"86":{"name":"(anonymous_86)","decl":{"start":{"line":460,"column":56},"end":{"line":460,"column":57}},"loc":{"start":{"line":460,"column":72},"end":{"line":477,"column":9}},"line":460},"87":{"name":"(anonymous_87)","decl":{"start":{"line":462,"column":137},"end":{"line":462,"column":138}},"loc":{"start":{"line":462,"column":157},"end":{"line":476,"column":13}},"line":462},"88":{"name":"(anonymous_88)","decl":{"start":{"line":464,"column":45},"end":{"line":464,"column":46}},"loc":{"start":{"line":464,"column":63},"end":{"line":475,"column":17}},"line":464},"89":{"name":"(anonymous_89)","decl":{"start":{"line":478,"column":61},"end":{"line":478,"column":62}},"loc":{"start":{"line":478,"column":77},"end":{"line":484,"column":9}},"line":478},"90":{"name":"(anonymous_90)","decl":{"start":{"line":479,"column":135},"end":{"line":479,"column":136}},"loc":{"start":{"line":479,"column":155},"end":{"line":483,"column":13}},"line":479},"91":{"name":"(anonymous_91)","decl":{"start":{"line":485,"column":47},"end":{"line":485,"column":48}},"loc":{"start":{"line":485,"column":63},"end":{"line":491,"column":9}},"line":485},"92":{"name":"(anonymous_92)","decl":{"start":{"line":486,"column":145},"end":{"line":486,"column":146}},"loc":{"start":{"line":486,"column":165},"end":{"line":490,"column":13}},"line":486},"93":{"name":"(anonymous_93)","decl":{"start":{"line":492,"column":51},"end":{"line":492,"column":52}},"loc":{"start":{"line":492,"column":67},"end":{"line":498,"column":9}},"line":492},"94":{"name":"(anonymous_94)","decl":{"start":{"line":493,"column":144},"end":{"line":493,"column":145}},"loc":{"start":{"line":493,"column":164},"end":{"line":497,"column":13}},"line":493},"95":{"name":"(anonymous_95)","decl":{"start":{"line":499,"column":66},"end":{"line":499,"column":67}},"loc":{"start":{"line":499,"column":82},"end":{"line":505,"column":9}},"line":499},"96":{"name":"(anonymous_96)","decl":{"start":{"line":500,"column":143},"end":{"line":500,"column":144}},"loc":{"start":{"line":500,"column":163},"end":{"line":504,"column":13}},"line":500},"97":{"name":"(anonymous_97)","decl":{"start":{"line":506,"column":41},"end":{"line":506,"column":42}},"loc":{"start":{"line":506,"column":57},"end":{"line":520,"column":9}},"line":506},"98":{"name":"(anonymous_98)","decl":{"start":{"line":509,"column":41},"end":{"line":509,"column":42}},"loc":{"start":{"line":509,"column":59},"end":{"line":519,"column":13}},"line":509},"99":{"name":"(anonymous_99)","decl":{"start":{"line":511,"column":46},"end":{"line":511,"column":47}},"loc":{"start":{"line":511,"column":64},"end":{"line":518,"column":17}},"line":511},"100":{"name":"(anonymous_100)","decl":{"start":{"line":513,"column":162},"end":{"line":513,"column":163}},"loc":{"start":{"line":513,"column":182},"end":{"line":517,"column":21}},"line":513},"101":{"name":"(anonymous_101)","decl":{"start":{"line":521,"column":71},"end":{"line":521,"column":72}},"loc":{"start":{"line":521,"column":87},"end":{"line":527,"column":9}},"line":521},"102":{"name":"(anonymous_102)","decl":{"start":{"line":522,"column":125},"end":{"line":522,"column":126}},"loc":{"start":{"line":522,"column":145},"end":{"line":526,"column":13}},"line":522},"103":{"name":"(anonymous_103)","decl":{"start":{"line":530,"column":60},"end":{"line":530,"column":61}},"loc":{"start":{"line":530,"column":76},"end":{"line":604,"column":9}},"line":530},"104":{"name":"(anonymous_104)","decl":{"start":{"line":533,"column":41},"end":{"line":533,"column":42}},"loc":{"start":{"line":533,"column":59},"end":{"line":543,"column":13}},"line":533},"105":{"name":"(anonymous_105)","decl":{"start":{"line":535,"column":46},"end":{"line":535,"column":47}},"loc":{"start":{"line":535,"column":64},"end":{"line":542,"column":17}},"line":535},"106":{"name":"(anonymous_106)","decl":{"start":{"line":537,"column":181},"end":{"line":537,"column":182}},"loc":{"start":{"line":537,"column":201},"end":{"line":541,"column":21}},"line":537},"107":{"name":"(anonymous_107)","decl":{"start":{"line":544,"column":53},"end":{"line":544,"column":54}},"loc":{"start":{"line":544,"column":69},"end":{"line":564,"column":13}},"line":544},"108":{"name":"(anonymous_108)","decl":{"start":{"line":547,"column":45},"end":{"line":547,"column":46}},"loc":{"start":{"line":547,"column":63},"end":{"line":563,"column":17}},"line":547},"109":{"name":"(anonymous_109)","decl":{"start":{"line":549,"column":50},"end":{"line":549,"column":51}},"loc":{"start":{"line":549,"column":68},"end":{"line":562,"column":21}},"line":549},"110":{"name":"(anonymous_110)","decl":{"start":{"line":552,"column":54},"end":{"line":552,"column":55}},"loc":{"start":{"line":552,"column":72},"end":{"line":561,"column":25}},"line":552},"111":{"name":"(anonymous_111)","decl":{"start":{"line":553,"column":210},"end":{"line":553,"column":211}},"loc":{"start":{"line":553,"column":230},"end":{"line":560,"column":29}},"line":553},"112":{"name":"(anonymous_112)","decl":{"start":{"line":565,"column":82},"end":{"line":565,"column":83}},"loc":{"start":{"line":565,"column":98},"end":{"line":571,"column":13}},"line":565},"113":{"name":"(anonymous_113)","decl":{"start":{"line":566,"column":146},"end":{"line":566,"column":147}},"loc":{"start":{"line":566,"column":166},"end":{"line":570,"column":17}},"line":566},"114":{"name":"(anonymous_114)","decl":{"start":{"line":572,"column":76},"end":{"line":572,"column":77}},"loc":{"start":{"line":572,"column":92},"end":{"line":578,"column":13}},"line":572},"115":{"name":"(anonymous_115)","decl":{"start":{"line":573,"column":148},"end":{"line":573,"column":149}},"loc":{"start":{"line":573,"column":168},"end":{"line":577,"column":17}},"line":573},"116":{"name":"(anonymous_116)","decl":{"start":{"line":579,"column":85},"end":{"line":579,"column":86}},"loc":{"start":{"line":579,"column":101},"end":{"line":585,"column":13}},"line":579},"117":{"name":"(anonymous_117)","decl":{"start":{"line":580,"column":150},"end":{"line":580,"column":151}},"loc":{"start":{"line":580,"column":170},"end":{"line":584,"column":17}},"line":580},"118":{"name":"(anonymous_118)","decl":{"start":{"line":586,"column":53},"end":{"line":586,"column":54}},"loc":{"start":{"line":586,"column":69},"end":{"line":603,"column":13}},"line":586},"119":{"name":"(anonymous_119)","decl":{"start":{"line":589,"column":45},"end":{"line":589,"column":46}},"loc":{"start":{"line":589,"column":63},"end":{"line":602,"column":17}},"line":589},"120":{"name":"(anonymous_120)","decl":{"start":{"line":591,"column":50},"end":{"line":591,"column":51}},"loc":{"start":{"line":591,"column":68},"end":{"line":601,"column":21}},"line":591},"121":{"name":"(anonymous_121)","decl":{"start":{"line":594,"column":54},"end":{"line":594,"column":55}},"loc":{"start":{"line":594,"column":72},"end":{"line":600,"column":25}},"line":594},"122":{"name":"(anonymous_122)","decl":{"start":{"line":595,"column":198},"end":{"line":595,"column":199}},"loc":{"start":{"line":595,"column":218},"end":{"line":599,"column":29}},"line":595},"123":{"name":"(anonymous_123)","decl":{"start":{"line":605,"column":63},"end":{"line":605,"column":64}},"loc":{"start":{"line":605,"column":79},"end":{"line":612,"column":9}},"line":605},"124":{"name":"(anonymous_124)","decl":{"start":{"line":607,"column":138},"end":{"line":607,"column":139}},"loc":{"start":{"line":607,"column":158},"end":{"line":611,"column":13}},"line":607},"125":{"name":"(anonymous_125)","decl":{"start":{"line":615,"column":25},"end":{"line":615,"column":26}},"loc":{"start":{"line":615,"column":37},"end":{"line":642,"column":5}},"line":615},"126":{"name":"(anonymous_126)","decl":{"start":{"line":616,"column":32},"end":{"line":616,"column":33}},"loc":{"start":{"line":616,"column":48},"end":{"line":632,"column":9}},"line":616},"127":{"name":"(anonymous_127)","decl":{"start":{"line":619,"column":41},"end":{"line":619,"column":42}},"loc":{"start":{"line":619,"column":59},"end":{"line":631,"column":13}},"line":619},"128":{"name":"(anonymous_128)","decl":{"start":{"line":621,"column":46},"end":{"line":621,"column":47}},"loc":{"start":{"line":621,"column":64},"end":{"line":630,"column":17}},"line":621},"129":{"name":"(anonymous_129)","decl":{"start":{"line":625,"column":145},"end":{"line":625,"column":146}},"loc":{"start":{"line":625,"column":165},"end":{"line":629,"column":21}},"line":625},"130":{"name":"(anonymous_130)","decl":{"start":{"line":634,"column":47},"end":{"line":634,"column":48}},"loc":{"start":{"line":634,"column":63},"end":{"line":641,"column":9}},"line":634},"131":{"name":"(anonymous_131)","decl":{"start":{"line":636,"column":129},"end":{"line":636,"column":130}},"loc":{"start":{"line":636,"column":149},"end":{"line":640,"column":13}},"line":636},"132":{"name":"(anonymous_132)","decl":{"start":{"line":645,"column":25},"end":{"line":645,"column":26}},"loc":{"start":{"line":645,"column":37},"end":{"line":688,"column":1}},"line":645},"133":{"name":"(anonymous_133)","decl":{"start":{"line":646,"column":25},"end":{"line":646,"column":26}},"loc":{"start":{"line":646,"column":37},"end":{"line":687,"column":5}},"line":646},"134":{"name":"(anonymous_134)","decl":{"start":{"line":647,"column":30},"end":{"line":647,"column":31}},"loc":{"start":{"line":647,"column":46},"end":{"line":656,"column":9}},"line":647},"135":{"name":"(anonymous_135)","decl":{"start":{"line":651,"column":157},"end":{"line":651,"column":158}},"loc":{"start":{"line":651,"column":177},"end":{"line":655,"column":13}},"line":651},"136":{"name":"(anonymous_136)","decl":{"start":{"line":657,"column":31},"end":{"line":657,"column":32}},"loc":{"start":{"line":657,"column":47},"end":{"line":666,"column":9}},"line":657},"137":{"name":"(anonymous_137)","decl":{"start":{"line":661,"column":159},"end":{"line":661,"column":160}},"loc":{"start":{"line":661,"column":179},"end":{"line":665,"column":13}},"line":661},"138":{"name":"(anonymous_138)","decl":{"start":{"line":667,"column":31},"end":{"line":667,"column":32}},"loc":{"start":{"line":667,"column":47},"end":{"line":676,"column":9}},"line":667},"139":{"name":"(anonymous_139)","decl":{"start":{"line":671,"column":159},"end":{"line":671,"column":160}},"loc":{"start":{"line":671,"column":179},"end":{"line":675,"column":13}},"line":671},"140":{"name":"(anonymous_140)","decl":{"start":{"line":677,"column":31},"end":{"line":677,"column":32}},"loc":{"start":{"line":677,"column":47},"end":{"line":686,"column":9}},"line":677},"141":{"name":"(anonymous_141)","decl":{"start":{"line":681,"column":159},"end":{"line":681,"column":160}},"loc":{"start":{"line":681,"column":179},"end":{"line":685,"column":13}},"line":681}},"branchMap":{"0":{"loc":{"start":{"line":19,"column":46},"end":{"line":19,"column":92}},"type":"cond-expr","locations":[{"start":{"line":19,"column":70},"end":{"line":19,"column":73}},{"start":{"line":19,"column":76},"end":{"line":19,"column":92}}],"line":19},"1":{"loc":{"start":{"line":19,"column":46},"end":{"line":19,"column":67}},"type":"binary-expr","locations":[{"start":{"line":19,"column":46},"end":{"line":19,"column":49}},{"start":{"line":19,"column":53},"end":{"line":19,"column":67}}],"line":19},"2":{"loc":{"start":{"line":466,"column":20},"end":{"line":474,"column":21}},"type":"if","locations":[{"start":{"line":466,"column":20},"end":{"line":474,"column":21}},{"start":{"line":466,"column":20},"end":{"line":474,"column":21}}],"line":466},"3":{"loc":{"start":{"line":470,"column":27},"end":{"line":474,"column":21}},"type":"if","locations":[{"start":{"line":470,"column":27},"end":{"line":474,"column":21}},{"start":{"line":470,"column":27},"end":{"line":474,"column":21}}],"line":470}},"s":{"0":1,"1":1,"2":1,"3":1,"4":1,"5":1,"6":1,"7":1,"8":4,"9":1,"10":1,"11":1,"12":1,"13":1,"14":1,"15":1,"16":1,"17":1,"18":1,"19":1,"20":1,"21":1,"22":1,"23":1,"24":1,"25":1,"26":1,"27":1,"28":1,"29":1,"30":1,"31":1,"32":1,"33":1,"34":1,"35":1,"36":1,"37":1,"38":1,"39":1,"40":1,"41":1,"42":1,"43":1,"44":1,"45":1,"46":1,"47":1,"48":1,"49":1,"50":1,"51":1,"52":1,"53":1,"54":1,"55":1,"56":1,"57":1,"58":1,"59":1,"60":1,"61":1,"62":1,"63":1,"64":1,"65":1,"66":1,"67":1,"68":1,"69":1,"70":1,"71":1,"72":1,"73":1,"74":1,"75":1,"76":1,"77":1,"78":1,"79":1,"80":1,"81":1,"82":1,"83":1,"84":1,"85":1,"86":1,"87":1,"88":1,"89":1,"90":1,"91":1,"92":1,"93":1,"94":1,"95":1,"96":1,"97":1,"98":1,"99":1,"100":1,"101":1,"102":1,"103":1,"104":1,"105":1,"106":1,"107":1,"108":1,"109":1,"110":1,"111":1,"112":1,"113":1,"114":1,"115":1,"116":1,"117":1,"118":1,"119":1,"120":1,"121":1,"122":1,"123":1,"124":1,"125":1,"126":1,"127":1,"128":1,"129":1,"130":1,"131":1,"132":1,"133":1,"134":1,"135":1,"136":1,"137":1,"138":1,"139":1,"140":1,"141":1,"142":1,"143":1,"144":1,"145":1,"146":1,"147":1,"148":1,"149":1,"150":1,"151":1,"152":1,"153":1,"154":0,"155":0,"156":1,"157":1,"158":1,"159":1,"160":1,"161":1,"162":1,"163":1,"164":1,"165":1,"166":1,"167":1,"168":1,"169":1,"170":1,"171":1,"172":1,"173":1,"174":1,"175":1,"176":1,"177":1,"178":1,"179":0,"180":1,"181":1,"182":1,"183":1,"184":1,"185":1,"186":1,"187":1,"188":1,"189":1,"190":1,"191":0,"192":1,"193":1,"194":1,"195":1,"196":1,"197":1,"198":1,"199":1,"200":1,"201":1,"202":1,"203":1,"204":1,"205":1,"206":1,"207":1,"208":1,"209":1,"210":1,"211":1,"212":0,"213":0,"214":1,"215":1,"216":1,"217":1,"218":1,"219":1,"220":1,"221":1,"222":1,"223":1,"224":1,"225":1,"226":1,"227":1,"228":1,"229":1,"230":1,"231":1,"232":1,"233":1,"234":1,"235":1,"236":1,"237":0,"238":1,"239":1,"240":1,"241":1,"242":1,"243":1,"244":1,"245":1,"246":1,"247":1,"248":1,"249":0,"250":1,"251":1,"252":1,"253":1,"254":1,"255":1,"256":1,"257":1,"258":1,"259":1,"260":1,"261":1,"262":1,"263":0,"264":0,"265":0,"266":1,"267":1,"268":1,"269":1,"270":1,"271":1,"272":1,"273":1,"274":1,"275":1,"276":0,"277":0,"278":0,"279":0,"280":0,"281":0,"282":0,"283":0,"284":0,"285":1,"286":1,"287":1,"288":1,"289":1,"290":1,"291":1,"292":1,"293":1,"294":1,"295":1,"296":1,"297":1,"298":1,"299":1,"300":1,"301":1,"302":1,"303":1,"304":1,"305":1,"306":1,"307":1,"308":1,"309":1,"310":1,"311":1,"312":1,"313":1,"314":0,"315":0,"316":1,"317":1,"318":1,"319":1,"320":1,"321":1,"322":1,"323":1,"324":1,"325":1,"326":1,"327":1,"328":1,"329":1,"330":1,"331":1,"332":1,"333":0,"334":0,"335":0,"336":0,"337":0,"338":0,"339":0,"340":0,"341":0,"342":0,"343":0,"344":0,"345":0,"346":0,"347":1,"348":0,"349":0,"350":0,"351":0,"352":1,"353":0,"354":0,"355":0,"356":0,"357":1,"358":0,"359":0,"360":0,"361":0,"362":1,"363":0,"364":0,"365":0,"366":0,"367":0,"368":0,"369":0,"370":0,"371":0,"372":0,"373":0,"374":0,"375":1,"376":1,"377":1,"378":1,"379":1,"380":1,"381":1,"382":1,"383":1,"384":1,"385":1,"386":1,"387":1,"388":1,"389":1,"390":1,"391":1,"392":1,"393":1,"394":1,"395":1,"396":1,"397":1,"398":1,"399":1,"400":1,"401":1,"402":1,"403":1,"404":1,"405":1,"406":1,"407":1,"408":1,"409":1,"410":1,"411":1,"412":1,"413":1,"414":1,"415":1,"416":1,"417":1,"418":1,"419":1,"420":1,"421":1,"422":1,"423":1,"424":1},"f":{"0":4,"1":1,"2":1,"3":1,"4":1,"5":1,"6":1,"7":1,"8":1,"9":1,"10":1,"11":1,"12":1,"13":1,"14":1,"15":1,"16":1,"17":1,"18":1,"19":1,"20":1,"21":1,"22":1,"23":1,"24":1,"25":1,"26":1,"27":1,"28":1,"29":1,"30":1,"31":1,"32":1,"33":1,"34":1,"35":1,"36":1,"37":1,"38":1,"39":1,"40":1,"41":1,"42":1,"43":1,"44":1,"45":1,"46":1,"47":1,"48":1,"49":1,"50":1,"51":1,"52":1,"53":1,"54":1,"55":1,"56":1,"57":1,"58":1,"59":1,"60":1,"61":1,"62":1,"63":1,"64":1,"65":1,"66":1,"67":1,"68":1,"69":1,"70":1,"71":1,"72":1,"73":1,"74":1,"75":1,"76":1,"77":1,"78":1,"79":1,"80":1,"81":1,"82":1,"83":0,"84":1,"85":1,"86":1,"87":1,"88":0,"89":1,"90":1,"91":1,"92":1,"93":1,"94":1,"95":1,"96":1,"97":1,"98":1,"99":1,"100":1,"101":1,"102":1,"103":1,"104":1,"105":1,"106":1,"107":0,"108":0,"109":0,"110":0,"111":0,"112":0,"113":0,"114":0,"115":0,"116":0,"117":0,"118":0,"119":0,"120":0,"121":0,"122":0,"123":1,"124":1,"125":1,"126":1,"127":1,"128":1,"129":1,"130":1,"131":1,"132":1,"133":1,"134":1,"135":1,"136":1,"137":1,"138":1,"139":1,"140":1,"141":1},"b":{"0":[2,2],"1":[4,4],"2":[0,0],"3":[0,0]},"_coverageSchema":"43e27e138ebf9cfc5966b082cf9a028302ed4184","hash":"3c255a868be1217e7d7ebe8a9fd6604ff69f08ec","contentHash":"0567d605d7239db3012109dc807af17eeecf6fbbd8717d5c75e744992f81782c"},"/home/kagabo/banka1/Banka/server/app.js":{"path":"/home/kagabo/banka1/Banka/server/app.js","statementMap":{"0":{"start":{"line":3,"column":0},"end":{"line":5,"column":3}},"1":{"start":{"line":7,"column":15},"end":{"line":7,"column":33}},"2":{"start":{"line":9,"column":16},"end":{"line":9,"column":48}},"3":{"start":{"line":11,"column":18},"end":{"line":11,"column":40}},"4":{"start":{"line":13,"column":19},"end":{"line":13,"column":54}},"5":{"start":{"line":15,"column":26},"end":{"line":15,"column":64}},"6":{"start":{"line":17,"column":27},"end":{"line":17,"column":70}},"7":{"start":{"line":19,"column":19},"end":{"line":19,"column":50}},"8":{"start":{"line":21,"column":20},"end":{"line":21,"column":56}},"9":{"start":{"line":23,"column":22},"end":{"line":23,"column":56}},"10":{"start":{"line":25,"column":23},"end":{"line":25,"column":62}},"11":{"start":{"line":27,"column":12},"end":{"line":27,"column":27}},"12":{"start":{"line":29,"column":13},"end":{"line":29,"column":42}},"13":{"start":{"line":31,"column":39},"end":{"line":31,"column":93}},"14":{"start":{"line":33,"column":10},"end":{"line":33,"column":34}},"15":{"start":{"line":35,"column":0},"end":{"line":35,"column":37}},"16":{"start":{"line":36,"column":0},"end":{"line":36,"column":62}},"17":{"start":{"line":37,"column":0},"end":{"line":37,"column":38}},"18":{"start":{"line":38,"column":0},"end":{"line":38,"column":31}},"19":{"start":{"line":39,"column":0},"end":{"line":39,"column":34}},"20":{"start":{"line":40,"column":0},"end":{"line":40,"column":75}},"21":{"start":{"line":42,"column":11},"end":{"line":42,"column":35}},"22":{"start":{"line":44,"column":0},"end":{"line":46,"column":3}},"23":{"start":{"line":45,"column":4},"end":{"line":45,"column":58}},"24":{"start":{"line":48,"column":0},"end":{"line":48,"column":22}}},"fnMap":{"0":{"name":"_interopRequireDefault","decl":{"start":{"line":31,"column":9},"end":{"line":31,"column":31}},"loc":{"start":{"line":31,"column":37},"end":{"line":31,"column":95}},"line":31},"1":{"name":"(anonymous_1)","decl":{"start":{"line":44,"column":17},"end":{"line":44,"column":18}},"loc":{"start":{"line":44,"column":29},"end":{"line":46,"column":1}},"line":44}},"branchMap":{"0":{"loc":{"start":{"line":31,"column":46},"end":{"line":31,"column":92}},"type":"cond-expr","locations":[{"start":{"line":31,"column":70},"end":{"line":31,"column":73}},{"start":{"line":31,"column":76},"end":{"line":31,"column":92}}],"line":31},"1":{"loc":{"start":{"line":31,"column":46},"end":{"line":31,"column":67}},"type":"binary-expr","locations":[{"start":{"line":31,"column":46},"end":{"line":31,"column":49}},{"start":{"line":31,"column":53},"end":{"line":31,"column":67}}],"line":31},"2":{"loc":{"start":{"line":42,"column":11},"end":{"line":42,"column":35}},"type":"binary-expr","locations":[{"start":{"line":42,"column":11},"end":{"line":42,"column":27}},{"start":{"line":42,"column":31},"end":{"line":42,"column":35}}],"line":42}},"s":{"0":1,"1":1,"2":1,"3":1,"4":1,"5":1,"6":1,"7":1,"8":1,"9":1,"10":1,"11":1,"12":1,"13":6,"14":1,"15":1,"16":1,"17":1,"18":1,"19":1,"20":1,"21":1,"22":1,"23":0,"24":1},"f":{"0":6,"1":0},"b":{"0":[3,3],"1":[6,6],"2":[1,1]},"_coverageSchema":"43e27e138ebf9cfc5966b082cf9a028302ed4184","hash":"76399b37925d5623669ef4166b5ef4abd8562b5b","contentHash":"5609b56e7ee91b90f56c084cb3e098b7296bc533041159e52450e1e89ef68d97"},"/home/kagabo/banka1/Banka/server/routes/transactionRouters.js":{"path":"/home/kagabo/banka1/Banka/server/routes/transactionRouters.js","statementMap":{"0":{"start":{"line":3,"column":0},"end":{"line":5,"column":3}},"1":{"start":{"line":7,"column":29},"end":{"line":7,"column":76}},"2":{"start":{"line":9,"column":30},"end":{"line":9,"column":76}},"3":{"start":{"line":11,"column":15},"end":{"line":11,"column":33}},"4":{"start":{"line":13,"column":16},"end":{"line":13,"column":48}},"5":{"start":{"line":15,"column":29},"end":{"line":15,"column":75}},"6":{"start":{"line":17,"column":30},"end":{"line":17,"column":76}},"7":{"start":{"line":19,"column":17},"end":{"line":19,"column":52}},"8":{"start":{"line":21,"column":18},"end":{"line":21,"column":52}},"9":{"start":{"line":23,"column":39},"end":{"line":23,"column":93}},"10":{"start":{"line":25,"column":13},"end":{"line":25,"column":39}},"11":{"start":{"line":27,"column":0},"end":{"line":27,"column":258}},"12":{"start":{"line":28,"column":0},"end":{"line":28,"column":259}},"13":{"start":{"line":29,"column":0},"end":{"line":29,"column":210}},"14":{"start":{"line":30,"column":0},"end":{"line":30,"column":260}},"15":{"start":{"line":31,"column":0},"end":{"line":31,"column":25}}},"fnMap":{"0":{"name":"_interopRequireDefault","decl":{"start":{"line":23,"column":9},"end":{"line":23,"column":31}},"loc":{"start":{"line":23,"column":37},"end":{"line":23,"column":95}},"line":23}},"branchMap":{"0":{"loc":{"start":{"line":23,"column":46},"end":{"line":23,"column":92}},"type":"cond-expr","locations":[{"start":{"line":23,"column":70},"end":{"line":23,"column":73}},{"start":{"line":23,"column":76},"end":{"line":23,"column":92}}],"line":23},"1":{"loc":{"start":{"line":23,"column":46},"end":{"line":23,"column":67}},"type":"binary-expr","locations":[{"start":{"line":23,"column":46},"end":{"line":23,"column":49}},{"start":{"line":23,"column":53},"end":{"line":23,"column":67}}],"line":23}},"s":{"0":1,"1":1,"2":1,"3":1,"4":1,"5":1,"6":1,"7":1,"8":1,"9":4,"10":1,"11":1,"12":1,"13":1,"14":1,"15":1},"f":{"0":4},"b":{"0":[3,1],"1":[4,4]},"_coverageSchema":"43e27e138ebf9cfc5966b082cf9a028302ed4184","hash":"b4041e59a3883c0ecb31ce042c07002a53deab4e","contentHash":"3b7e141a57c99aa7173828c57b55461297fb29f3e4716552f12e05ea41a14a8c"},"/home/kagabo/banka1/Banka/server/controllers/transactionController.js":{"path":"/home/kagabo/banka1/Banka/server/controllers/transactionController.js","statementMap":{"0":{"start":{"line":3,"column":0},"end":{"line":5,"column":3}},"1":{"start":{"line":7,"column":19},"end":{"line":7,"column":563}},"2":{"start":{"line":7,"column":76},"end":{"line":7,"column":347}},"3":{"start":{"line":7,"column":89},"end":{"line":7,"column":90}},"4":{"start":{"line":7,"column":134},"end":{"line":7,"column":142}},"5":{"start":{"line":7,"column":144},"end":{"line":7,"column":199}},"6":{"start":{"line":7,"column":200},"end":{"line":7,"column":231}},"7":{"start":{"line":7,"column":232},"end":{"line":7,"column":286}},"8":{"start":{"line":7,"column":259},"end":{"line":7,"column":286}},"9":{"start":{"line":7,"column":287},"end":{"line":7,"column":345}},"10":{"start":{"line":7,"column":350},"end":{"line":7,"column":559}},"11":{"start":{"line":7,"column":407},"end":{"line":7,"column":475}},"12":{"start":{"line":7,"column":423},"end":{"line":7,"column":475}},"13":{"start":{"line":7,"column":476},"end":{"line":7,"column":536}},"14":{"start":{"line":7,"column":493},"end":{"line":7,"column":536}},"15":{"start":{"line":7,"column":537},"end":{"line":7,"column":556}},"16":{"start":{"line":9,"column":10},"end":{"line":9,"column":29}},"17":{"start":{"line":11,"column":11},"end":{"line":11,"column":38}},"18":{"start":{"line":13,"column":20},"end":{"line":13,"column":43}},"19":{"start":{"line":15,"column":21},"end":{"line":15,"column":58}},"20":{"start":{"line":17,"column":39},"end":{"line":17,"column":93}},"21":{"start":{"line":19,"column":50},"end":{"line":19,"column":151}},"22":{"start":{"line":19,"column":92},"end":{"line":19,"column":149}},"23":{"start":{"line":21,"column":28},"end":{"line":223,"column":3}},"24":{"start":{"line":23,"column":8},"end":{"line":23,"column":53}},"25":{"start":{"line":26,"column":4},"end":{"line":220,"column":8}},"26":{"start":{"line":29,"column":32},"end":{"line":29,"column":56}},"27":{"start":{"line":30,"column":32},"end":{"line":30,"column":56}},"28":{"start":{"line":32,"column":22},"end":{"line":32,"column":102}},"29":{"start":{"line":33,"column":12},"end":{"line":65,"column":15}},"30":{"start":{"line":34,"column":16},"end":{"line":34,"column":41}},"31":{"start":{"line":35,"column":16},"end":{"line":64,"column":17}},"32":{"start":{"line":36,"column":31},"end":{"line":36,"column":115}},"33":{"start":{"line":37,"column":20},"end":{"line":58,"column":23}},"34":{"start":{"line":38,"column":24},"end":{"line":38,"column":49}},"35":{"start":{"line":39,"column":24},"end":{"line":57,"column":25}},"36":{"start":{"line":40,"column":39},"end":{"line":40,"column":112}},"37":{"start":{"line":41,"column":28},"end":{"line":51,"column":31}},"38":{"start":{"line":42,"column":32},"end":{"line":42,"column":58}},"39":{"start":{"line":43,"column":32},"end":{"line":50,"column":33}},"40":{"start":{"line":44,"column":36},"end":{"line":44,"column":95}},"41":{"start":{"line":46,"column":36},"end":{"line":49,"column":39}},"42":{"start":{"line":53,"column":28},"end":{"line":56,"column":32}},"43":{"start":{"line":60,"column":20},"end":{"line":63,"column":23}},"44":{"start":{"line":70,"column":32},"end":{"line":70,"column":56}},"45":{"start":{"line":71,"column":24},"end":{"line":71,"column":63}},"46":{"start":{"line":72,"column":26},"end":{"line":72,"column":72}},"47":{"start":{"line":73,"column":12},"end":{"line":73,"column":35}},"48":{"start":{"line":74,"column":24},"end":{"line":74,"column":38}},"49":{"start":{"line":75,"column":24},"end":{"line":75,"column":26}},"50":{"start":{"line":76,"column":23},"end":{"line":76,"column":74}},"51":{"start":{"line":77,"column":12},"end":{"line":110,"column":15}},"52":{"start":{"line":78,"column":16},"end":{"line":78,"column":41}},"53":{"start":{"line":79,"column":16},"end":{"line":79,"column":42}},"54":{"start":{"line":80,"column":26},"end":{"line":80,"column":106}},"55":{"start":{"line":81,"column":16},"end":{"line":109,"column":19}},"56":{"start":{"line":82,"column":20},"end":{"line":82,"column":45}},"57":{"start":{"line":83,"column":20},"end":{"line":108,"column":21}},"58":{"start":{"line":84,"column":24},"end":{"line":102,"column":25}},"59":{"start":{"line":85,"column":39},"end":{"line":85,"column":123}},"60":{"start":{"line":86,"column":28},"end":{"line":96,"column":31}},"61":{"start":{"line":87,"column":32},"end":{"line":87,"column":57}},"62":{"start":{"line":88,"column":32},"end":{"line":95,"column":33}},"63":{"start":{"line":89,"column":36},"end":{"line":89,"column":123}},"64":{"start":{"line":91,"column":36},"end":{"line":94,"column":39}},"65":{"start":{"line":98,"column":28},"end":{"line":101,"column":31}},"66":{"start":{"line":104,"column":24},"end":{"line":107,"column":27}},"67":{"start":{"line":115,"column":24},"end":{"line":115,"column":63}},"68":{"start":{"line":116,"column":26},"end":{"line":116,"column":72}},"69":{"start":{"line":117,"column":12},"end":{"line":117,"column":35}},"70":{"start":{"line":118,"column":24},"end":{"line":118,"column":38}},"71":{"start":{"line":120,"column":25},"end":{"line":120,"column":52}},"72":{"start":{"line":121,"column":32},"end":{"line":121,"column":66}},"73":{"start":{"line":122,"column":23},"end":{"line":122,"column":74}},"74":{"start":{"line":124,"column":12},"end":{"line":168,"column":15}},"75":{"start":{"line":125,"column":16},"end":{"line":125,"column":41}},"76":{"start":{"line":126,"column":32},"end":{"line":126,"column":49}},"77":{"start":{"line":127,"column":27},"end":{"line":127,"column":118}},"78":{"start":{"line":128,"column":16},"end":{"line":167,"column":19}},"79":{"start":{"line":129,"column":20},"end":{"line":129,"column":45}},"80":{"start":{"line":131,"column":20},"end":{"line":166,"column":21}},"81":{"start":{"line":133,"column":24},"end":{"line":160,"column":25}},"82":{"start":{"line":134,"column":28},"end":{"line":154,"column":29}},"83":{"start":{"line":135,"column":49},"end":{"line":135,"column":92}},"84":{"start":{"line":136,"column":43},"end":{"line":136,"column":139}},"85":{"start":{"line":137,"column":32},"end":{"line":140,"column":35}},"86":{"start":{"line":138,"column":36},"end":{"line":138,"column":85}},"87":{"start":{"line":139,"column":36},"end":{"line":139,"column":61}},"88":{"start":{"line":142,"column":53},"end":{"line":142,"column":159}},"89":{"start":{"line":143,"column":43},"end":{"line":143,"column":393}},"90":{"start":{"line":144,"column":32},"end":{"line":148,"column":35}},"91":{"start":{"line":145,"column":36},"end":{"line":145,"column":90}},"92":{"start":{"line":146,"column":36},"end":{"line":146,"column":61}},"93":{"start":{"line":147,"column":36},"end":{"line":147,"column":100}},"94":{"start":{"line":150,"column":32},"end":{"line":153,"column":35}},"95":{"start":{"line":156,"column":28},"end":{"line":159,"column":31}},"96":{"start":{"line":162,"column":24},"end":{"line":165,"column":27}},"97":{"start":{"line":173,"column":24},"end":{"line":173,"column":63}},"98":{"start":{"line":174,"column":26},"end":{"line":174,"column":72}},"99":{"start":{"line":175,"column":12},"end":{"line":175,"column":35}},"100":{"start":{"line":176,"column":24},"end":{"line":176,"column":38}},"101":{"start":{"line":178,"column":25},"end":{"line":178,"column":52}},"102":{"start":{"line":179,"column":32},"end":{"line":179,"column":66}},"103":{"start":{"line":181,"column":23},"end":{"line":181,"column":74}},"104":{"start":{"line":182,"column":12},"end":{"line":218,"column":15}},"105":{"start":{"line":183,"column":16},"end":{"line":183,"column":41}},"106":{"start":{"line":184,"column":32},"end":{"line":184,"column":49}},"107":{"start":{"line":185,"column":27},"end":{"line":185,"column":118}},"108":{"start":{"line":186,"column":16},"end":{"line":217,"column":19}},"109":{"start":{"line":187,"column":20},"end":{"line":187,"column":45}},"110":{"start":{"line":189,"column":20},"end":{"line":216,"column":21}},"111":{"start":{"line":190,"column":24},"end":{"line":210,"column":25}},"112":{"start":{"line":191,"column":45},"end":{"line":191,"column":88}},"113":{"start":{"line":192,"column":40},"end":{"line":192,"column":136}},"114":{"start":{"line":193,"column":28},"end":{"line":196,"column":31}},"115":{"start":{"line":194,"column":32},"end":{"line":194,"column":81}},"116":{"start":{"line":195,"column":32},"end":{"line":195,"column":57}},"117":{"start":{"line":198,"column":49},"end":{"line":198,"column":156}},"118":{"start":{"line":199,"column":39},"end":{"line":199,"column":361}},"119":{"start":{"line":200,"column":28},"end":{"line":204,"column":31}},"120":{"start":{"line":201,"column":32},"end":{"line":201,"column":86}},"121":{"start":{"line":202,"column":32},"end":{"line":202,"column":57}},"122":{"start":{"line":203,"column":32},"end":{"line":203,"column":96}},"123":{"start":{"line":206,"column":28},"end":{"line":209,"column":31}},"124":{"start":{"line":212,"column":24},"end":{"line":215,"column":27}},"125":{"start":{"line":222,"column":4},"end":{"line":222,"column":33}},"126":{"start":{"line":225,"column":11},"end":{"line":225,"column":38}},"127":{"start":{"line":227,"column":0},"end":{"line":227,"column":23}}},"fnMap":{"0":{"name":"(anonymous_0)","decl":{"start":{"line":7,"column":19},"end":{"line":7,"column":20}},"loc":{"start":{"line":7,"column":31},"end":{"line":7,"column":561}},"line":7},"1":{"name":"defineProperties","decl":{"start":{"line":7,"column":42},"end":{"line":7,"column":58}},"loc":{"start":{"line":7,"column":74},"end":{"line":7,"column":349}},"line":7},"2":{"name":"(anonymous_2)","decl":{"start":{"line":7,"column":357},"end":{"line":7,"column":358}},"loc":{"start":{"line":7,"column":405},"end":{"line":7,"column":558}},"line":7},"3":{"name":"_interopRequireDefault","decl":{"start":{"line":17,"column":9},"end":{"line":17,"column":31}},"loc":{"start":{"line":17,"column":37},"end":{"line":17,"column":95}},"line":17},"4":{"name":"_classCallCheck","decl":{"start":{"line":19,"column":9},"end":{"line":19,"column":24}},"loc":{"start":{"line":19,"column":48},"end":{"line":19,"column":153}},"line":19},"5":{"name":"(anonymous_5)","decl":{"start":{"line":21,"column":28},"end":{"line":21,"column":29}},"loc":{"start":{"line":21,"column":40},"end":{"line":223,"column":1}},"line":21},"6":{"name":"TransactionController","decl":{"start":{"line":22,"column":13},"end":{"line":22,"column":34}},"loc":{"start":{"line":22,"column":37},"end":{"line":24,"column":5}},"line":22},"7":{"name":"getAllTransactionForAnAccountSpecificTransaction","decl":{"start":{"line":28,"column":24},"end":{"line":28,"column":72}},"loc":{"start":{"line":28,"column":83},"end":{"line":66,"column":9}},"line":28},"8":{"name":"(anonymous_8)","decl":{"start":{"line":33,"column":41},"end":{"line":33,"column":42}},"loc":{"start":{"line":33,"column":59},"end":{"line":65,"column":13}},"line":33},"9":{"name":"(anonymous_9)","decl":{"start":{"line":37,"column":50},"end":{"line":37,"colu
[...]
n":95}},"line":25},"4":{"name":"_classCallCheck","decl":{"start":{"line":27,"column":9},"end":{"line":27,"column":24}},"loc":{"start":{"line":27,"column":48},"end":{"line":27,"column":153}},"line":27},"5":{"name":"(anonymous_5)","decl":{"start":{"line":29,"column":24},"end":{"line":29,"column":25}},"loc":{"start":{"line":29,"column":36},"end":{"line":329,"column":1}},"line":29},"6":{"name":"AccountController","decl":{"start":{"line":30,"column":13},"end":{"line":30,"column":30}},"loc":{"start":{"line":30,"column":33},"end":{"line":32,"column":5}},"line":30},"7":{"name":"findAllAccounts","decl":{"start":{"line":36,"column":24},"end":{"line":36,"column":39}},"loc":{"start":{"line":36,"column":50},"end":{"line":121,"column":9}},"line":36},"8":{"name":"(anonymous_8)","decl":{"start":{"line":40,"column":45},"end":{"line":40,"column":46}},"loc":{"start":{"line":40,"column":63},"end":{"line":63,"column":17}},"line":40},"9":{"name":"(anonymous_9)","decl":{"start":{"line":65,"column":98},"end":{"line":65,"column":99}},"loc":{"start":{"line":65,"column":116},"end":{"line":88,"column":17}},"line":65},"10":{"name":"(anonymous_10)","decl":{"start":{"line":91,"column":46},"end":{"line":91,"column":47}},"loc":{"start":{"line":91,"column":64},"end":{"line":114,"column":17}},"line":91},"11":{"name":"findAllAccountOfUser","decl":{"start":{"line":124,"column":24},"end":{"line":124,"column":44}},"loc":{"start":{"line":124,"column":55},"end":{"line":163,"column":9}},"line":124},"12":{"name":"(anonymous_12)","decl":{"start":{"line":127,"column":41},"end":{"line":127,"column":42}},"loc":{"start":{"line":127,"column":59},"end":{"line":162,"column":13}},"line":127},"13":{"name":"(anonymous_13)","decl":{"start":{"line":133,"column":50},"end":{"line":133,"column":51}},"loc":{"start":{"line":133,"column":68},"end":{"line":155,"column":21}},"line":133},"14":{"name":"findAccountDetails","decl":{"start":{"line":166,"column":24},"end":{"line":166,"column":42}},"loc":{"start":{"line":166,"column":53},"end":{"line":209,"column":9}},"line":166},"15":{"name":"(anonymous_15)","decl":{"start":{"line":173,"column":42},"end":{"line":173,"column":43}},"loc":{"start":{"line":173,"column":60},"end":{"line":208,"column":13}},"line":173},"16":{"name":"(anonymous_16)","decl":{"start":{"line":177,"column":45},"end":{"line":177,"column":46}},"loc":{"start":{"line":177,"column":63},"end":{"line":207,"column":17}},"line":177},"17":{"name":"activateDeactivateAccountNew","decl":{"start":{"line":212,"column":24},"end":{"line":212,"column":52}},"loc":{"start":{"line":212,"column":63},"end":{"line":257,"column":9}},"line":212},"18":{"name":"(anonymous_18)","decl":{"start":{"line":215,"column":41},"end":{"line":215,"column":42}},"loc":{"start":{"line":215,"column":59},"end":{"line":256,"column":13}},"line":215},"19":{"name":"(anonymous_19)","decl":{"start":{"line":225,"column":54},"end":{"line":225,"column":55}},"loc":{"start":{"line":225,"column":72},"end":{"line":235,"column":25}},"line":225},"20":{"name":"(anonymous_20)","decl":{"start":{"line":238,"column":54},"end":{"line":238,"column":55}},"loc":{"start":{"line":238,"column":72},"end":{"line":248,"column":25}},"line":238},"21":{"name":"accountDeleteNew","decl":{"start":{"line":260,"column":24},"end":{"line":260,"column":40}},"loc":{"start":{"line":260,"column":51},"end":{"line":283,"column":9}},"line":260},"22":{"name":"(anonymous_22)","decl":{"start":{"line":264,"column":41},"end":{"line":264,"column":42}},"loc":{"start":{"line":264,"column":59},"end":{"line":282,"column":13}},"line":264},"23":{"name":"(anonymous_23)","decl":{"start":{"line":269,"column":50},"end":{"line":269,"column":51}},"loc":{"start":{"line":269,"column":68},"end":{"line":275,"column":21}},"line":269},"24":{"name":"createAccountNew","decl":{"start":{"line":286,"column":24},"end":{"line":286,"column":40}},"loc":{"start":{"line":286,"column":51},"end":{"line":325,"column":9}},"line":286},"25":{"name":"(anonymous_25)","decl":{"start":{"line":297,"column":41},"end":{"line":297,"column":42}},"loc":{"start":{"line":297,"column":59},"end":{"line":324,"column":13}},"line":297},"26":{"name":"(anonymous_26)","decl":{"start":{"line":309,"column":58},"end":{"line":309,"column":59}},"loc":{"start":{"line":309,"column":76},"end":{"line":323,"column":17}},"line":309}},"branchMap":{"0":{"loc":{"start":{"line":7,"column":168},"end":{"line":7,"column":198}},"type":"binary-expr","locations":[{"start":{"line":7,"column":168},"end":{"line":7,"column":189}},{"start":{"line":7,"column":193},"end":{"line":7,"column":198}}],"line":7},"1":{"loc":{"start":{"line":7,"column":232},"end":{"line":7,"column":286}},"type":"if","locations":[{"start":{"line":7,"column":232},"end":{"line":7,"column":286}},{"start":{"line":7,"column":232},"end":{"line":7,"column":286}}],"line":7},"2":{"loc":{"start":{"line":7,"column":407},"end":{"line":7,"column":475}},"type":"if","locations":[{"start":{"line":7,"column":407},"end":{"line":7,"column":475}},{"start":{"line":7,"column":407},"end":{"line":7,"column":475}}],"line":7},"3":{"loc":{"start":{"line":7,"column":476},"end":{"line":7,"column":536}},"type":"if","locations":[{"start":{"line":7,"column":476},"end":{"line":7,"column":536}},{"start":{"line":7,"column":476},"end":{"line":7,"column":536}}],"line":7},"4":{"loc":{"start":{"line":25,"column":46},"end":{"line":25,"column":92}},"type":"cond-expr","locations":[{"start":{"line":25,"column":70},"end":{"line":25,"column":73}},{"start":{"line":25,"column":76},"end":{"line":25,"column":92}}],"line":25},"5":{"loc":{"start":{"line":25,"column":46},"end":{"line":25,"column":67}},"type":"binary-expr","locations":[{"start":{"line":25,"column":46},"end":{"line":25,"column":49}},{"start":{"line":25,"column":53},"end":{"line":25,"column":67}}],"line":25},"6":{"loc":{"start":{"line":27,"column":50},"end":{"line":27,"column":151}},"type":"if","locations":[{"start":{"line":27,"column":50},"end":{"line":27,"column":151}},{"start":{"line":27,"column":50},"end":{"line":27,"column":151}}],"line":27},"7":{"loc":{"start":{"line":38,"column":12},"end":{"line":120,"column":13}},"type":"if","locations":[{"start":{"line":38,"column":12},"end":{"line":120,"column":13}},{"start":{"line":38,"column":12},"end":{"line":120,"column":13}}],"line":38},"8":{"loc":{"start":{"line":42,"column":20},"end":{"line":62,"column":21}},"type":"if","locations":[{"start":{"line":42,"column":20},"end":{"line":62,"column":21}},{"start":{"line":42,"column":20},"end":{"line":62,"column":21}}],"line":42},"9":{"loc":{"start":{"line":64,"column":19},"end":{"line":120,"column":13}},"type":"if","locations":[{"start":{"line":64,"column":19},"end":{"line":120,"column":13}},{"start":{"line":64,"column":19},"end":{"line":120,"column":13}}],"line":64},"10":{"loc":{"start":{"line":67,"column":20},"end":{"line":87,"column":21}},"type":"if","locations":[{"start":{"line":67,"column":20},"end":{"line":87,"column":21}},{"start":{"line":67,"column":20},"end":{"line":87,"column":21}}],"line":67},"11":{"loc":{"start":{"line":89,"column":19},"end":{"line":120,"column":13}},"type":"if","locations":[{"start":{"line":89,"column":19},"end":{"line":120,"column":13}},{"start":{"line":89,"column":19},"end":{"line":120,"column":13}}],"line":89},"12":{"loc":{"start":{"line":93,"column":20},"end":{"line":113,"column":21}},"type":"if","locations":[{"start":{"line":93,"column":20},"end":{"line":113,"column":21}},{"start":{"line":93,"column":20},"end":{"line":113,"column":21}}],"line":93},"13":{"loc":{"start":{"line":115,"column":19},"end":{"line":120,"column":13}},"type":"if","locations":[{"start":{"line":115,"column":19},"end":{"line":120,"column":13}},{"start":{"line":115,"column":19},"end":{"line":120,"column":13}}],"line":115},"14":{"loc":{"start":{"line":115,"column":23},"end":{"line":115,"column":66}},"type":"binary-expr","locations":[{"start":{"line":115,"column":23},"end":{"line":115,"column":42}},{"start":{"line":115,"column":46},"end":{"line":115,"column":66}}],"line":115},"15":{"loc":{"start":{"line":129,"column":16},"end":{"line":161,"column":17}},"type":"if","locations":[{"start":{"line":129,"column":16},"end":{"line":161,"column":17}},{"start":{"line":129,"column":16},"end":{"line":161,"column":17}}],"line":129},"16":{"loc":{"start":{"line":135,"column":24},"end":{"line":154,"column":25}},"type":"if","locations":[{"start":{"line":135,"column":24},"end":{"line":154,"column":25}},{"start":{"line":135,"column":24},"end":{"line":154,"column":25}}],"line":135},"17":{"loc":{"start":{"line":179,"column":20},"end":{"line":206,"column":21}},"type":"if","locations":[{"start":{"line":179,"column":20},"end":{"line":206,"column":21}},{"start":{"line":179,"column":20},"end":{"line":206,"column":21}}],"line":179},"18":{"loc":{"start":{"line":180,"column":24},"end":{"line":200,"column":25}},"type":"if","locations":[{"start":{"line":180,"column":24},"end":{"line":200,"column":25}},{"start":{"line":180,"column":24},"end":{"line":200,"column":25}}],"line":180},"19":{"loc":{"start":{"line":217,"column":16},"end":{"line":255,"column":17}},"type":"if","locations":[{"start":{"line":217,"column":16},"end":{"line":255,"column":17}},{"start":{"line":217,"column":16},"end":{"line":255,"column":17}}],"line":217},"20":{"loc":{"start":{"line":223,"column":20},"end":{"line":249,"column":21}},"type":"if","locations":[{"start":{"line":223,"column":20},"end":{"line":249,"column":21}},{"start":{"line":223,"column":20},"end":{"line":249,"column":21}}],"line":223},"21":{"loc":{"start":{"line":236,"column":27},"end":{"line":249,"column":21}},"type":"if","locations":[{"start":{"line":236,"column":27},"end":{"line":249,"column":21}},{"start":{"line":236,"column":27},"end":{"line":249,"column":21}}],"line":236},"22":{"loc":{"start":{"line":267,"column":16},"end":{"line":281,"column":17}},"type":"if","locations":[{"start":{"line":267,"column":16},"end":{"line":281,"column":17}},{"start":{"line":267,"column":16},"end":{"line":281,"column":17}}],"line":267}},"s":{"0":1,"1":1,"2":1,"3":1,"4":6,"5":6,"6":6,"7":6,"8":6,"9":6,"10":1,"11":1,"12":1,"13":1,"14":0,"15":1,"16":1,"17":1,"18":1,"19":1,"20":1,"21":1,"22":1,"23":1,"24":4,"25":1,"26":0,"27":1,"28":1,"29":1,"30":4,"31":4,"32":1,"33":1,"34":1,"35":1,"36":1,"37":1,"38":1,"39":14,"40":14,"41":1,"42":0,"43":3,"44":1,"45":1,"46":1,"47":0,"48":0,"49":0,"50":0,"51":0,"52":0,"53":1,"54":2,"55":1,"56":1,"57":1,"58":1,"59":1,"60":1,"61":14,"62":14,"63":14,"64":1,"65":0,"66":1,"67":1,"68":1,"69":1,"70":1,"71":1,"72":1,"73":1,"74":1,"75":1,"76":1,"77":1,"78":1,"79":1,"80":2,"81":2,"82":1,"83":0,"84":0,"85":2,"86":2,"87":2,"88":2,"89":2,"90":2,"91":2,"92":2,"93":2,"94":2,"95":2,"96":2,"97":2,"98":1,"99":0,"100":0,"101":0,"102":0,"103":0,"104":0,"105":1,"106":1,"107":6,"108":6,"109":6,"110":6,"111":6,"112":4,"113":4,"114":4,"115":4,"116":4,"117":4,"118":2,"119":2,"120":2,"121":2,"122":2,"123":2,"124":2,"125":2,"126":2,"127":2,"128":2,"129":2,"130":2,"131":2,"132":2,"133":2,"134":1,"135":1,"136":1,"137":1,"138":1,"139":2,"140":2,"141":2,"142":2,"143":2,"144":2,"145":2,"146":2,"147":2,"148":2,"149":2,"150":2,"151":2,"152":2,"153":2,"154":2,"155":2,"156":2,"157":2,"158":2,"159":2,"160":2,"161":1,"162":1,"163":1},"f":{"0":1,"1":1,"2":1,"3":4,"4":1,"5":1,"6":1,"7":4,"8":1,"9":1,"10":1,"11":1,"12":1,"13":1,"14":2,"15":2,"16":2,"17":6,"18":6,"19":2,"20":2,"21":2,"22":2,"23":1,"24":2,"25":2,"26":2},"b":{"0":[6,6],"1":[6,0],"2":[1,0],"3":[0,1],"4":[1,3],"5":[4,4],"6":[0,1],"7":[1,3],"8":[1,0],"9":[1,2],"10":[0,1],"11":[1,1],"12":[1,0],"13":[1,0],"14":[1,1],"15":[1,0],"16":[1,0],"17":[1,1],"18":[0,1],"19":[4,2],"20":[2,2],"21":[2,0],"22":[1,1]},"_coverageSchema":"43e27e138ebf9cfc5966b082cf9a028302ed4184","hash":"90e9e28fa5590f47f96d0281def0414b6109b389","contentHash":"5488a6f601c17bbf5fc2f0d56c3df7acd9bfa8799a3054a9c2d9a97cbc5330a2"},"/home/kagabo/banka1/Banka/server/middleware/accountValidation.js":{"path":"/home/kagabo/banka1/Banka/server/middleware/accountValidation.js","statementMap":{"0":{"start":{"line":3,"column":0},"end":{"line":5,"column":3}},"1":{"start":{"line":7,"column":19},"end":{"line":7,"column":563}},"2":{"start":{"line":7,"column":76},"end":{"line":7,"column":347}},"3":{"start":{"line":7,"column":89},"end":{"line":7,"column":90}},"4":{"start":{"line":7,"column":134},"end":{"line":7,"column":142}},"5":{"start":{"line":7,"column":144},"end":{"line":7,"column":199}},"6":{"start":{"line":7,"column":200},"end":{"line":7,"column":231}},"7":{"start":{"line":7,"column":232},"end":{"line":7,"column":286}},"8":{"start":{"line":7,"column":259},"end":{"line":7,"column":286}},"9":{"start":{"line":7,"column":287},"end":{"line":7,"column":345}},"10":{"start":{"line":7,"column":350},"end":{"line":7,"column":559}},"11":{"start":{"line":7,"column":407},"end":{"line":7,"column":475}},"12":{"start":{"line":7,"column":423},"end":{"line":7,"column":475}},"13":{"start":{"line":7,"column":476},"end":{"line":7,"column":536}},"14":{"start":{"line":7,"column":493},"end":{"line":7,"column":536}},"15":{"start":{"line":7,"column":537},"end":{"line":7,"column":556}},"16":{"start":{"line":9,"column":19},"end":{"line":9,"column":41}},"17":{"start":{"line":11,"column":20},"end":{"line":11,"column":56}},"18":{"start":{"line":13,"column":39},"end":{"line":13,"column":93}},"19":{"start":{"line":15,"column":50},"end":{"line":15,"column":151}},"20":{"start":{"line":15,"column":92},"end":{"line":15,"column":149}},"21":{"start":{"line":17,"column":24},"end":{"line":91,"column":3}},"22":{"start":{"line":19,"column":8},"end":{"line":19,"column":49}},"23":{"start":{"line":22,"column":4},"end":{"line":88,"column":8}},"24":{"start":{"line":25,"column":23},"end":{"line":27,"column":13}},"25":{"start":{"line":29,"column":24},"end":{"line":31,"column":13}},"26":{"start":{"line":32,"column":29},"end":{"line":32,"column":67}},"27":{"start":{"line":33,"column":12},"end":{"line":42,"column":13}},"28":{"start":{"line":34,"column":16},"end":{"line":34,"column":23}},"29":{"start":{"line":36,"column":16},"end":{"line":41,"column":19}},"30":{"start":{"line":47,"column":23},"end":{"line":49,"column":13}},"31":{"start":{"line":50,"column":24},"end":{"line":52,"column":13}},"32":{"start":{"line":53,"column":29},"end":{"line":53,"column":67}},"33":{"start":{"line":55,"column":12},"end":{"line":64,"column":13}},"34":{"start":{"line":56,"column":16},"end":{"line":56,"column":23}},"35":{"start":{"line":58,"column":16},"end":{"line":63,"column":19}},"36":{"start":{"line":69,"column":23},"end":{"line":71,"column":13}},"37":{"start":{"line":72,"column":24},"end":{"line":74,"column":13}},"38":{"start":{"line":75,"column":29},"end":{"line":75,"column":67}},"39":{"start":{"line":77,"column":12},"end":{"line":86,"column":13}},"40":{"start":{"line":78,"column":16},"end":{"line":78,"column":23}},"41":{"start":{"line":80,"column":16},"end":{"line":85,"column":19}},"42":{"start":{"line":90,"column":4},"end":{"line":90,"column":29}},"43":{"start":{"line":93,"column":19},"end":{"line":93,"column":42}},"44":{"start":{"line":94,"column":0},"end":{"line":94,"column":31}}},"fnMap":{"0":{"name":"(anonymous_0)","decl":{"start":{"line":7,"column":19},"end":{"line":7,"column":20}},"loc":{"start":{"line":7,"column":31},"end":{"line":7,"column":561}},"line":7},"1":{"name":"defineProperties","decl":{"start":{"line":7,"column":42},"end":{"line":7,"column":58}},"loc":{"start":{"line":7,"column":74},"end":{"line":7,"column":349}},"line":7},"2":{"name":"(anonymous_2)","decl":{"start":{"line":7,"column":357},"end":{"line":7,"column":358}},"loc":{"start":{"line":7,"column":405},"end":{"line":7,"column":558}},"line":7},"3":{"name":"_interopRequireDefault","decl":{"start":{"line":13,"column":9},"end":{"line":13,"column":31}},"loc":{"start":{"line":13,"column":37},"end":{"line":13,"column":95}},"line":13},"4":{"name":"_classCallCheck","decl":{"start":{"line":15,"column":9},"end":{"line":15,"column":24}},"loc":{"start":{"line":15,"column":48},"end":{"line":15,"column":153}},"line":15},"5":{"name":"(anonymous_5)","decl":{"start":{"line":17,"column":24},"end":{"line":17,"column":25}},"loc":{"start":{"line":17,"column":36},"end":{"line":91,"column":1}},"line":17},"6":{"name":"AccountValidation","decl":{"start":{"line":18,"column":13},"end":{"line":18,"column":30}},"loc":{"start":{"line":18,"column":33},"end":{"line":20,"column":5}},"line":18},"7":{"name":"createAccountValidation","decl":{"start":{"line":24,"column":24},"end":{"line":24,"column":47}},"loc":{"start":{"line":24,"column":64},"end":{"line":43,"column":9}},"line":24},"8":{"name":"validateAccountNumber","decl":{"start":{"line":46,"column":24},"end":{"line":46,"column":45}},"loc":{"start":{"line":46,"column":62},"end":{"line":65,"column":9}},"line":46},"9":{"name":"validateEmail","decl":{"start":{"line":68,"column":24},"end":{"line":68,"column":37}},"loc":{"start":{"line":68,"column":54},"end":{"line":87,"column":9}},"line":68}},"branchMap":{"0":{"loc":{"start":{"line":7,"column":168},"end":{"line":7,"column":198}},"type":"binary-expr","locations":[{"start":{"line":7,"column":168},"end":{"line":7,"column":189}},{"start":{"line":7,"column":193},"end":{"line":7,"column":198}}],"line":7},"1":{"loc":{"start":{"line":7,"column":232},"end":{"line":7,"column":286}},"type":"if","locations":[{"start":{"line":7,"column":232},"end":{"line":7,"column":286}},{"start":{"line":7,"column":232},"end":{"line":7,"column":286}}],"line":7},"2":{"loc":{"start":{"line":7,"column":407},"end":{"line":7,"column":475}},"type":"if","locations":[{"start":{"line":7,"column":407},"end":{"line":7,"column":475}},{"start":{"line":7,"column":407},"end":{"line":7,"column":475}}],"line":7},"3":{"loc":{"start":{"line":7,"column":476},"end":{"line":7,"column":536}},"type":"if","locations":[{"start":{"line":7,"column":476},"end":{"line":7,"column":536}},{"start":{"line":7,"column":476},"end":{"line":7,"column":536}}],"line":7},"4":{"loc":{"start":{"line":13,"column":46},"end":{"line":13,"column":92}},"type":"cond-expr","locations":[{"start":{"line":13,"column":70},"end":{"line":13,"column":73}},{"start":{"line":13,"column":76},"end":{"line":13,"column":92}}],"line":13},"5":{"loc":{"start":{"line":13,"column":46},"end":{"line":13,"column":67}},"type":"binary-expr","locations":[{"start":{"line":13,"column":46},"end":{"line":13,"column":49}},{"start":{"line":13,"column":53},"end":{"line":13,"column":67}}],"line":13},"6":{"loc":{"start":{"line":15,"column":50},"end":{"line":15,"column":151}},"type":"if","locations":[{"start":{"line":15,"column":50},"end":{"line":15,"column":151}},{"start":{"line":15,"column":50},"end":{"line":15,"column":151}}],"line":15},"7":{"loc":{"start":{"line":33,"column":12},"end":{"line":42,"column":13}},"type":"if","locations":[{"start":{"line":33,"column":12},"end":{"line":42,"column":13}},{"start":{"line":33,"column":12},"end":{"line":42,"column":13}}],"line":33},"8":{"loc":{"start":{"line":55,"column":12},"end":{"line":64,"column":13}},"type":"if","locations":[{"start":{"line":55,"column":12},"end":{"line":64,"column":13}},{"start":{"line":55,"column":12},"end":{"line":64,"column":13}}],"line":55},"9":{"loc":{"start":{"line":77,"column":12},"end":{"line":86,"column":13}},"type":"if","locations":[{"start":{"line":77,"column":12},"end":{"line":86,"column":13}},{"start":{"line":77,"column":12},"end":{"line":86,"column":13}}],"line":77}},"s":{"0":1,"1":1,"2":1,"3":1,"4":3,"5":3,"6":3,"7":3,"8":3,"9":3,"10":1,"11":1,"12":1,"13":1,"14":0,"15":1,"16":1,"17":1,"18":1,"19":1,"20":0,"21":1,"22":1,"23":1,"24":2,"25":2,"26":2,"27":2,"28":2,"29":0,"30":10,"31":10,"32":10,"33":10,"34":10,"35":0,"36":2,"37":2,"38":2,"39":2,"40":1,"41":1,"42":1,"43":1,"44":1},"f":{"0":1,"1":1,"2":1,"3":1,"4":1,"5":1,"6":1,"7":2,"8":10,"9":2},"b":{"0":[3,3],"1":[3,0],"2":[1,0],"3":[0,1],"4":[0,1],"5":[1,1],"6":[0,1],"7":[2,0],"8":[10,0],"9":[1,1]},"_coverageSchema":"43e27e138ebf9cfc5966b082cf9a028302ed4184","hash":"6e3456a9f0bc12fd5df21ef433e3282114bea919","contentHash":"4d0c653e52c33aca15f87b501d0ae83a2d9fb98f2a1fa4bfb9bfdc382cfbb540"}}